[Data] X shape=(500, 22), #classes=116
[Split] Train=347, Val=98, Test=55
[FT init] loaded 52 keys from backbone, skipped 4
[Note] use_cosine_head enabled -> forcing label_smoothing=0.0
[blocks] mean| HLA=0.1172
[Epoch 001] train_loss=10.6645  val_loss=4.6515  ACC=0.061  F1m=0.021  Top5=0.286  Top1=0.061
[Checkpoint] New best ACC=0.0612 at epoch 1. Saved to: /users/PAS2177/liu9756/DualChain-SelfAg_prediction/results/finetune_results/best_acc.pt
[Epoch 002] train_loss=10.1821  val_loss=4.6484  ACC=0.061  F1m=0.020  Top5=0.286  Top1=0.061
[Epoch 003] train_loss=9.5295  val_loss=4.6412  ACC=0.061  F1m=0.020  Top5=0.296  Top1=0.061
[Epoch 004] train_loss=9.0848  val_loss=4.6293  ACC=0.061  F1m=0.020  Top5=0.296  Top1=0.061
[Epoch 005] train_loss=8.7277  val_loss=4.6139  ACC=0.061  F1m=0.020  Top5=0.296  Top1=0.061
[Epoch 006] train_loss=8.4288  val_loss=4.5961  ACC=0.061  F1m=0.020  Top5=0.296  Top1=0.061
[Epoch 007] train_loss=8.1503  val_loss=4.5761  ACC=0.061  F1m=0.020  Top5=0.327  Top1=0.061
[Epoch 008] train_loss=7.9372  val_loss=4.5542  ACC=0.071  F1m=0.022  Top5=0.347  Top1=0.071
[Checkpoint] New best ACC=0.0714 at epoch 8. Saved to: /users/PAS2177/liu9756/DualChain-SelfAg_prediction/results/finetune_results/best_acc.pt
[Epoch 009] train_loss=7.6794  val_loss=4.5312  ACC=0.071  F1m=0.022  Top5=0.347  Top1=0.071
[Epoch 010] train_loss=7.4708  val_loss=4.5077  ACC=0.082  F1m=0.027  Top5=0.347  Top1=0.082
[Checkpoint] New best ACC=0.0816 at epoch 10. Saved to: /users/PAS2177/liu9756/DualChain-SelfAg_prediction/results/finetune_results/best_acc.pt
[Epoch 011] train_loss=7.2098  val_loss=4.4828  ACC=0.082  F1m=0.027  Top5=0.347  Top1=0.082
[Epoch 012] train_loss=6.9961  val_loss=4.4575  ACC=0.082  F1m=0.028  Top5=0.367  Top1=0.082
[Epoch 013] train_loss=6.8036  val_loss=4.4322  ACC=0.082  F1m=0.028  Top5=0.367  Top1=0.082
[Epoch 014] train_loss=6.5777  val_loss=4.4063  ACC=0.082  F1m=0.028  Top5=0.378  Top1=0.082
[Epoch 015] train_loss=6.3220  val_loss=4.3798  ACC=0.082  F1m=0.028  Top5=0.378  Top1=0.082
[Epoch 016] train_loss=6.1043  val_loss=4.3538  ACC=0.082  F1m=0.028  Top5=0.388  Top1=0.082
[Epoch 017] train_loss=5.8871  val_loss=4.3272  ACC=0.082  F1m=0.028  Top5=0.388  Top1=0.082
[Epoch 018] train_loss=5.6558  val_loss=4.3003  ACC=0.082  F1m=0.028  Top5=0.388  Top1=0.082
[Epoch 019] train_loss=5.4364  val_loss=4.2737  ACC=0.082  F1m=0.028  Top5=0.398  Top1=0.082
[Epoch 020] train_loss=5.2695  val_loss=4.2472  ACC=0.082  F1m=0.028  Top5=0.398  Top1=0.082
[Epoch 021] train_loss=5.0782  val_loss=4.2207  ACC=0.082  F1m=0.028  Top5=0.398  Top1=0.082
[Epoch 022] train_loss=4.9377  val_loss=4.1942  ACC=0.092  F1m=0.029  Top5=0.408  Top1=0.092
[Checkpoint] New best ACC=0.0918 at epoch 22. Saved to: /users/PAS2177/liu9756/DualChain-SelfAg_prediction/results/finetune_results/best_acc.pt
[Epoch 023] train_loss=4.7502  val_loss=4.1679  ACC=0.092  F1m=0.029  Top5=0.418  Top1=0.092
[Epoch 024] train_loss=4.6003  val_loss=4.1420  ACC=0.102  F1m=0.030  Top5=0.418  Top1=0.102
[Checkpoint] New best ACC=0.1020 at epoch 24. Saved to: /users/PAS2177/liu9756/DualChain-SelfAg_prediction/results/finetune_results/best_acc.pt
[Epoch 025] train_loss=4.4195  val_loss=4.1165  ACC=0.102  F1m=0.030  Top5=0.418  Top1=0.102
[Epoch 026] train_loss=4.2830  val_loss=4.0915  ACC=0.102  F1m=0.030  Top5=0.418  Top1=0.102
[Epoch 027] train_loss=4.1285  val_loss=4.0663  ACC=0.102  F1m=0.030  Top5=0.418  Top1=0.102
[Epoch 028] train_loss=4.0262  val_loss=4.0411  ACC=0.112  F1m=0.031  Top5=0.418  Top1=0.112
[Checkpoint] New best ACC=0.1122 at epoch 28. Saved to: /users/PAS2177/liu9756/DualChain-SelfAg_prediction/results/finetune_results/best_acc.pt
[Epoch 029] train_loss=3.9251  val_loss=4.0160  ACC=0.112  F1m=0.031  Top5=0.429  Top1=0.112
[Epoch 030] train_loss=3.7946  val_loss=3.9920  ACC=0.112  F1m=0.031  Top5=0.439  Top1=0.112
[Epoch 031] train_loss=3.7132  val_loss=3.9683  ACC=0.122  F1m=0.037  Top5=0.439  Top1=0.122
[Checkpoint] New best ACC=0.1224 at epoch 31. Saved to: /users/PAS2177/liu9756/DualChain-SelfAg_prediction/results/finetune_results/best_acc.pt
[Epoch 032] train_loss=3.6261  val_loss=3.9451  ACC=0.122  F1m=0.037  Top5=0.439  Top1=0.122
[Epoch 033] train_loss=3.5410  val_loss=3.9220  ACC=0.133  F1m=0.044  Top5=0.439  Top1=0.133
[Checkpoint] New best ACC=0.1327 at epoch 33. Saved to: /users/PAS2177/liu9756/DualChain-SelfAg_prediction/results/finetune_results/best_acc.pt
[Epoch 034] train_loss=3.4729  val_loss=3.8992  ACC=0.133  F1m=0.044  Top5=0.439  Top1=0.133
[Epoch 035] train_loss=3.4016  val_loss=3.8765  ACC=0.133  F1m=0.044  Top5=0.459  Top1=0.133
[Epoch 036] train_loss=3.3500  val_loss=3.8543  ACC=0.133  F1m=0.044  Top5=0.469  Top1=0.133
[Epoch 037] train_loss=3.2906  val_loss=3.8328  ACC=0.133  F1m=0.044  Top5=0.469  Top1=0.133
[Epoch 038] train_loss=3.2450  val_loss=3.8121  ACC=0.133  F1m=0.044  Top5=0.459  Top1=0.133
[Epoch 039] train_loss=3.1955  val_loss=3.7916  ACC=0.122  F1m=0.042  Top5=0.459  Top1=0.122
[Epoch 040] train_loss=3.1535  val_loss=3.7713  ACC=0.122  F1m=0.042  Top5=0.459  Top1=0.122
[Epoch 041] train_loss=3.1237  val_loss=3.7515  ACC=0.122  F1m=0.042  Top5=0.459  Top1=0.122
[Epoch 042] train_loss=3.1300  val_loss=3.7324  ACC=0.122  F1m=0.042  Top5=0.480  Top1=0.122
[Epoch 043] train_loss=3.0816  val_loss=3.7137  ACC=0.122  F1m=0.042  Top5=0.469  Top1=0.122
[Epoch 044] train_loss=3.0540  val_loss=3.6948  ACC=0.122  F1m=0.042  Top5=0.469  Top1=0.122
[Epoch 045] train_loss=3.0171  val_loss=3.6769  ACC=0.122  F1m=0.042  Top5=0.469  Top1=0.122
[Epoch 046] train_loss=3.0030  val_loss=3.6593  ACC=0.122  F1m=0.042  Top5=0.469  Top1=0.122
[Epoch 047] train_loss=3.0058  val_loss=3.6423  ACC=0.143  F1m=0.047  Top5=0.469  Top1=0.143
[Checkpoint] New best ACC=0.1429 at epoch 47. Saved to: /users/PAS2177/liu9756/DualChain-SelfAg_prediction/results/finetune_results/best_acc.pt
[Epoch 048] train_loss=2.9858  val_loss=3.6253  ACC=0.153  F1m=0.050  Top5=0.469  Top1=0.153
[Checkpoint] New best ACC=0.1531 at epoch 48. Saved to: /users/PAS2177/liu9756/DualChain-SelfAg_prediction/results/finetune_results/best_acc.pt
[Epoch 049] train_loss=2.9521  val_loss=3.6087  ACC=0.153  F1m=0.050  Top5=0.469  Top1=0.153
[Epoch 050] train_loss=2.9497  val_loss=3.5929  ACC=0.153  F1m=0.050  Top5=0.469  Top1=0.153
[Epoch 051] train_loss=2.9499  val_loss=3.5770  ACC=0.153  F1m=0.050  Top5=0.480  Top1=0.153
[Epoch 052] train_loss=2.9457  val_loss=3.5614  ACC=0.153  F1m=0.050  Top5=0.480  Top1=0.153
[Epoch 053] train_loss=2.9161  val_loss=3.5461  ACC=0.153  F1m=0.050  Top5=0.480  Top1=0.153
[Epoch 054] train_loss=2.9234  val_loss=3.5307  ACC=0.153  F1m=0.049  Top5=0.480  Top1=0.153
[Epoch 055] train_loss=2.9019  val_loss=3.5162  ACC=0.163  F1m=0.054  Top5=0.490  Top1=0.163
[Checkpoint] New best ACC=0.1633 at epoch 55. Saved to: /users/PAS2177/liu9756/DualChain-SelfAg_prediction/results/finetune_results/best_acc.pt
[Epoch 056] train_loss=2.9063  val_loss=3.5024  ACC=0.163  F1m=0.054  Top5=0.480  Top1=0.163
[Epoch 057] train_loss=2.8996  val_loss=3.4885  ACC=0.163  F1m=0.054  Top5=0.480  Top1=0.163
[Epoch 058] train_loss=2.8966  val_loss=3.4752  ACC=0.163  F1m=0.053  Top5=0.480  Top1=0.163
[Epoch 059] train_loss=2.8940  val_loss=3.4621  ACC=0.163  F1m=0.053  Top5=0.480  Top1=0.163
[Epoch 060] train_loss=2.8949  val_loss=3.4491  ACC=0.163  F1m=0.053  Top5=0.480  Top1=0.163
[Epoch 061] train_loss=2.9037  val_loss=3.4368  ACC=0.163  F1m=0.053  Top5=0.480  Top1=0.163
[Epoch 062] train_loss=2.8972  val_loss=3.4249  ACC=0.163  F1m=0.053  Top5=0.480  Top1=0.163
[Epoch 063] train_loss=2.8846  val_loss=3.4132  ACC=0.163  F1m=0.053  Top5=0.480  Top1=0.163
[Epoch 064] train_loss=2.8821  val_loss=3.4017  ACC=0.153  F1m=0.052  Top5=0.480  Top1=0.153
[Epoch 065] train_loss=2.8607  val_loss=3.3908  ACC=0.153  F1m=0.052  Top5=0.480  Top1=0.153
[Epoch 066] train_loss=2.8676  val_loss=3.3796  ACC=0.153  F1m=0.052  Top5=0.480  Top1=0.153
[Epoch 067] train_loss=2.8772  val_loss=3.3693  ACC=0.153  F1m=0.052  Top5=0.480  Top1=0.153
[Epoch 068] train_loss=2.8744  val_loss=3.3594  ACC=0.153  F1m=0.052  Top5=0.480  Top1=0.153
[Epoch 069] train_loss=2.8745  val_loss=3.3496  ACC=0.153  F1m=0.052  Top5=0.490  Top1=0.153
[Epoch 070] train_loss=2.8755  val_loss=3.3404  ACC=0.153  F1m=0.052  Top5=0.490  Top1=0.153
[Epoch 071] train_loss=2.8730  val_loss=3.3315  ACC=0.153  F1m=0.052  Top5=0.500  Top1=0.153
[Epoch 072] train_loss=2.8726  val_loss=3.3227  ACC=0.153  F1m=0.052  Top5=0.500  Top1=0.153
[Epoch 073] train_loss=2.8612  val_loss=3.3143  ACC=0.153  F1m=0.052  Top5=0.500  Top1=0.153
[Epoch 074] train_loss=2.8605  val_loss=3.3065  ACC=0.153  F1m=0.052  Top5=0.500  Top1=0.153
[Epoch 075] train_loss=2.8666  val_loss=3.2990  ACC=0.153  F1m=0.052  Top5=0.500  Top1=0.153
[Epoch 076] train_loss=2.8599  val_loss=3.2919  ACC=0.163  F1m=0.053  Top5=0.500  Top1=0.163
[Epoch 077] train_loss=2.8629  val_loss=3.2852  ACC=0.173  F1m=0.055  Top5=0.510  Top1=0.173
[Checkpoint] New best ACC=0.1735 at epoch 77. Saved to: /users/PAS2177/liu9756/DualChain-SelfAg_prediction/results/finetune_results/best_acc.pt
[Epoch 078] train_loss=2.8541  val_loss=3.2789  ACC=0.194  F1m=0.057  Top5=0.510  Top1=0.194
[Checkpoint] New best ACC=0.1939 at epoch 78. Saved to: /users/PAS2177/liu9756/DualChain-SelfAg_prediction/results/finetune_results/best_acc.pt
[Epoch 079] train_loss=2.8621  val_loss=3.2732  ACC=0.194  F1m=0.057  Top5=0.510  Top1=0.194
[Epoch 080] train_loss=2.8613  val_loss=3.2676  ACC=0.204  F1m=0.058  Top5=0.510  Top1=0.204
[Checkpoint] New best ACC=0.2041 at epoch 80. Saved to: /users/PAS2177/liu9756/DualChain-SelfAg_prediction/results/finetune_results/best_acc.pt
[Epoch 081] train_loss=2.8552  val_loss=3.2626  ACC=0.204  F1m=0.057  Top5=0.510  Top1=0.204
[Epoch 082] train_loss=2.8485  val_loss=3.2581  ACC=0.204  F1m=0.057  Top5=0.510  Top1=0.204
[Epoch 083] train_loss=2.8468  val_loss=3.2537  ACC=0.214  F1m=0.062  Top5=0.510  Top1=0.214
[Checkpoint] New best ACC=0.2143 at epoch 83. Saved to: /users/PAS2177/liu9756/DualChain-SelfAg_prediction/results/finetune_results/best_acc.pt
[Epoch 084] train_loss=2.8631  val_loss=3.2495  ACC=0.224  F1m=0.068  Top5=0.510  Top1=0.224
[Checkpoint] New best ACC=0.2245 at epoch 84. Saved to: /users/PAS2177/liu9756/DualChain-SelfAg_prediction/results/finetune_results/best_acc.pt
[Epoch 085] train_loss=2.8531  val_loss=3.2458  ACC=0.235  F1m=0.068  Top5=0.510  Top1=0.235
[Checkpoint] New best ACC=0.2347 at epoch 85. Saved to: /users/PAS2177/liu9756/DualChain-SelfAg_prediction/results/finetune_results/best_acc.pt
[Epoch 086] train_loss=2.8481  val_loss=3.2424  ACC=0.235  F1m=0.068  Top5=0.510  Top1=0.235
[Epoch 087] train_loss=2.8544  val_loss=3.2397  ACC=0.245  F1m=0.075  Top5=0.510  Top1=0.245
[Checkpoint] New best ACC=0.2449 at epoch 87. Saved to: /users/PAS2177/liu9756/DualChain-SelfAg_prediction/results/finetune_results/best_acc.pt
[Epoch 088] train_loss=2.8520  val_loss=3.2371  ACC=0.245  F1m=0.075  Top5=0.510  Top1=0.245
[Epoch 089] train_loss=2.8563  val_loss=3.2351  ACC=0.255  F1m=0.077  Top5=0.520  Top1=0.255
[Checkpoint] New best ACC=0.2551 at epoch 89. Saved to: /users/PAS2177/liu9756/DualChain-SelfAg_prediction/results/finetune_results/best_acc.pt
[Epoch 090] train_loss=2.8646  val_loss=3.2334  ACC=0.255  F1m=0.077  Top5=0.520  Top1=0.255
[Epoch 091] train_loss=2.8591  val_loss=3.2317  ACC=0.255  F1m=0.077  Top5=0.520  Top1=0.255
[Epoch 092] train_loss=2.8524  val_loss=3.2304  ACC=0.255  F1m=0.077  Top5=0.520  Top1=0.255
[Epoch 093] train_loss=2.8488  val_loss=3.2296  ACC=0.255  F1m=0.077  Top5=0.520  Top1=0.255
[Epoch 094] train_loss=2.8470  val_loss=3.2290  ACC=0.255  F1m=0.077  Top5=0.520  Top1=0.255
[Epoch 095] train_loss=2.8484  val_loss=3.2289  ACC=0.265  F1m=0.077  Top5=0.531  Top1=0.265
[Checkpoint] New best ACC=0.2653 at epoch 95. Saved to: /users/PAS2177/liu9756/DualChain-SelfAg_prediction/results/finetune_results/best_acc.pt
[Epoch 096] train_loss=2.8479  val_loss=3.2290  ACC=0.276  F1m=0.078  Top5=0.531  Top1=0.276
[Checkpoint] New best ACC=0.2755 at epoch 96. Saved to: /users/PAS2177/liu9756/DualChain-SelfAg_prediction/results/finetune_results/best_acc.pt
[Epoch 097] train_loss=2.8467  val_loss=3.2294  ACC=0.286  F1m=0.080  Top5=0.531  Top1=0.286
[Checkpoint] New best ACC=0.2857 at epoch 97. Saved to: /users/PAS2177/liu9756/DualChain-SelfAg_prediction/results/finetune_results/best_acc.pt
[Epoch 098] train_loss=2.8371  val_loss=3.2306  ACC=0.286  F1m=0.079  Top5=0.541  Top1=0.286
[Epoch 099] train_loss=2.8379  val_loss=3.2319  ACC=0.296  F1m=0.080  Top5=0.541  Top1=0.296
[Checkpoint] New best ACC=0.2959 at epoch 99. Saved to: /users/PAS2177/liu9756/DualChain-SelfAg_prediction/results/finetune_results/best_acc.pt
[Epoch 100] train_loss=2.8419  val_loss=3.2335  ACC=0.296  F1m=0.080  Top5=0.541  Top1=0.296
[Epoch 101] train_loss=2.8500  val_loss=3.2354  ACC=0.296  F1m=0.080  Top5=0.541  Top1=0.296
[Epoch 102] train_loss=2.8337  val_loss=3.2374  ACC=0.296  F1m=0.080  Top5=0.541  Top1=0.296
[Epoch 103] train_loss=2.8481  val_loss=3.2401  ACC=0.296  F1m=0.080  Top5=0.541  Top1=0.296
[Epoch 104] train_loss=2.8469  val_loss=3.2428  ACC=0.296  F1m=0.080  Top5=0.541  Top1=0.296
[Epoch 105] train_loss=2.8495  val_loss=3.2454  ACC=0.296  F1m=0.080  Top5=0.551  Top1=0.296
[Epoch 106] train_loss=2.8419  val_loss=3.2484  ACC=0.296  F1m=0.080  Top5=0.551  Top1=0.296
[Epoch 107] train_loss=2.8520  val_loss=3.2515  ACC=0.296  F1m=0.080  Top5=0.551  Top1=0.296
[Epoch 108] train_loss=2.8466  val_loss=3.2553  ACC=0.296  F1m=0.080  Top5=0.551  Top1=0.296
[Epoch 109] train_loss=2.8426  val_loss=3.2587  ACC=0.296  F1m=0.080  Top5=0.551  Top1=0.296
[Epoch 110] train_loss=2.8422  val_loss=3.2624  ACC=0.296  F1m=0.080  Top5=0.551  Top1=0.296
[Epoch 111] train_loss=2.8389  val_loss=3.2661  ACC=0.296  F1m=0.080  Top5=0.551  Top1=0.296
[Epoch 112] train_loss=2.8400  val_loss=3.2702  ACC=0.296  F1m=0.080  Top5=0.551  Top1=0.296
[Epoch 113] train_loss=2.8403  val_loss=3.2745  ACC=0.296  F1m=0.080  Top5=0.551  Top1=0.296
[Epoch 114] train_loss=2.8473  val_loss=3.2786  ACC=0.296  F1m=0.080  Top5=0.561  Top1=0.296
[Epoch 115] train_loss=2.8405  val_loss=3.2831  ACC=0.296  F1m=0.080  Top5=0.571  Top1=0.296
[Epoch 116] train_loss=2.8358  val_loss=3.2880  ACC=0.296  F1m=0.080  Top5=0.571  Top1=0.296
[Epoch 117] train_loss=2.8363  val_loss=3.2929  ACC=0.296  F1m=0.080  Top5=0.571  Top1=0.296
[Epoch 118] train_loss=2.8327  val_loss=3.2982  ACC=0.296  F1m=0.080  Top5=0.571  Top1=0.296
[Epoch 119] train_loss=2.8385  val_loss=3.3035  ACC=0.296  F1m=0.080  Top5=0.582  Top1=0.296
[Epoch 120] train_loss=2.8466  val_loss=3.3087  ACC=0.296  F1m=0.080  Top5=0.582  Top1=0.296
[Epoch 121] train_loss=2.8415  val_loss=3.3143  ACC=0.296  F1m=0.080  Top5=0.582  Top1=0.296
[Epoch 122] train_loss=2.8345  val_loss=3.3203  ACC=0.296  F1m=0.080  Top5=0.582  Top1=0.296
[Epoch 123] train_loss=2.8277  val_loss=3.3260  ACC=0.296  F1m=0.080  Top5=0.582  Top1=0.296
[Epoch 124] train_loss=2.8302  val_loss=3.3321  ACC=0.286  F1m=0.077  Top5=0.582  Top1=0.286
[Epoch 125] train_loss=2.8400  val_loss=3.3382  ACC=0.286  F1m=0.077  Top5=0.582  Top1=0.286
[Epoch 126] train_loss=2.8395  val_loss=3.3438  ACC=0.286  F1m=0.077  Top5=0.582  Top1=0.286
[Epoch 127] train_loss=2.8311  val_loss=3.3498  ACC=0.286  F1m=0.077  Top5=0.582  Top1=0.286
[Epoch 128] train_loss=2.8424  val_loss=3.3558  ACC=0.286  F1m=0.077  Top5=0.582  Top1=0.286
[Epoch 129] train_loss=2.8396  val_loss=3.3621  ACC=0.296  F1m=0.079  Top5=0.582  Top1=0.296
[Epoch 130] train_loss=2.8303  val_loss=3.3689  ACC=0.296  F1m=0.079  Top5=0.582  Top1=0.296
[Epoch 131] train_loss=2.8396  val_loss=3.3752  ACC=0.296  F1m=0.079  Top5=0.582  Top1=0.296
[Epoch 132] train_loss=2.8312  val_loss=3.3819  ACC=0.296  F1m=0.079  Top5=0.582  Top1=0.296
[Epoch 133] train_loss=2.8351  val_loss=3.3881  ACC=0.296  F1m=0.079  Top5=0.582  Top1=0.296
[Epoch 134] train_loss=2.8379  val_loss=3.3945  ACC=0.296  F1m=0.079  Top5=0.582  Top1=0.296
[Epoch 135] train_loss=2.8346  val_loss=3.4010  ACC=0.296  F1m=0.079  Top5=0.582  Top1=0.296
[Epoch 136] train_loss=2.8273  val_loss=3.4078  ACC=0.296  F1m=0.079  Top5=0.582  Top1=0.296
[Epoch 137] train_loss=2.8268  val_loss=3.4146  ACC=0.296  F1m=0.079  Top5=0.582  Top1=0.296
[Epoch 138] train_loss=2.8354  val_loss=3.4215  ACC=0.296  F1m=0.079  Top5=0.582  Top1=0.296
[Epoch 139] train_loss=2.8351  val_loss=3.4284  ACC=0.296  F1m=0.079  Top5=0.582  Top1=0.296
[Epoch 140] train_loss=2.8300  val_loss=3.4359  ACC=0.296  F1m=0.079  Top5=0.582  Top1=0.296
[Epoch 141] train_loss=2.8303  val_loss=3.4428  ACC=0.296  F1m=0.079  Top5=0.582  Top1=0.296
[Epoch 142] train_loss=2.8333  val_loss=3.4498  ACC=0.296  F1m=0.079  Top5=0.592  Top1=0.296
[Epoch 143] train_loss=2.8273  val_loss=3.4567  ACC=0.296  F1m=0.079  Top5=0.592  Top1=0.296
[Epoch 144] train_loss=2.8256  val_loss=3.4640  ACC=0.306  F1m=0.081  Top5=0.592  Top1=0.306
[Checkpoint] New best ACC=0.3061 at epoch 144. Saved to: /users/PAS2177/liu9756/DualChain-SelfAg_prediction/results/finetune_results/best_acc.pt
[Epoch 145] train_loss=2.8321  val_loss=3.4710  ACC=0.306  F1m=0.081  Top5=0.592  Top1=0.306
[Epoch 146] train_loss=2.8275  val_loss=3.4785  ACC=0.306  F1m=0.081  Top5=0.592  Top1=0.306
[Epoch 147] train_loss=2.8327  val_loss=3.4856  ACC=0.306  F1m=0.081  Top5=0.592  Top1=0.306
[Epoch 148] train_loss=2.8331  val_loss=3.4929  ACC=0.306  F1m=0.082  Top5=0.592  Top1=0.306
[Epoch 149] train_loss=2.8410  val_loss=3.5002  ACC=0.306  F1m=0.082  Top5=0.592  Top1=0.306
[Epoch 150] train_loss=2.8372  val_loss=3.5073  ACC=0.306  F1m=0.082  Top5=0.592  Top1=0.306
[Epoch 151] train_loss=2.8328  val_loss=3.5141  ACC=0.306  F1m=0.082  Top5=0.592  Top1=0.306
[Epoch 152] train_loss=2.8278  val_loss=3.5211  ACC=0.306  F1m=0.082  Top5=0.592  Top1=0.306
[Epoch 153] train_loss=2.8271  val_loss=3.5287  ACC=0.306  F1m=0.082  Top5=0.592  Top1=0.306
[Epoch 154] train_loss=2.8309  val_loss=3.5366  ACC=0.306  F1m=0.082  Top5=0.592  Top1=0.306
[Epoch 155] train_loss=2.8287  val_loss=3.5441  ACC=0.306  F1m=0.082  Top5=0.592  Top1=0.306
[Epoch 156] train_loss=2.8342  val_loss=3.5512  ACC=0.306  F1m=0.082  Top5=0.592  Top1=0.306
[Epoch 157] train_loss=2.8291  val_loss=3.5588  ACC=0.306  F1m=0.082  Top5=0.592  Top1=0.306
[Epoch 158] train_loss=2.8310  val_loss=3.5662  ACC=0.306  F1m=0.082  Top5=0.592  Top1=0.306
[Epoch 159] train_loss=2.8331  val_loss=3.5735  ACC=0.306  F1m=0.082  Top5=0.592  Top1=0.306
[Epoch 160] train_loss=2.8252  val_loss=3.5809  ACC=0.306  F1m=0.082  Top5=0.592  Top1=0.306
[Epoch 161] train_loss=2.8251  val_loss=3.5883  ACC=0.306  F1m=0.082  Top5=0.592  Top1=0.306
[Epoch 162] train_loss=2.8201  val_loss=3.5958  ACC=0.306  F1m=0.082  Top5=0.592  Top1=0.306
[Epoch 163] train_loss=2.8220  val_loss=3.6034  ACC=0.306  F1m=0.082  Top5=0.592  Top1=0.306
[Epoch 164] train_loss=2.8281  val_loss=3.6107  ACC=0.306  F1m=0.082  Top5=0.592  Top1=0.306
[Epoch 165] train_loss=2.8332  val_loss=3.6179  ACC=0.306  F1m=0.082  Top5=0.592  Top1=0.306
[Epoch 166] train_loss=2.8289  val_loss=3.6253  ACC=0.316  F1m=0.083  Top5=0.592  Top1=0.316
[Checkpoint] New best ACC=0.3163 at epoch 166. Saved to: /users/PAS2177/liu9756/DualChain-SelfAg_prediction/results/finetune_results/best_acc.pt
[Epoch 167] train_loss=2.8309  val_loss=3.6327  ACC=0.316  F1m=0.083  Top5=0.592  Top1=0.316
[Epoch 168] train_loss=2.8297  val_loss=3.6403  ACC=0.316  F1m=0.083  Top5=0.592  Top1=0.316
[Epoch 169] train_loss=2.8261  val_loss=3.6477  ACC=0.316  F1m=0.083  Top5=0.592  Top1=0.316
[Epoch 170] train_loss=2.8352  val_loss=3.6547  ACC=0.327  F1m=0.102  Top5=0.592  Top1=0.327
[Checkpoint] New best ACC=0.3265 at epoch 170. Saved to: /users/PAS2177/liu9756/DualChain-SelfAg_prediction/results/finetune_results/best_acc.pt
[Epoch 171] train_loss=2.8264  val_loss=3.6619  ACC=0.327  F1m=0.102  Top5=0.592  Top1=0.327
[Epoch 172] train_loss=2.8230  val_loss=3.6692  ACC=0.327  F1m=0.102  Top5=0.592  Top1=0.327
[Epoch 173] train_loss=2.8271  val_loss=3.6765  ACC=0.327  F1m=0.102  Top5=0.592  Top1=0.327
[Epoch 174] train_loss=2.8252  val_loss=3.6840  ACC=0.327  F1m=0.102  Top5=0.602  Top1=0.327
[Epoch 175] train_loss=2.8260  val_loss=3.6913  ACC=0.327  F1m=0.101  Top5=0.602  Top1=0.327
[Epoch 176] train_loss=2.8186  val_loss=3.6987  ACC=0.327  F1m=0.101  Top5=0.602  Top1=0.327
[Epoch 177] train_loss=2.8201  val_loss=3.7063  ACC=0.327  F1m=0.101  Top5=0.602  Top1=0.327
[Epoch 178] train_loss=2.8182  val_loss=3.7135  ACC=0.337  F1m=0.102  Top5=0.602  Top1=0.337
[Checkpoint] New best ACC=0.3367 at epoch 178. Saved to: /users/PAS2177/liu9756/DualChain-SelfAg_prediction/results/finetune_results/best_acc.pt
[Epoch 179] train_loss=2.8244  val_loss=3.7214  ACC=0.337  F1m=0.102  Top5=0.602  Top1=0.337
[Epoch 180] train_loss=2.8260  val_loss=3.7291  ACC=0.337  F1m=0.102  Top5=0.602  Top1=0.337
[Epoch 181] train_loss=2.8276  val_loss=3.7369  ACC=0.337  F1m=0.102  Top5=0.602  Top1=0.337
[Epoch 182] train_loss=2.8264  val_loss=3.7445  ACC=0.337  F1m=0.102  Top5=0.602  Top1=0.337
[Epoch 183] train_loss=2.8230  val_loss=3.7523  ACC=0.347  F1m=0.105  Top5=0.602  Top1=0.347
[Checkpoint] New best ACC=0.3469 at epoch 183. Saved to: /users/PAS2177/liu9756/DualChain-SelfAg_prediction/results/finetune_results/best_acc.pt
[Epoch 184] train_loss=2.8203  val_loss=3.7600  ACC=0.347  F1m=0.105  Top5=0.602  Top1=0.347
[Epoch 185] train_loss=2.8243  val_loss=3.7676  ACC=0.347  F1m=0.105  Top5=0.602  Top1=0.347
[Epoch 186] train_loss=2.8185  val_loss=3.7753  ACC=0.347  F1m=0.105  Top5=0.602  Top1=0.347
[Epoch 187] train_loss=2.8263  val_loss=3.7829  ACC=0.347  F1m=0.105  Top5=0.602  Top1=0.347
[Epoch 188] train_loss=2.8302  val_loss=3.7904  ACC=0.347  F1m=0.105  Top5=0.602  Top1=0.347
[Epoch 189] train_loss=2.8174  val_loss=3.7979  ACC=0.347  F1m=0.105  Top5=0.602  Top1=0.347
[Epoch 190] train_loss=2.8208  val_loss=3.8053  ACC=0.347  F1m=0.105  Top5=0.602  Top1=0.347
[Epoch 191] train_loss=2.8195  val_loss=3.8131  ACC=0.347  F1m=0.105  Top5=0.602  Top1=0.347
[Epoch 192] train_loss=2.8162  val_loss=3.8205  ACC=0.347  F1m=0.105  Top5=0.602  Top1=0.347
[Epoch 193] train_loss=2.8232  val_loss=3.8282  ACC=0.347  F1m=0.105  Top5=0.602  Top1=0.347
[Epoch 194] train_loss=2.8224  val_loss=3.8356  ACC=0.347  F1m=0.105  Top5=0.602  Top1=0.347
[Epoch 195] train_loss=2.8182  val_loss=3.8429  ACC=0.347  F1m=0.105  Top5=0.602  Top1=0.347
[Epoch 196] train_loss=2.8168  val_loss=3.8500  ACC=0.347  F1m=0.105  Top5=0.602  Top1=0.347
[Epoch 197] train_loss=2.8194  val_loss=3.8574  ACC=0.347  F1m=0.105  Top5=0.602  Top1=0.347
[Epoch 198] train_loss=2.8186  val_loss=3.8648  ACC=0.347  F1m=0.105  Top5=0.602  Top1=0.347
[Epoch 199] train_loss=2.8198  val_loss=3.8726  ACC=0.347  F1m=0.105  Top5=0.602  Top1=0.347
[Epoch 200] train_loss=2.8171  val_loss=3.8799  ACC=0.347  F1m=0.105  Top5=0.602  Top1=0.347
[Epoch 201] train_loss=2.8154  val_loss=3.8874  ACC=0.347  F1m=0.105  Top5=0.602  Top1=0.347
[Epoch 202] train_loss=2.8183  val_loss=3.8949  ACC=0.347  F1m=0.105  Top5=0.602  Top1=0.347
[Epoch 203] train_loss=2.8228  val_loss=3.9023  ACC=0.347  F1m=0.105  Top5=0.602  Top1=0.347
[Epoch 204] train_loss=2.8145  val_loss=3.9096  ACC=0.347  F1m=0.105  Top5=0.602  Top1=0.347
[Epoch 205] train_loss=2.8174  val_loss=3.9171  ACC=0.347  F1m=0.105  Top5=0.602  Top1=0.347
[Epoch 206] train_loss=2.8219  val_loss=3.9243  ACC=0.347  F1m=0.105  Top5=0.602  Top1=0.347
[Epoch 207] train_loss=2.8200  val_loss=3.9315  ACC=0.347  F1m=0.105  Top5=0.602  Top1=0.347
[Epoch 208] train_loss=2.8154  val_loss=3.9388  ACC=0.347  F1m=0.105  Top5=0.602  Top1=0.347
[Epoch 209] train_loss=2.8190  val_loss=3.9457  ACC=0.347  F1m=0.105  Top5=0.602  Top1=0.347
[Epoch 210] train_loss=2.8113  val_loss=3.9532  ACC=0.347  F1m=0.105  Top5=0.602  Top1=0.347
[Epoch 211] train_loss=2.8119  val_loss=3.9601  ACC=0.347  F1m=0.105  Top5=0.602  Top1=0.347
[Epoch 212] train_loss=2.8179  val_loss=3.9672  ACC=0.347  F1m=0.105  Top5=0.602  Top1=0.347
[Epoch 213] train_loss=2.8151  val_loss=3.9744  ACC=0.347  F1m=0.105  Top5=0.602  Top1=0.347
[Epoch 214] train_loss=2.8171  val_loss=3.9819  ACC=0.347  F1m=0.105  Top5=0.602  Top1=0.347
[Epoch 215] train_loss=2.8180  val_loss=3.9890  ACC=0.347  F1m=0.105  Top5=0.602  Top1=0.347
[Epoch 216] train_loss=2.8161  val_loss=3.9961  ACC=0.347  F1m=0.105  Top5=0.602  Top1=0.347
[Epoch 217] train_loss=2.8169  val_loss=4.0031  ACC=0.347  F1m=0.105  Top5=0.602  Top1=0.347
[Epoch 218] train_loss=2.8114  val_loss=4.0101  ACC=0.347  F1m=0.105  Top5=0.602  Top1=0.347
[Epoch 219] train_loss=2.8149  val_loss=4.0172  ACC=0.347  F1m=0.105  Top5=0.602  Top1=0.347
[Epoch 220] train_loss=2.8170  val_loss=4.0245  ACC=0.347  F1m=0.105  Top5=0.602  Top1=0.347
[Epoch 221] train_loss=2.8147  val_loss=4.0316  ACC=0.347  F1m=0.105  Top5=0.602  Top1=0.347
[Epoch 222] train_loss=2.8137  val_loss=4.0387  ACC=0.347  F1m=0.105  Top5=0.602  Top1=0.347
[Epoch 223] train_loss=2.8152  val_loss=4.0459  ACC=0.347  F1m=0.105  Top5=0.602  Top1=0.347
[Epoch 224] train_loss=2.8146  val_loss=4.0530  ACC=0.347  F1m=0.105  Top5=0.602  Top1=0.347
[Epoch 225] train_loss=2.8157  val_loss=4.0598  ACC=0.347  F1m=0.105  Top5=0.602  Top1=0.347
[Epoch 226] train_loss=2.8166  val_loss=4.0667  ACC=0.347  F1m=0.105  Top5=0.602  Top1=0.347
[Epoch 227] train_loss=2.8178  val_loss=4.0733  ACC=0.357  F1m=0.106  Top5=0.602  Top1=0.357
[Checkpoint] New best ACC=0.3571 at epoch 227. Saved to: /users/PAS2177/liu9756/DualChain-SelfAg_prediction/results/finetune_results/best_acc.pt
[Epoch 228] train_loss=2.8164  val_loss=4.0800  ACC=0.357  F1m=0.106  Top5=0.602  Top1=0.357
[Epoch 229] train_loss=2.8122  val_loss=4.0868  ACC=0.357  F1m=0.106  Top5=0.602  Top1=0.357
[Epoch 230] train_loss=2.8123  val_loss=4.0938  ACC=0.357  F1m=0.106  Top5=0.602  Top1=0.357
[Epoch 231] train_loss=2.8149  val_loss=4.1003  ACC=0.357  F1m=0.106  Top5=0.602  Top1=0.357
[Epoch 232] train_loss=2.8161  val_loss=4.1073  ACC=0.357  F1m=0.106  Top5=0.602  Top1=0.357
[Epoch 233] train_loss=2.8116  val_loss=4.1139  ACC=0.357  F1m=0.106  Top5=0.602  Top1=0.357
[Epoch 234] train_loss=2.8142  val_loss=4.1204  ACC=0.357  F1m=0.106  Top5=0.612  Top1=0.357
[Epoch 235] train_loss=2.8121  val_loss=4.1274  ACC=0.357  F1m=0.106  Top5=0.612  Top1=0.357
[Epoch 236] train_loss=2.8152  val_loss=4.1344  ACC=0.357  F1m=0.106  Top5=0.612  Top1=0.357
[Epoch 237] train_loss=2.8192  val_loss=4.1410  ACC=0.357  F1m=0.106  Top5=0.612  Top1=0.357
[Epoch 238] train_loss=2.8125  val_loss=4.1480  ACC=0.357  F1m=0.106  Top5=0.612  Top1=0.357
[Epoch 239] train_loss=2.8123  val_loss=4.1547  ACC=0.357  F1m=0.106  Top5=0.612  Top1=0.357
[Epoch 240] train_loss=2.8119  val_loss=4.1619  ACC=0.357  F1m=0.106  Top5=0.612  Top1=0.357
[Epoch 241] train_loss=2.8117  val_loss=4.1685  ACC=0.357  F1m=0.106  Top5=0.612  Top1=0.357
[Epoch 242] train_loss=2.8085  val_loss=4.1752  ACC=0.357  F1m=0.106  Top5=0.612  Top1=0.357
[Epoch 243] train_loss=2.8095  val_loss=4.1820  ACC=0.357  F1m=0.106  Top5=0.612  Top1=0.357
[Epoch 244] train_loss=2.8090  val_loss=4.1887  ACC=0.357  F1m=0.106  Top5=0.612  Top1=0.357
[Epoch 245] train_loss=2.8110  val_loss=4.1957  ACC=0.357  F1m=0.106  Top5=0.612  Top1=0.357
[Epoch 246] train_loss=2.8133  val_loss=4.2030  ACC=0.357  F1m=0.106  Top5=0.612  Top1=0.357
[Epoch 247] train_loss=2.8133  val_loss=4.2101  ACC=0.357  F1m=0.106  Top5=0.612  Top1=0.357
[Epoch 248] train_loss=2.8125  val_loss=4.2171  ACC=0.357  F1m=0.106  Top5=0.612  Top1=0.357
[Epoch 249] train_loss=2.8082  val_loss=4.2241  ACC=0.357  F1m=0.106  Top5=0.612  Top1=0.357
[Epoch 250] train_loss=2.8112  val_loss=4.2308  ACC=0.357  F1m=0.106  Top5=0.612  Top1=0.357
[Epoch 251] train_loss=2.8111  val_loss=4.2376  ACC=0.357  F1m=0.106  Top5=0.612  Top1=0.357
[Epoch 252] train_loss=2.8119  val_loss=4.2444  ACC=0.357  F1m=0.106  Top5=0.612  Top1=0.357
[Epoch 253] train_loss=2.8055  val_loss=4.2512  ACC=0.357  F1m=0.106  Top5=0.612  Top1=0.357
[Epoch 254] train_loss=2.8078  val_loss=4.2578  ACC=0.357  F1m=0.106  Top5=0.612  Top1=0.357
[Epoch 255] train_loss=2.8126  val_loss=4.2645  ACC=0.357  F1m=0.106  Top5=0.612  Top1=0.357
[Epoch 256] train_loss=2.8095  val_loss=4.2707  ACC=0.357  F1m=0.106  Top5=0.612  Top1=0.357
[Epoch 257] train_loss=2.8106  val_loss=4.2773  ACC=0.367  F1m=0.109  Top5=0.612  Top1=0.367
[Checkpoint] New best ACC=0.3673 at epoch 257. Saved to: /users/PAS2177/liu9756/DualChain-SelfAg_prediction/results/finetune_results/best_acc.pt
[Epoch 258] train_loss=2.8073  val_loss=4.2836  ACC=0.367  F1m=0.109  Top5=0.612  Top1=0.367
[Epoch 259] train_loss=2.8090  val_loss=4.2898  ACC=0.367  F1m=0.109  Top5=0.612  Top1=0.367
[Epoch 260] train_loss=2.8089  val_loss=4.2960  ACC=0.367  F1m=0.109  Top5=0.612  Top1=0.367
[Epoch 261] train_loss=2.8096  val_loss=4.3025  ACC=0.367  F1m=0.109  Top5=0.612  Top1=0.367
[Epoch 262] train_loss=2.8096  val_loss=4.3088  ACC=0.367  F1m=0.109  Top5=0.612  Top1=0.367
[Epoch 263] train_loss=2.8089  val_loss=4.3151  ACC=0.367  F1m=0.103  Top5=0.612  Top1=0.367
[Epoch 264] train_loss=2.8084  val_loss=4.3213  ACC=0.367  F1m=0.103  Top5=0.612  Top1=0.367
[Epoch 265] train_loss=2.8068  val_loss=4.3279  ACC=0.367  F1m=0.101  Top5=0.612  Top1=0.367
[Epoch 266] train_loss=2.8089  val_loss=4.3342  ACC=0.367  F1m=0.101  Top5=0.612  Top1=0.367
[Epoch 267] train_loss=2.8067  val_loss=4.3406  ACC=0.367  F1m=0.101  Top5=0.612  Top1=0.367
[Epoch 268] train_loss=2.8062  val_loss=4.3468  ACC=0.367  F1m=0.101  Top5=0.612  Top1=0.367
[Epoch 269] train_loss=2.8058  val_loss=4.3534  ACC=0.367  F1m=0.101  Top5=0.612  Top1=0.367
[Epoch 270] train_loss=2.8051  val_loss=4.3598  ACC=0.367  F1m=0.101  Top5=0.612  Top1=0.367
[Epoch 271] train_loss=2.8072  val_loss=4.3660  ACC=0.367  F1m=0.101  Top5=0.612  Top1=0.367
[Epoch 272] train_loss=2.8056  val_loss=4.3726  ACC=0.367  F1m=0.101  Top5=0.612  Top1=0.367
[Epoch 273] train_loss=2.8078  val_loss=4.3789  ACC=0.367  F1m=0.101  Top5=0.612  Top1=0.367
[Epoch 274] train_loss=2.8069  val_loss=4.3854  ACC=0.367  F1m=0.101  Top5=0.612  Top1=0.367
[Epoch 275] train_loss=2.8054  val_loss=4.3920  ACC=0.378  F1m=0.113  Top5=0.612  Top1=0.378
[Checkpoint] New best ACC=0.3776 at epoch 275. Saved to: /users/PAS2177/liu9756/DualChain-SelfAg_prediction/results/finetune_results/best_acc.pt
[Epoch 276] train_loss=2.8038  val_loss=4.3984  ACC=0.378  F1m=0.113  Top5=0.612  Top1=0.378
[Epoch 277] train_loss=2.8037  val_loss=4.4045  ACC=0.378  F1m=0.113  Top5=0.612  Top1=0.378
[Epoch 278] train_loss=2.8082  val_loss=4.4106  ACC=0.378  F1m=0.113  Top5=0.612  Top1=0.378
[Epoch 279] train_loss=2.8055  val_loss=4.4171  ACC=0.378  F1m=0.113  Top5=0.612  Top1=0.378
[Epoch 280] train_loss=2.8064  val_loss=4.4232  ACC=0.378  F1m=0.113  Top5=0.612  Top1=0.378
[Epoch 281] train_loss=2.8058  val_loss=4.4291  ACC=0.378  F1m=0.113  Top5=0.612  Top1=0.378
[Epoch 282] train_loss=2.8047  val_loss=4.4354  ACC=0.378  F1m=0.113  Top5=0.612  Top1=0.378
[Epoch 283] train_loss=2.8038  val_loss=4.4415  ACC=0.378  F1m=0.113  Top5=0.612  Top1=0.378
[Epoch 284] train_loss=2.8029  val_loss=4.4479  ACC=0.378  F1m=0.113  Top5=0.612  Top1=0.378
[Epoch 285] train_loss=2.8071  val_loss=4.4539  ACC=0.378  F1m=0.113  Top5=0.612  Top1=0.378
[Epoch 286] train_loss=2.8071  val_loss=4.4600  ACC=0.378  F1m=0.113  Top5=0.612  Top1=0.378
[Epoch 287] train_loss=2.8067  val_loss=4.4661  ACC=0.378  F1m=0.113  Top5=0.612  Top1=0.378
[Epoch 288] train_loss=2.8039  val_loss=4.4722  ACC=0.378  F1m=0.113  Top5=0.612  Top1=0.378
[Epoch 289] train_loss=2.8070  val_loss=4.4783  ACC=0.378  F1m=0.111  Top5=0.612  Top1=0.378
[Epoch 290] train_loss=2.8054  val_loss=4.4845  ACC=0.378  F1m=0.111  Top5=0.612  Top1=0.378
[Epoch 291] train_loss=2.8056  val_loss=4.4908  ACC=0.378  F1m=0.111  Top5=0.612  Top1=0.378
[Epoch 292] train_loss=2.8005  val_loss=4.4966  ACC=0.378  F1m=0.111  Top5=0.612  Top1=0.378
[Epoch 293] train_loss=2.8024  val_loss=4.5026  ACC=0.378  F1m=0.111  Top5=0.612  Top1=0.378
[Epoch 294] train_loss=2.8042  val_loss=4.5086  ACC=0.378  F1m=0.111  Top5=0.612  Top1=0.378
[Epoch 295] train_loss=2.8046  val_loss=4.5146  ACC=0.367  F1m=0.108  Top5=0.612  Top1=0.367
[Epoch 296] train_loss=2.8019  val_loss=4.5205  ACC=0.367  F1m=0.110  Top5=0.612  Top1=0.367
[Epoch 297] train_loss=2.8027  val_loss=4.5267  ACC=0.367  F1m=0.110  Top5=0.612  Top1=0.367
[Epoch 298] train_loss=2.8065  val_loss=4.5323  ACC=0.367  F1m=0.110  Top5=0.612  Top1=0.367
[Epoch 299] train_loss=2.8051  val_loss=4.5385  ACC=0.367  F1m=0.108  Top5=0.612  Top1=0.367
[Epoch 300] train_loss=2.8044  val_loss=4.5445  ACC=0.367  F1m=0.108  Top5=0.612  Top1=0.367
[Epoch 301] train_loss=2.8039  val_loss=4.5503  ACC=0.367  F1m=0.108  Top5=0.612  Top1=0.367
[Epoch 302] train_loss=2.8024  val_loss=4.5559  ACC=0.367  F1m=0.108  Top5=0.612  Top1=0.367
[Epoch 303] train_loss=2.8038  val_loss=4.5618  ACC=0.367  F1m=0.108  Top5=0.612  Top1=0.367
[Epoch 304] train_loss=2.8024  val_loss=4.5676  ACC=0.367  F1m=0.108  Top5=0.612  Top1=0.367
[Epoch 305] train_loss=2.8014  val_loss=4.5731  ACC=0.367  F1m=0.108  Top5=0.612  Top1=0.367
[Epoch 306] train_loss=2.7989  val_loss=4.5787  ACC=0.367  F1m=0.108  Top5=0.612  Top1=0.367
[Epoch 307] train_loss=2.8043  val_loss=4.5842  ACC=0.367  F1m=0.108  Top5=0.612  Top1=0.367
[Epoch 308] train_loss=2.8031  val_loss=4.5898  ACC=0.367  F1m=0.108  Top5=0.612  Top1=0.367
[Epoch 309] train_loss=2.8023  val_loss=4.5952  ACC=0.367  F1m=0.108  Top5=0.612  Top1=0.367
[Epoch 310] train_loss=2.8035  val_loss=4.6007  ACC=0.367  F1m=0.108  Top5=0.612  Top1=0.367
[Epoch 311] train_loss=2.8014  val_loss=4.6066  ACC=0.367  F1m=0.108  Top5=0.612  Top1=0.367
[Epoch 312] train_loss=2.8021  val_loss=4.6117  ACC=0.367  F1m=0.108  Top5=0.612  Top1=0.367
[Epoch 313] train_loss=2.8004  val_loss=4.6173  ACC=0.367  F1m=0.108  Top5=0.612  Top1=0.367
[Epoch 314] train_loss=2.8018  val_loss=4.6225  ACC=0.367  F1m=0.108  Top5=0.612  Top1=0.367
[Epoch 315] train_loss=2.8009  val_loss=4.6279  ACC=0.367  F1m=0.108  Top5=0.612  Top1=0.367
[Epoch 316] train_loss=2.8019  val_loss=4.6331  ACC=0.367  F1m=0.108  Top5=0.612  Top1=0.367
[Epoch 317] train_loss=2.7994  val_loss=4.6383  ACC=0.367  F1m=0.108  Top5=0.612  Top1=0.367
[Epoch 318] train_loss=2.7991  val_loss=4.6437  ACC=0.367  F1m=0.108  Top5=0.612  Top1=0.367
[Epoch 319] train_loss=2.8001  val_loss=4.6490  ACC=0.367  F1m=0.108  Top5=0.612  Top1=0.367
[Epoch 320] train_loss=2.7988  val_loss=4.6540  ACC=0.367  F1m=0.108  Top5=0.612  Top1=0.367
[Epoch 321] train_loss=2.7984  val_loss=4.6590  ACC=0.367  F1m=0.108  Top5=0.612  Top1=0.367
[Epoch 322] train_loss=2.7992  val_loss=4.6642  ACC=0.367  F1m=0.108  Top5=0.612  Top1=0.367
[Epoch 323] train_loss=2.7998  val_loss=4.6693  ACC=0.367  F1m=0.108  Top5=0.612  Top1=0.367
[Epoch 324] train_loss=2.8006  val_loss=4.6742  ACC=0.367  F1m=0.108  Top5=0.612  Top1=0.367
[Epoch 325] train_loss=2.8008  val_loss=4.6793  ACC=0.367  F1m=0.108  Top5=0.612  Top1=0.367
[Epoch 326] train_loss=2.7973  val_loss=4.6844  ACC=0.367  F1m=0.108  Top5=0.612  Top1=0.367
[Epoch 327] train_loss=2.7998  val_loss=4.6895  ACC=0.367  F1m=0.108  Top5=0.612  Top1=0.367
[Epoch 328] train_loss=2.8003  val_loss=4.6946  ACC=0.367  F1m=0.108  Top5=0.612  Top1=0.367
[Epoch 329] train_loss=2.7978  val_loss=4.6996  ACC=0.367  F1m=0.108  Top5=0.612  Top1=0.367
[Epoch 330] train_loss=2.7987  val_loss=4.7043  ACC=0.378  F1m=0.120  Top5=0.612  Top1=0.378
[Epoch 331] train_loss=2.7977  val_loss=4.7096  ACC=0.378  F1m=0.120  Top5=0.612  Top1=0.378
[Epoch 332] train_loss=2.7980  val_loss=4.7146  ACC=0.378  F1m=0.120  Top5=0.612  Top1=0.378
[Epoch 333] train_loss=2.7979  val_loss=4.7197  ACC=0.378  F1m=0.120  Top5=0.612  Top1=0.378
[Epoch 334] train_loss=2.7986  val_loss=4.7245  ACC=0.378  F1m=0.120  Top5=0.612  Top1=0.378
[Epoch 335] train_loss=2.7995  val_loss=4.7291  ACC=0.378  F1m=0.120  Top5=0.612  Top1=0.378
[Epoch 336] train_loss=2.7961  val_loss=4.7340  ACC=0.378  F1m=0.120  Top5=0.612  Top1=0.378
[Epoch 337] train_loss=2.7965  val_loss=4.7386  ACC=0.378  F1m=0.120  Top5=0.612  Top1=0.378
[Epoch 338] train_loss=2.7977  val_loss=4.7433  ACC=0.378  F1m=0.120  Top5=0.612  Top1=0.378
[Epoch 339] train_loss=2.7954  val_loss=4.7481  ACC=0.378  F1m=0.120  Top5=0.612  Top1=0.378
[Epoch 340] train_loss=2.7972  val_loss=4.7527  ACC=0.378  F1m=0.120  Top5=0.612  Top1=0.378
[Epoch 341] train_loss=2.7965  val_loss=4.7572  ACC=0.378  F1m=0.120  Top5=0.612  Top1=0.378
[Epoch 342] train_loss=2.7980  val_loss=4.7622  ACC=0.378  F1m=0.122  Top5=0.612  Top1=0.378
[Epoch 343] train_loss=2.7975  val_loss=4.7671  ACC=0.378  F1m=0.122  Top5=0.612  Top1=0.378
[Epoch 344] train_loss=2.7956  val_loss=4.7715  ACC=0.378  F1m=0.122  Top5=0.612  Top1=0.378
[Epoch 345] train_loss=2.7967  val_loss=4.7762  ACC=0.378  F1m=0.122  Top5=0.612  Top1=0.378
[Epoch 346] train_loss=2.7963  val_loss=4.7809  ACC=0.378  F1m=0.122  Top5=0.612  Top1=0.378
[Epoch 347] train_loss=2.7964  val_loss=4.7856  ACC=0.378  F1m=0.122  Top5=0.612  Top1=0.378
[Epoch 348] train_loss=2.7948  val_loss=4.7900  ACC=0.378  F1m=0.122  Top5=0.612  Top1=0.378
[Epoch 349] train_loss=2.7966  val_loss=4.7946  ACC=0.378  F1m=0.122  Top5=0.612  Top1=0.378
[Epoch 350] train_loss=2.7960  val_loss=4.7994  ACC=0.378  F1m=0.122  Top5=0.612  Top1=0.378
[Epoch 351] train_loss=2.7961  val_loss=4.8034  ACC=0.378  F1m=0.122  Top5=0.612  Top1=0.378
[Epoch 352] train_loss=2.7959  val_loss=4.8079  ACC=0.378  F1m=0.122  Top5=0.612  Top1=0.378
[Epoch 353] train_loss=2.7969  val_loss=4.8124  ACC=0.378  F1m=0.122  Top5=0.612  Top1=0.378
[Epoch 354] train_loss=2.7952  val_loss=4.8169  ACC=0.378  F1m=0.122  Top5=0.612  Top1=0.378
[Epoch 355] train_loss=2.7967  val_loss=4.8212  ACC=0.378  F1m=0.122  Top5=0.612  Top1=0.378
[Epoch 356] train_loss=2.7952  val_loss=4.8252  ACC=0.378  F1m=0.122  Top5=0.612  Top1=0.378
[Epoch 357] train_loss=2.7961  val_loss=4.8295  ACC=0.378  F1m=0.122  Top5=0.612  Top1=0.378
[Epoch 358] train_loss=2.7961  val_loss=4.8334  ACC=0.378  F1m=0.122  Top5=0.612  Top1=0.378
[Epoch 359] train_loss=2.7942  val_loss=4.8376  ACC=0.378  F1m=0.122  Top5=0.612  Top1=0.378
[Epoch 360] train_loss=2.7966  val_loss=4.8420  ACC=0.378  F1m=0.122  Top5=0.612  Top1=0.378
[Epoch 361] train_loss=2.7953  val_loss=4.8461  ACC=0.378  F1m=0.122  Top5=0.612  Top1=0.378
[Epoch 362] train_loss=2.7962  val_loss=4.8499  ACC=0.378  F1m=0.122  Top5=0.612  Top1=0.378
[Epoch 363] train_loss=2.7943  val_loss=4.8539  ACC=0.378  F1m=0.122  Top5=0.612  Top1=0.378
[Epoch 364] train_loss=2.7944  val_loss=4.8580  ACC=0.378  F1m=0.122  Top5=0.612  Top1=0.378
[Epoch 365] train_loss=2.7963  val_loss=4.8622  ACC=0.378  F1m=0.122  Top5=0.612  Top1=0.378
[Epoch 366] train_loss=2.7945  val_loss=4.8662  ACC=0.378  F1m=0.122  Top5=0.612  Top1=0.378
[Epoch 367] train_loss=2.7952  val_loss=4.8701  ACC=0.378  F1m=0.122  Top5=0.612  Top1=0.378
[Epoch 368] train_loss=2.7953  val_loss=4.8744  ACC=0.378  F1m=0.122  Top5=0.612  Top1=0.378
[Epoch 369] train_loss=2.7949  val_loss=4.8784  ACC=0.378  F1m=0.122  Top5=0.612  Top1=0.378
[Epoch 370] train_loss=2.7940  val_loss=4.8824  ACC=0.378  F1m=0.122  Top5=0.612  Top1=0.378
[Epoch 371] train_loss=2.7944  val_loss=4.8863  ACC=0.378  F1m=0.122  Top5=0.612  Top1=0.378
[Epoch 372] train_loss=2.7937  val_loss=4.8905  ACC=0.378  F1m=0.122  Top5=0.602  Top1=0.378
[Epoch 373] train_loss=2.7953  val_loss=4.8945  ACC=0.378  F1m=0.122  Top5=0.602  Top1=0.378
[Epoch 374] train_loss=2.7931  val_loss=4.8983  ACC=0.378  F1m=0.120  Top5=0.602  Top1=0.378
[Epoch 375] train_loss=2.7929  val_loss=4.9021  ACC=0.378  F1m=0.120  Top5=0.602  Top1=0.378
[Epoch 376] train_loss=2.7935  val_loss=4.9059  ACC=0.378  F1m=0.120  Top5=0.602  Top1=0.378
[Epoch 377] train_loss=2.7933  val_loss=4.9097  ACC=0.378  F1m=0.120  Top5=0.602  Top1=0.378
[Epoch 378] train_loss=2.7928  val_loss=4.9138  ACC=0.378  F1m=0.120  Top5=0.602  Top1=0.378
[Epoch 379] train_loss=2.7927  val_loss=4.9174  ACC=0.378  F1m=0.120  Top5=0.602  Top1=0.378
[Epoch 380] train_loss=2.7919  val_loss=4.9212  ACC=0.378  F1m=0.120  Top5=0.602  Top1=0.378
[Epoch 381] train_loss=2.7937  val_loss=4.9253  ACC=0.378  F1m=0.120  Top5=0.602  Top1=0.378
[Epoch 382] train_loss=2.7927  val_loss=4.9287  ACC=0.378  F1m=0.120  Top5=0.602  Top1=0.378
[Epoch 383] train_loss=2.7927  val_loss=4.9323  ACC=0.378  F1m=0.120  Top5=0.602  Top1=0.378
[Epoch 384] train_loss=2.7922  val_loss=4.9361  ACC=0.378  F1m=0.120  Top5=0.602  Top1=0.378
[Epoch 385] train_loss=2.7930  val_loss=4.9401  ACC=0.378  F1m=0.120  Top5=0.602  Top1=0.378
[Epoch 386] train_loss=2.7920  val_loss=4.9440  ACC=0.378  F1m=0.120  Top5=0.602  Top1=0.378
[Epoch 387] train_loss=2.7927  val_loss=4.9476  ACC=0.378  F1m=0.120  Top5=0.602  Top1=0.378
[Epoch 388] train_loss=2.7918  val_loss=4.9514  ACC=0.378  F1m=0.120  Top5=0.602  Top1=0.378
[Epoch 389] train_loss=2.7930  val_loss=4.9553  ACC=0.378  F1m=0.120  Top5=0.602  Top1=0.378
[Epoch 390] train_loss=2.7920  val_loss=4.9587  ACC=0.378  F1m=0.120  Top5=0.602  Top1=0.378
[Epoch 391] train_loss=2.7916  val_loss=4.9625  ACC=0.378  F1m=0.120  Top5=0.602  Top1=0.378
[Epoch 392] train_loss=2.7916  val_loss=4.9661  ACC=0.378  F1m=0.120  Top5=0.602  Top1=0.378
[Epoch 393] train_loss=2.7921  val_loss=4.9698  ACC=0.378  F1m=0.120  Top5=0.602  Top1=0.378
[Epoch 394] train_loss=2.7925  val_loss=4.9731  ACC=0.378  F1m=0.120  Top5=0.602  Top1=0.378
[Epoch 395] train_loss=2.7920  val_loss=4.9766  ACC=0.378  F1m=0.120  Top5=0.602  Top1=0.378
[Epoch 396] train_loss=2.7922  val_loss=4.9799  ACC=0.378  F1m=0.120  Top5=0.602  Top1=0.378
[Epoch 397] train_loss=2.7921  val_loss=4.9831  ACC=0.378  F1m=0.120  Top5=0.602  Top1=0.378
[Epoch 398] train_loss=2.7913  val_loss=4.9866  ACC=0.378  F1m=0.120  Top5=0.602  Top1=0.378
[Epoch 399] train_loss=2.7910  val_loss=4.9901  ACC=0.378  F1m=0.120  Top5=0.602  Top1=0.378
[Epoch 400] train_loss=2.7915  val_loss=4.9935  ACC=0.378  F1m=0.120  Top5=0.602  Top1=0.378
[Epoch 401] train_loss=2.7907  val_loss=4.9968  ACC=0.378  F1m=0.120  Top5=0.602  Top1=0.378
[Epoch 402] train_loss=2.7914  val_loss=5.0002  ACC=0.378  F1m=0.120  Top5=0.602  Top1=0.378
[Epoch 403] train_loss=2.7915  val_loss=5.0034  ACC=0.378  F1m=0.120  Top5=0.602  Top1=0.378
[Epoch 404] train_loss=2.7909  val_loss=5.0067  ACC=0.378  F1m=0.120  Top5=0.602  Top1=0.378
[Epoch 405] train_loss=2.7917  val_loss=5.0098  ACC=0.378  F1m=0.120  Top5=0.602  Top1=0.378
[Epoch 406] train_loss=2.7908  val_loss=5.0133  ACC=0.378  F1m=0.120  Top5=0.602  Top1=0.378
[Epoch 407] train_loss=2.7904  val_loss=5.0167  ACC=0.378  F1m=0.120  Top5=0.602  Top1=0.378
[Epoch 408] train_loss=2.7903  val_loss=5.0200  ACC=0.378  F1m=0.120  Top5=0.602  Top1=0.378
[Epoch 409] train_loss=2.7906  val_loss=5.0233  ACC=0.378  F1m=0.120  Top5=0.602  Top1=0.378
[Epoch 410] train_loss=2.7903  val_loss=5.0268  ACC=0.378  F1m=0.120  Top5=0.602  Top1=0.378
[Epoch 411] train_loss=2.7903  val_loss=5.0301  ACC=0.378  F1m=0.120  Top5=0.602  Top1=0.378
[Epoch 412] train_loss=2.7900  val_loss=5.0333  ACC=0.378  F1m=0.120  Top5=0.602  Top1=0.378
[Epoch 413] train_loss=2.7907  val_loss=5.0366  ACC=0.378  F1m=0.120  Top5=0.602  Top1=0.378
[Epoch 414] train_loss=2.7899  val_loss=5.0399  ACC=0.378  F1m=0.120  Top5=0.602  Top1=0.378
[Epoch 415] train_loss=2.7900  val_loss=5.0430  ACC=0.378  F1m=0.120  Top5=0.602  Top1=0.378
[Epoch 416] train_loss=2.7907  val_loss=5.0461  ACC=0.378  F1m=0.120  Top5=0.602  Top1=0.378
[Epoch 417] train_loss=2.7902  val_loss=5.0492  ACC=0.378  F1m=0.120  Top5=0.602  Top1=0.378
[Epoch 418] train_loss=2.7897  val_loss=5.0525  ACC=0.378  F1m=0.120  Top5=0.602  Top1=0.378
[Epoch 419] train_loss=2.7898  val_loss=5.0558  ACC=0.378  F1m=0.120  Top5=0.602  Top1=0.378
[Epoch 420] train_loss=2.7893  val_loss=5.0588  ACC=0.378  F1m=0.120  Top5=0.602  Top1=0.378
[Epoch 421] train_loss=2.7896  val_loss=5.0620  ACC=0.378  F1m=0.120  Top5=0.602  Top1=0.378
[Epoch 422] train_loss=2.7899  val_loss=5.0652  ACC=0.378  F1m=0.120  Top5=0.602  Top1=0.378
[Epoch 423] train_loss=2.7894  val_loss=5.0682  ACC=0.378  F1m=0.120  Top5=0.602  Top1=0.378
[Epoch 424] train_loss=2.7896  val_loss=5.0713  ACC=0.378  F1m=0.120  Top5=0.602  Top1=0.378
[Epoch 425] train_loss=2.7895  val_loss=5.0742  ACC=0.378  F1m=0.120  Top5=0.602  Top1=0.378
[Epoch 426] train_loss=2.7893  val_loss=5.0773  ACC=0.378  F1m=0.120  Top5=0.592  Top1=0.378
[Epoch 427] train_loss=2.7888  val_loss=5.0803  ACC=0.378  F1m=0.120  Top5=0.592  Top1=0.378
[Epoch 428] train_loss=2.7890  val_loss=5.0833  ACC=0.378  F1m=0.120  Top5=0.592  Top1=0.378
[Epoch 429] train_loss=2.7890  val_loss=5.0861  ACC=0.378  F1m=0.120  Top5=0.592  Top1=0.378
[Epoch 430] train_loss=2.7889  val_loss=5.0888  ACC=0.378  F1m=0.120  Top5=0.592  Top1=0.378
[Epoch 431] train_loss=2.7887  val_loss=5.0918  ACC=0.378  F1m=0.120  Top5=0.592  Top1=0.378
[Epoch 432] train_loss=2.7889  val_loss=5.0949  ACC=0.378  F1m=0.120  Top5=0.592  Top1=0.378
[Epoch 433] train_loss=2.7889  val_loss=5.0976  ACC=0.378  F1m=0.120  Top5=0.592  Top1=0.378
[Epoch 434] train_loss=2.7887  val_loss=5.1007  ACC=0.378  F1m=0.120  Top5=0.592  Top1=0.378
[Epoch 435] train_loss=2.7889  val_loss=5.1035  ACC=0.378  F1m=0.120  Top5=0.592  Top1=0.378
[Epoch 436] train_loss=2.7884  val_loss=5.1061  ACC=0.378  F1m=0.120  Top5=0.592  Top1=0.378
[Epoch 437] train_loss=2.7886  val_loss=5.1087  ACC=0.378  F1m=0.120  Top5=0.592  Top1=0.378
[Epoch 438] train_loss=2.7884  val_loss=5.1114  ACC=0.378  F1m=0.120  Top5=0.592  Top1=0.378
[Epoch 439] train_loss=2.7883  val_loss=5.1139  ACC=0.378  F1m=0.120  Top5=0.592  Top1=0.378
[Epoch 440] train_loss=2.7882  val_loss=5.1169  ACC=0.378  F1m=0.120  Top5=0.592  Top1=0.378
[Epoch 441] train_loss=2.7881  val_loss=5.1196  ACC=0.378  F1m=0.120  Top5=0.592  Top1=0.378
[Epoch 442] train_loss=2.7881  val_loss=5.1223  ACC=0.378  F1m=0.120  Top5=0.592  Top1=0.378
[Epoch 443] train_loss=2.7881  val_loss=5.1250  ACC=0.378  F1m=0.120  Top5=0.592  Top1=0.378
[Epoch 444] train_loss=2.7883  val_loss=5.1276  ACC=0.378  F1m=0.120  Top5=0.592  Top1=0.378
[Epoch 445] train_loss=2.7882  val_loss=5.1302  ACC=0.378  F1m=0.120  Top5=0.592  Top1=0.378
[Epoch 446] train_loss=2.7880  val_loss=5.1329  ACC=0.378  F1m=0.120  Top5=0.592  Top1=0.378
[Epoch 447] train_loss=2.7881  val_loss=5.1357  ACC=0.378  F1m=0.120  Top5=0.592  Top1=0.378
[Epoch 448] train_loss=2.7881  val_loss=5.1382  ACC=0.378  F1m=0.120  Top5=0.592  Top1=0.378
[Epoch 449] train_loss=2.7880  val_loss=5.1408  ACC=0.378  F1m=0.120  Top5=0.592  Top1=0.378
[Epoch 450] train_loss=2.7879  val_loss=5.1435  ACC=0.378  F1m=0.120  Top5=0.592  Top1=0.378
[Epoch 451] train_loss=2.7876  val_loss=5.1462  ACC=0.378  F1m=0.120  Top5=0.592  Top1=0.378
[Epoch 452] train_loss=2.7878  val_loss=5.1484  ACC=0.378  F1m=0.120  Top5=0.592  Top1=0.378
[Epoch 453] train_loss=2.7878  val_loss=5.1512  ACC=0.378  F1m=0.120  Top5=0.592  Top1=0.378
[Epoch 454] train_loss=2.7878  val_loss=5.1539  ACC=0.378  F1m=0.120  Top5=0.592  Top1=0.378
[Epoch 455] train_loss=2.7879  val_loss=5.1565  ACC=0.378  F1m=0.120  Top5=0.592  Top1=0.378
[Epoch 456] train_loss=2.7875  val_loss=5.1589  ACC=0.378  F1m=0.120  Top5=0.592  Top1=0.378
[Epoch 457] train_loss=2.7877  val_loss=5.1613  ACC=0.378  F1m=0.120  Top5=0.592  Top1=0.378
[Epoch 458] train_loss=2.7875  val_loss=5.1639  ACC=0.378  F1m=0.120  Top5=0.592  Top1=0.378
[Epoch 459] train_loss=2.7875  val_loss=5.1662  ACC=0.378  F1m=0.120  Top5=0.592  Top1=0.378
[Epoch 460] train_loss=2.7876  val_loss=5.1686  ACC=0.378  F1m=0.120  Top5=0.592  Top1=0.378
[Epoch 461] train_loss=2.7875  val_loss=5.1711  ACC=0.378  F1m=0.120  Top5=0.592  Top1=0.378
[Epoch 462] train_loss=2.7874  val_loss=5.1737  ACC=0.378  F1m=0.120  Top5=0.592  Top1=0.378
[Epoch 463] train_loss=2.7875  val_loss=5.1760  ACC=0.378  F1m=0.120  Top5=0.592  Top1=0.378
[Epoch 464] train_loss=2.7874  val_loss=5.1783  ACC=0.378  F1m=0.120  Top5=0.592  Top1=0.378
[Epoch 465] train_loss=2.7875  val_loss=5.1809  ACC=0.378  F1m=0.120  Top5=0.592  Top1=0.378
[Epoch 466] train_loss=2.7874  val_loss=5.1833  ACC=0.367  F1m=0.117  Top5=0.592  Top1=0.367
[Epoch 467] train_loss=2.7874  val_loss=5.1855  ACC=0.367  F1m=0.117  Top5=0.592  Top1=0.367
[Epoch 468] train_loss=2.7874  val_loss=5.1876  ACC=0.367  F1m=0.117  Top5=0.592  Top1=0.367
[Epoch 469] train_loss=2.7873  val_loss=5.1902  ACC=0.367  F1m=0.117  Top5=0.592  Top1=0.367
[Epoch 470] train_loss=2.7872  val_loss=5.1924  ACC=0.367  F1m=0.117  Top5=0.592  Top1=0.367
[Epoch 471] train_loss=2.7872  val_loss=5.1948  ACC=0.367  F1m=0.117  Top5=0.592  Top1=0.367
[Epoch 472] train_loss=2.7872  val_loss=5.1969  ACC=0.367  F1m=0.117  Top5=0.592  Top1=0.367
[Epoch 473] train_loss=2.7872  val_loss=5.1989  ACC=0.367  F1m=0.117  Top5=0.592  Top1=0.367
[Epoch 474] train_loss=2.7872  val_loss=5.2013  ACC=0.367  F1m=0.117  Top5=0.592  Top1=0.367
[Epoch 475] train_loss=2.7871  val_loss=5.2035  ACC=0.367  F1m=0.117  Top5=0.592  Top1=0.367
[Epoch 476] train_loss=2.7871  val_loss=5.2059  ACC=0.367  F1m=0.117  Top5=0.592  Top1=0.367
[Epoch 477] train_loss=2.7871  val_loss=5.2080  ACC=0.367  F1m=0.117  Top5=0.592  Top1=0.367
[Epoch 478] train_loss=2.7871  val_loss=5.2102  ACC=0.367  F1m=0.117  Top5=0.592  Top1=0.367
[Epoch 479] train_loss=2.7871  val_loss=5.2124  ACC=0.367  F1m=0.117  Top5=0.592  Top1=0.367
[Epoch 480] train_loss=2.7870  val_loss=5.2145  ACC=0.367  F1m=0.117  Top5=0.592  Top1=0.367
[Epoch 481] train_loss=2.7870  val_loss=5.2165  ACC=0.367  F1m=0.117  Top5=0.592  Top1=0.367
[Epoch 482] train_loss=2.7870  val_loss=5.2186  ACC=0.367  F1m=0.117  Top5=0.592  Top1=0.367
[Epoch 483] train_loss=2.7870  val_loss=5.2208  ACC=0.367  F1m=0.117  Top5=0.592  Top1=0.367
[Epoch 484] train_loss=2.7870  val_loss=5.2229  ACC=0.367  F1m=0.117  Top5=0.592  Top1=0.367
[Epoch 485] train_loss=2.7870  val_loss=5.2249  ACC=0.367  F1m=0.117  Top5=0.592  Top1=0.367
[Epoch 486] train_loss=2.7869  val_loss=5.2271  ACC=0.367  F1m=0.119  Top5=0.592  Top1=0.367
[Epoch 487] train_loss=2.7869  val_loss=5.2292  ACC=0.367  F1m=0.119  Top5=0.592  Top1=0.367
[Epoch 488] train_loss=2.7869  val_loss=5.2312  ACC=0.367  F1m=0.119  Top5=0.592  Top1=0.367
[Epoch 489] train_loss=2.7869  val_loss=5.2331  ACC=0.367  F1m=0.119  Top5=0.592  Top1=0.367
[Epoch 490] train_loss=2.7869  val_loss=5.2353  ACC=0.367  F1m=0.119  Top5=0.592  Top1=0.367
[Epoch 491] train_loss=2.7869  val_loss=5.2372  ACC=0.367  F1m=0.119  Top5=0.592  Top1=0.367
[Epoch 492] train_loss=2.7869  val_loss=5.2393  ACC=0.367  F1m=0.119  Top5=0.592  Top1=0.367
[Epoch 493] train_loss=2.7869  val_loss=5.2410  ACC=0.367  F1m=0.119  Top5=0.592  Top1=0.367
[Epoch 494] train_loss=2.7869  val_loss=5.2429  ACC=0.367  F1m=0.117  Top5=0.592  Top1=0.367
[Epoch 495] train_loss=2.7869  val_loss=5.2447  ACC=0.367  F1m=0.119  Top5=0.592  Top1=0.367
[Epoch 496] train_loss=2.7869  val_loss=5.2470  ACC=0.367  F1m=0.119  Top5=0.592  Top1=0.367
[Epoch 497] train_loss=2.7869  val_loss=5.2489  ACC=0.367  F1m=0.119  Top5=0.592  Top1=0.367
[Epoch 498] train_loss=2.7869  val_loss=5.2511  ACC=0.367  F1m=0.119  Top5=0.592  Top1=0.367
[Epoch 499] train_loss=2.7869  val_loss=5.2530  ACC=0.367  F1m=0.119  Top5=0.592  Top1=0.367
[Epoch 500] train_loss=2.7869  val_loss=5.2549  ACC=0.367  F1m=0.119  Top5=0.592  Top1=0.367
[Temp scaling] learned T = 4.202

=== TEST (FT) ===  ACC=0.527  F1m=0.307  Top5=0.909  Top10=0.964
[Best FT Model Saved] /users/PAS2177/liu9756/DualChain-SelfAg_prediction/results/finetune_results/best_acc.pt (includes temperature).
Saved: /users/PAS2177/liu9756/DualChain-SelfAg_prediction/results/finetune_results/test_predictions_ft.csv

python /users/PAS2177/liu9756/DualChain-SelfAg_prediction/scr/finetune/finetune_epitope_classifier.py \
  --data /users/PAS2177/liu9756/DualChain-SelfAg_prediction/data/featurized_ft \
  --pretrained /users/PAS2177/liu9756/DualChain-SelfAg_prediction/results/train_results/best_acc.pt \
  --outdir /users/PAS2177/liu9756/DualChain-SelfAg_prediction/results/finetune_results \
  --epochs 500 --bs 64 \
  --d_model 256 \
  --lr_backbone 1e-5 --lr_head 5e-4 \
  --use_sampler 0 \
  --use_focal 0 \
  --label_smoothing 0.05 \
  --early_stop 0 --early_stop_patience 150