[Data] X shape=(500, 22), #classes=116
[Split] Train=347, Val=98, Test=55
[FT init] loaded 52 keys from backbone, skipped 4
[Note] use_cosine_head enabled -> forcing label_smoothing=0.0
[blocks] mean| HLA=0.1172
[Epoch 001] train_loss=9.2394  val_loss=3.3032  ACC=0.082  F1m=0.032  Top5=0.316  Top1=0.082
[Checkpoint] New best ACC=0.0816 at epoch 1. Saved to: /users/PAS2177/liu9756/DualChain-SelfAg_prediction/results/finetune_results_min5_with_record/best_acc.pt
[Epoch 002] train_loss=8.8595  val_loss=3.3004  ACC=0.082  F1m=0.032  Top5=0.316  Top1=0.082
[Epoch 003] train_loss=8.3095  val_loss=3.2936  ACC=0.082  F1m=0.032  Top5=0.316  Top1=0.082
[Epoch 004] train_loss=7.9129  val_loss=3.2825  ACC=0.092  F1m=0.037  Top5=0.316  Top1=0.092
[Checkpoint] New best ACC=0.0918 at epoch 4. Saved to: /users/PAS2177/liu9756/DualChain-SelfAg_prediction/results/finetune_results_min5_with_record/best_acc.pt
[Epoch 005] train_loss=7.5996  val_loss=3.2676  ACC=0.092  F1m=0.037  Top5=0.316  Top1=0.092
[Epoch 006] train_loss=7.3681  val_loss=3.2501  ACC=0.092  F1m=0.037  Top5=0.337  Top1=0.092
[Epoch 007] train_loss=7.1781  val_loss=3.2308  ACC=0.102  F1m=0.042  Top5=0.357  Top1=0.102
[Checkpoint] New best ACC=0.1020 at epoch 7. Saved to: /users/PAS2177/liu9756/DualChain-SelfAg_prediction/results/finetune_results_min5_with_record/best_acc.pt
[Epoch 008] train_loss=7.0157  val_loss=3.2101  ACC=0.102  F1m=0.041  Top5=0.357  Top1=0.102
[Epoch 009] train_loss=6.8180  val_loss=3.1889  ACC=0.112  F1m=0.043  Top5=0.357  Top1=0.112
[Checkpoint] New best ACC=0.1122 at epoch 9. Saved to: /users/PAS2177/liu9756/DualChain-SelfAg_prediction/results/finetune_results_min5_with_record/best_acc.pt
[Epoch 010] train_loss=6.6240  val_loss=3.1673  ACC=0.112  F1m=0.043  Top5=0.367  Top1=0.112
[Epoch 011] train_loss=6.4221  val_loss=3.1450  ACC=0.112  F1m=0.043  Top5=0.367  Top1=0.112
[Epoch 012] train_loss=6.2443  val_loss=3.1227  ACC=0.133  F1m=0.045  Top5=0.367  Top1=0.133
[Checkpoint] New best ACC=0.1327 at epoch 12. Saved to: /users/PAS2177/liu9756/DualChain-SelfAg_prediction/results/finetune_results_min5_with_record/best_acc.pt
[Epoch 013] train_loss=6.0940  val_loss=3.1004  ACC=0.143  F1m=0.047  Top5=0.367  Top1=0.143
[Checkpoint] New best ACC=0.1429 at epoch 13. Saved to: /users/PAS2177/liu9756/DualChain-SelfAg_prediction/results/finetune_results_min5_with_record/best_acc.pt
[Epoch 014] train_loss=5.9096  val_loss=3.0779  ACC=0.143  F1m=0.047  Top5=0.378  Top1=0.143
[Epoch 015] train_loss=5.6945  val_loss=3.0555  ACC=0.143  F1m=0.046  Top5=0.398  Top1=0.143
[Epoch 016] train_loss=5.5100  val_loss=3.0333  ACC=0.153  F1m=0.047  Top5=0.418  Top1=0.153
[Checkpoint] New best ACC=0.1531 at epoch 16. Saved to: /users/PAS2177/liu9756/DualChain-SelfAg_prediction/results/finetune_results_min5_with_record/best_acc.pt
[Epoch 017] train_loss=5.3144  val_loss=3.0107  ACC=0.153  F1m=0.047  Top5=0.429  Top1=0.153
[Epoch 018] train_loss=5.0959  val_loss=2.9876  ACC=0.153  F1m=0.047  Top5=0.449  Top1=0.153
[Epoch 019] train_loss=4.9100  val_loss=2.9649  ACC=0.153  F1m=0.047  Top5=0.459  Top1=0.153
[Epoch 020] train_loss=4.7210  val_loss=2.9423  ACC=0.173  F1m=0.051  Top5=0.459  Top1=0.173
[Checkpoint] New best ACC=0.1735 at epoch 20. Saved to: /users/PAS2177/liu9756/DualChain-SelfAg_prediction/results/finetune_results_min5_with_record/best_acc.pt
[Epoch 021] train_loss=4.5185  val_loss=2.9197  ACC=0.173  F1m=0.051  Top5=0.459  Top1=0.173
[Epoch 022] train_loss=4.3295  val_loss=2.8967  ACC=0.184  F1m=0.062  Top5=0.469  Top1=0.184
[Checkpoint] New best ACC=0.1837 at epoch 22. Saved to: /users/PAS2177/liu9756/DualChain-SelfAg_prediction/results/finetune_results_min5_with_record/best_acc.pt
[Epoch 023] train_loss=4.1478  val_loss=2.8741  ACC=0.194  F1m=0.064  Top5=0.469  Top1=0.194
[Checkpoint] New best ACC=0.1939 at epoch 23. Saved to: /users/PAS2177/liu9756/DualChain-SelfAg_prediction/results/finetune_results_min5_with_record/best_acc.pt
[Epoch 024] train_loss=4.0033  val_loss=2.8517  ACC=0.204  F1m=0.065  Top5=0.469  Top1=0.204
[Checkpoint] New best ACC=0.2041 at epoch 24. Saved to: /users/PAS2177/liu9756/DualChain-SelfAg_prediction/results/finetune_results_min5_with_record/best_acc.pt
[Epoch 025] train_loss=3.8287  val_loss=2.8295  ACC=0.204  F1m=0.063  Top5=0.469  Top1=0.204
[Epoch 026] train_loss=3.7047  val_loss=2.8078  ACC=0.204  F1m=0.063  Top5=0.480  Top1=0.204
[Epoch 027] train_loss=3.5719  val_loss=2.7858  ACC=0.214  F1m=0.063  Top5=0.490  Top1=0.214
[Checkpoint] New best ACC=0.2143 at epoch 27. Saved to: /users/PAS2177/liu9756/DualChain-SelfAg_prediction/results/finetune_results_min5_with_record/best_acc.pt
[Epoch 028] train_loss=3.4810  val_loss=2.7647  ACC=0.224  F1m=0.064  Top5=0.480  Top1=0.224
[Checkpoint] New best ACC=0.2245 at epoch 28. Saved to: /users/PAS2177/liu9756/DualChain-SelfAg_prediction/results/finetune_results_min5_with_record/best_acc.pt
[Epoch 029] train_loss=3.4035  val_loss=2.7439  ACC=0.235  F1m=0.066  Top5=0.500  Top1=0.235
[Checkpoint] New best ACC=0.2347 at epoch 29. Saved to: /users/PAS2177/liu9756/DualChain-SelfAg_prediction/results/finetune_results_min5_with_record/best_acc.pt
[Epoch 030] train_loss=3.2930  val_loss=2.7238  ACC=0.235  F1m=0.066  Top5=0.500  Top1=0.235
[Epoch 031] train_loss=3.2294  val_loss=2.7046  ACC=0.235  F1m=0.065  Top5=0.520  Top1=0.235
[Epoch 032] train_loss=3.1586  val_loss=2.6855  ACC=0.235  F1m=0.065  Top5=0.520  Top1=0.235
[Epoch 033] train_loss=3.1097  val_loss=2.6664  ACC=0.255  F1m=0.069  Top5=0.531  Top1=0.255
[Checkpoint] New best ACC=0.2551 at epoch 33. Saved to: /users/PAS2177/liu9756/DualChain-SelfAg_prediction/results/finetune_results_min5_with_record/best_acc.pt
[Epoch 034] train_loss=3.0669  val_loss=2.6483  ACC=0.286  F1m=0.073  Top5=0.531  Top1=0.286
[Checkpoint] New best ACC=0.2857 at epoch 34. Saved to: /users/PAS2177/liu9756/DualChain-SelfAg_prediction/results/finetune_results_min5_with_record/best_acc.pt
[Epoch 035] train_loss=3.0196  val_loss=2.6305  ACC=0.306  F1m=0.076  Top5=0.531  Top1=0.306
[Checkpoint] New best ACC=0.3061 at epoch 35. Saved to: /users/PAS2177/liu9756/DualChain-SelfAg_prediction/results/finetune_results_min5_with_record/best_acc.pt
[Epoch 036] train_loss=3.0053  val_loss=2.6138  ACC=0.306  F1m=0.076  Top5=0.541  Top1=0.306
[Epoch 037] train_loss=2.9575  val_loss=2.5978  ACC=0.306  F1m=0.076  Top5=0.541  Top1=0.306
[Epoch 038] train_loss=2.9357  val_loss=2.5820  ACC=0.316  F1m=0.078  Top5=0.531  Top1=0.316
[Checkpoint] New best ACC=0.3163 at epoch 38. Saved to: /users/PAS2177/liu9756/DualChain-SelfAg_prediction/results/finetune_results_min5_with_record/best_acc.pt
[Epoch 039] train_loss=2.9231  val_loss=2.5669  ACC=0.327  F1m=0.079  Top5=0.541  Top1=0.327
[Checkpoint] New best ACC=0.3265 at epoch 39. Saved to: /users/PAS2177/liu9756/DualChain-SelfAg_prediction/results/finetune_results_min5_with_record/best_acc.pt
[Epoch 040] train_loss=2.9052  val_loss=2.5521  ACC=0.327  F1m=0.079  Top5=0.541  Top1=0.327
[Epoch 041] train_loss=2.8990  val_loss=2.5381  ACC=0.337  F1m=0.080  Top5=0.541  Top1=0.337
[Checkpoint] New best ACC=0.3367 at epoch 41. Saved to: /users/PAS2177/liu9756/DualChain-SelfAg_prediction/results/finetune_results_min5_with_record/best_acc.pt
[Epoch 042] train_loss=2.9165  val_loss=2.5248  ACC=0.347  F1m=0.082  Top5=0.541  Top1=0.347
[Checkpoint] New best ACC=0.3469 at epoch 42. Saved to: /users/PAS2177/liu9756/DualChain-SelfAg_prediction/results/finetune_results_min5_with_record/best_acc.pt
[Epoch 043] train_loss=2.8939  val_loss=2.5119  ACC=0.347  F1m=0.082  Top5=0.541  Top1=0.347
[Epoch 044] train_loss=2.8799  val_loss=2.4997  ACC=0.357  F1m=0.082  Top5=0.541  Top1=0.357
[Checkpoint] New best ACC=0.3571 at epoch 44. Saved to: /users/PAS2177/liu9756/DualChain-SelfAg_prediction/results/finetune_results_min5_with_record/best_acc.pt
[Epoch 045] train_loss=2.8646  val_loss=2.4880  ACC=0.357  F1m=0.084  Top5=0.561  Top1=0.357
[Epoch 046] train_loss=2.8713  val_loss=2.4772  ACC=0.367  F1m=0.085  Top5=0.561  Top1=0.367
[Checkpoint] New best ACC=0.3673 at epoch 46. Saved to: /users/PAS2177/liu9756/DualChain-SelfAg_prediction/results/finetune_results_min5_with_record/best_acc.pt
[Epoch 047] train_loss=2.8905  val_loss=2.4670  ACC=0.378  F1m=0.087  Top5=0.571  Top1=0.378
[Checkpoint] New best ACC=0.3776 at epoch 47. Saved to: /users/PAS2177/liu9756/DualChain-SelfAg_prediction/results/finetune_results_min5_with_record/best_acc.pt
[Epoch 048] train_loss=2.8819  val_loss=2.4571  ACC=0.378  F1m=0.087  Top5=0.571  Top1=0.378
[Epoch 049] train_loss=2.8540  val_loss=2.4478  ACC=0.378  F1m=0.087  Top5=0.571  Top1=0.378
[Epoch 050] train_loss=2.8657  val_loss=2.4392  ACC=0.378  F1m=0.087  Top5=0.571  Top1=0.378
[Epoch 051] train_loss=2.8681  val_loss=2.4308  ACC=0.378  F1m=0.088  Top5=0.571  Top1=0.378
[Epoch 052] train_loss=2.8690  val_loss=2.4232  ACC=0.378  F1m=0.088  Top5=0.571  Top1=0.378
[Epoch 053] train_loss=2.8616  val_loss=2.4159  ACC=0.378  F1m=0.088  Top5=0.571  Top1=0.378
[Epoch 054] train_loss=2.8663  val_loss=2.4092  ACC=0.367  F1m=0.085  Top5=0.571  Top1=0.367
[Epoch 055] train_loss=2.8480  val_loss=2.4030  ACC=0.378  F1m=0.086  Top5=0.571  Top1=0.378
[Epoch 056] train_loss=2.8551  val_loss=2.3974  ACC=0.378  F1m=0.086  Top5=0.571  Top1=0.378
[Epoch 057] train_loss=2.8505  val_loss=2.3923  ACC=0.378  F1m=0.086  Top5=0.571  Top1=0.378
[Epoch 058] train_loss=2.8491  val_loss=2.3875  ACC=0.367  F1m=0.085  Top5=0.571  Top1=0.367
[Epoch 059] train_loss=2.8484  val_loss=2.3831  ACC=0.378  F1m=0.087  Top5=0.571  Top1=0.378
[Epoch 060] train_loss=2.8530  val_loss=2.3788  ACC=0.378  F1m=0.087  Top5=0.582  Top1=0.378
[Epoch 061] train_loss=2.8556  val_loss=2.3750  ACC=0.378  F1m=0.087  Top5=0.582  Top1=0.378
[Epoch 062] train_loss=2.8578  val_loss=2.3718  ACC=0.388  F1m=0.099  Top5=0.582  Top1=0.388
[Checkpoint] New best ACC=0.3878 at epoch 62. Saved to: /users/PAS2177/liu9756/DualChain-SelfAg_prediction/results/finetune_results_min5_with_record/best_acc.pt
[Epoch 063] train_loss=2.8420  val_loss=2.3691  ACC=0.388  F1m=0.099  Top5=0.582  Top1=0.388
[Epoch 064] train_loss=2.8422  val_loss=2.3668  ACC=0.388  F1m=0.099  Top5=0.582  Top1=0.388
[Epoch 065] train_loss=2.8312  val_loss=2.3650  ACC=0.388  F1m=0.101  Top5=0.582  Top1=0.388
[Epoch 066] train_loss=2.8365  val_loss=2.3631  ACC=0.388  F1m=0.101  Top5=0.582  Top1=0.388
[Epoch 067] train_loss=2.8426  val_loss=2.3619  ACC=0.388  F1m=0.101  Top5=0.582  Top1=0.388
[Epoch 068] train_loss=2.8439  val_loss=2.3611  ACC=0.388  F1m=0.101  Top5=0.582  Top1=0.388
[Epoch 069] train_loss=2.8451  val_loss=2.3603  ACC=0.398  F1m=0.107  Top5=0.582  Top1=0.398
[Checkpoint] New best ACC=0.3980 at epoch 69. Saved to: /users/PAS2177/liu9756/DualChain-SelfAg_prediction/results/finetune_results_min5_with_record/best_acc.pt
[Epoch 070] train_loss=2.8431  val_loss=2.3598  ACC=0.398  F1m=0.107  Top5=0.582  Top1=0.398
[Epoch 071] train_loss=2.8396  val_loss=2.3598  ACC=0.398  F1m=0.107  Top5=0.582  Top1=0.398
[Epoch 072] train_loss=2.8341  val_loss=2.3603  ACC=0.398  F1m=0.107  Top5=0.582  Top1=0.398
[Epoch 073] train_loss=2.8326  val_loss=2.3611  ACC=0.398  F1m=0.107  Top5=0.582  Top1=0.398
[Epoch 074] train_loss=2.8304  val_loss=2.3621  ACC=0.398  F1m=0.107  Top5=0.582  Top1=0.398
[Epoch 075] train_loss=2.8387  val_loss=2.3634  ACC=0.398  F1m=0.107  Top5=0.582  Top1=0.398
[Epoch 076] train_loss=2.8310  val_loss=2.3650  ACC=0.398  F1m=0.107  Top5=0.582  Top1=0.398
[Epoch 077] train_loss=2.8340  val_loss=2.3667  ACC=0.408  F1m=0.110  Top5=0.582  Top1=0.408
[Checkpoint] New best ACC=0.4082 at epoch 77. Saved to: /users/PAS2177/liu9756/DualChain-SelfAg_prediction/results/finetune_results_min5_with_record/best_acc.pt
[Epoch 078] train_loss=2.8277  val_loss=2.3688  ACC=0.408  F1m=0.110  Top5=0.582  Top1=0.408
[Epoch 079] train_loss=2.8325  val_loss=2.3711  ACC=0.408  F1m=0.110  Top5=0.582  Top1=0.408
[Epoch 080] train_loss=2.8316  val_loss=2.3738  ACC=0.418  F1m=0.114  Top5=0.582  Top1=0.418
[Checkpoint] New best ACC=0.4184 at epoch 80. Saved to: /users/PAS2177/liu9756/DualChain-SelfAg_prediction/results/finetune_results_min5_with_record/best_acc.pt
[Epoch 081] train_loss=2.8314  val_loss=2.3769  ACC=0.418  F1m=0.114  Top5=0.571  Top1=0.418
[Epoch 082] train_loss=2.8257  val_loss=2.3803  ACC=0.418  F1m=0.114  Top5=0.582  Top1=0.418
[Epoch 083] train_loss=2.8244  val_loss=2.3838  ACC=0.408  F1m=0.113  Top5=0.582  Top1=0.408
[Epoch 084] train_loss=2.8399  val_loss=2.3877  ACC=0.408  F1m=0.113  Top5=0.582  Top1=0.408
[Epoch 085] train_loss=2.8302  val_loss=2.3917  ACC=0.398  F1m=0.111  Top5=0.582  Top1=0.398
[Epoch 086] train_loss=2.8264  val_loss=2.3961  ACC=0.398  F1m=0.111  Top5=0.571  Top1=0.398
[Epoch 087] train_loss=2.8308  val_loss=2.4007  ACC=0.418  F1m=0.133  Top5=0.571  Top1=0.418
[Epoch 088] train_loss=2.8297  val_loss=2.4055  ACC=0.418  F1m=0.133  Top5=0.571  Top1=0.418
[Epoch 089] train_loss=2.8302  val_loss=2.4105  ACC=0.418  F1m=0.133  Top5=0.571  Top1=0.418
[Epoch 090] train_loss=2.8372  val_loss=2.4159  ACC=0.418  F1m=0.133  Top5=0.571  Top1=0.418
[Epoch 091] train_loss=2.8338  val_loss=2.4216  ACC=0.429  F1m=0.135  Top5=0.571  Top1=0.429
[Checkpoint] New best ACC=0.4286 at epoch 91. Saved to: /users/PAS2177/liu9756/DualChain-SelfAg_prediction/results/finetune_results_min5_with_record/best_acc.pt
[Epoch 092] train_loss=2.8279  val_loss=2.4274  ACC=0.429  F1m=0.135  Top5=0.582  Top1=0.429
[Epoch 093] train_loss=2.8233  val_loss=2.4330  ACC=0.429  F1m=0.141  Top5=0.582  Top1=0.429
[Epoch 094] train_loss=2.8265  val_loss=2.4392  ACC=0.429  F1m=0.141  Top5=0.582  Top1=0.429
[Epoch 095] train_loss=2.8267  val_loss=2.4452  ACC=0.429  F1m=0.141  Top5=0.582  Top1=0.429
[Epoch 096] train_loss=2.8247  val_loss=2.4516  ACC=0.429  F1m=0.141  Top5=0.582  Top1=0.429
[Epoch 097] train_loss=2.8233  val_loss=2.4583  ACC=0.429  F1m=0.141  Top5=0.582  Top1=0.429
[Epoch 098] train_loss=2.8181  val_loss=2.4654  ACC=0.439  F1m=0.144  Top5=0.582  Top1=0.439
[Checkpoint] New best ACC=0.4388 at epoch 98. Saved to: /users/PAS2177/liu9756/DualChain-SelfAg_prediction/results/finetune_results_min5_with_record/best_acc.pt
[Epoch 099] train_loss=2.8184  val_loss=2.4725  ACC=0.439  F1m=0.144  Top5=0.582  Top1=0.439
[Epoch 100] train_loss=2.8212  val_loss=2.4797  ACC=0.449  F1m=0.145  Top5=0.582  Top1=0.449
[Checkpoint] New best ACC=0.4490 at epoch 100. Saved to: /users/PAS2177/liu9756/DualChain-SelfAg_prediction/results/finetune_results_min5_with_record/best_acc.pt
[Epoch 101] train_loss=2.8270  val_loss=2.4873  ACC=0.449  F1m=0.145  Top5=0.582  Top1=0.449
[Epoch 102] train_loss=2.8121  val_loss=2.4950  ACC=0.449  F1m=0.145  Top5=0.571  Top1=0.449
[Epoch 103] train_loss=2.8219  val_loss=2.5031  ACC=0.449  F1m=0.145  Top5=0.571  Top1=0.449
[Epoch 104] train_loss=2.8226  val_loss=2.5108  ACC=0.449  F1m=0.145  Top5=0.571  Top1=0.449
[Epoch 105] train_loss=2.8316  val_loss=2.5187  ACC=0.449  F1m=0.145  Top5=0.571  Top1=0.449
[Epoch 106] train_loss=2.8251  val_loss=2.5269  ACC=0.449  F1m=0.145  Top5=0.571  Top1=0.449
[Epoch 107] train_loss=2.8297  val_loss=2.5351  ACC=0.449  F1m=0.145  Top5=0.571  Top1=0.449
[Epoch 108] train_loss=2.8244  val_loss=2.5432  ACC=0.449  F1m=0.145  Top5=0.571  Top1=0.449
[Epoch 109] train_loss=2.8230  val_loss=2.5516  ACC=0.449  F1m=0.145  Top5=0.571  Top1=0.449
[Epoch 110] train_loss=2.8228  val_loss=2.5602  ACC=0.449  F1m=0.145  Top5=0.571  Top1=0.449
[Epoch 111] train_loss=2.8205  val_loss=2.5685  ACC=0.449  F1m=0.145  Top5=0.571  Top1=0.449
[Epoch 112] train_loss=2.8199  val_loss=2.5771  ACC=0.449  F1m=0.145  Top5=0.571  Top1=0.449
[Epoch 113] train_loss=2.8233  val_loss=2.5858  ACC=0.449  F1m=0.145  Top5=0.571  Top1=0.449
[Epoch 114] train_loss=2.8260  val_loss=2.5948  ACC=0.449  F1m=0.145  Top5=0.571  Top1=0.449
[Epoch 115] train_loss=2.8215  val_loss=2.6040  ACC=0.449  F1m=0.145  Top5=0.571  Top1=0.449
[Epoch 116] train_loss=2.8174  val_loss=2.6130  ACC=0.449  F1m=0.145  Top5=0.571  Top1=0.449
[Epoch 117] train_loss=2.8218  val_loss=2.6222  ACC=0.449  F1m=0.145  Top5=0.571  Top1=0.449
[Epoch 118] train_loss=2.8161  val_loss=2.6314  ACC=0.439  F1m=0.143  Top5=0.571  Top1=0.439
[Epoch 119] train_loss=2.8224  val_loss=2.6407  ACC=0.439  F1m=0.143  Top5=0.571  Top1=0.439
[Epoch 120] train_loss=2.8227  val_loss=2.6500  ACC=0.439  F1m=0.143  Top5=0.571  Top1=0.439
[Epoch 121] train_loss=2.8208  val_loss=2.6595  ACC=0.439  F1m=0.143  Top5=0.571  Top1=0.439
[Epoch 122] train_loss=2.8149  val_loss=2.6691  ACC=0.439  F1m=0.143  Top5=0.571  Top1=0.439
[Epoch 123] train_loss=2.8130  val_loss=2.6786  ACC=0.439  F1m=0.143  Top5=0.571  Top1=0.439
[Epoch 124] train_loss=2.8136  val_loss=2.6883  ACC=0.439  F1m=0.143  Top5=0.571  Top1=0.439
[Epoch 125] train_loss=2.8202  val_loss=2.6979  ACC=0.439  F1m=0.143  Top5=0.571  Top1=0.439
[Epoch 126] train_loss=2.8217  val_loss=2.7076  ACC=0.439  F1m=0.143  Top5=0.571  Top1=0.439
[Epoch 127] train_loss=2.8127  val_loss=2.7171  ACC=0.439  F1m=0.143  Top5=0.571  Top1=0.439
[Epoch 128] train_loss=2.8224  val_loss=2.7267  ACC=0.439  F1m=0.143  Top5=0.571  Top1=0.439
[Epoch 129] train_loss=2.8238  val_loss=2.7365  ACC=0.439  F1m=0.143  Top5=0.571  Top1=0.439
[Epoch 130] train_loss=2.8117  val_loss=2.7467  ACC=0.439  F1m=0.143  Top5=0.571  Top1=0.439
[Epoch 131] train_loss=2.8210  val_loss=2.7565  ACC=0.439  F1m=0.143  Top5=0.571  Top1=0.439
[Epoch 132] train_loss=2.8143  val_loss=2.7668  ACC=0.439  F1m=0.143  Top5=0.571  Top1=0.439
[Epoch 133] train_loss=2.8173  val_loss=2.7768  ACC=0.429  F1m=0.142  Top5=0.571  Top1=0.429
[Epoch 134] train_loss=2.8175  val_loss=2.7866  ACC=0.429  F1m=0.142  Top5=0.571  Top1=0.429
[Epoch 135] train_loss=2.8180  val_loss=2.7970  ACC=0.429  F1m=0.142  Top5=0.571  Top1=0.429
[Epoch 136] train_loss=2.8115  val_loss=2.8071  ACC=0.418  F1m=0.141  Top5=0.571  Top1=0.418
[Epoch 137] train_loss=2.8153  val_loss=2.8174  ACC=0.418  F1m=0.141  Top5=0.571  Top1=0.418
[Epoch 138] train_loss=2.8176  val_loss=2.8276  ACC=0.418  F1m=0.141  Top5=0.571  Top1=0.418
[Epoch 139] train_loss=2.8188  val_loss=2.8378  ACC=0.418  F1m=0.141  Top5=0.571  Top1=0.418
[Epoch 140] train_loss=2.8138  val_loss=2.8482  ACC=0.418  F1m=0.141  Top5=0.571  Top1=0.418
[Epoch 141] train_loss=2.8126  val_loss=2.8586  ACC=0.418  F1m=0.141  Top5=0.571  Top1=0.418
[Epoch 142] train_loss=2.8166  val_loss=2.8690  ACC=0.418  F1m=0.141  Top5=0.571  Top1=0.418
[Epoch 143] train_loss=2.8128  val_loss=2.8795  ACC=0.418  F1m=0.141  Top5=0.571  Top1=0.418
[Epoch 144] train_loss=2.8093  val_loss=2.8903  ACC=0.418  F1m=0.141  Top5=0.571  Top1=0.418
[Epoch 145] train_loss=2.8159  val_loss=2.9004  ACC=0.418  F1m=0.141  Top5=0.571  Top1=0.418
[Epoch 146] train_loss=2.8088  val_loss=2.9111  ACC=0.418  F1m=0.141  Top5=0.571  Top1=0.418
[Epoch 147] train_loss=2.8145  val_loss=2.9214  ACC=0.418  F1m=0.141  Top5=0.571  Top1=0.418
[Epoch 148] train_loss=2.8169  val_loss=2.9319  ACC=0.418  F1m=0.141  Top5=0.571  Top1=0.418
[Epoch 149] train_loss=2.8216  val_loss=2.9422  ACC=0.418  F1m=0.141  Top5=0.571  Top1=0.418
[Epoch 150] train_loss=2.8209  val_loss=2.9523  ACC=0.418  F1m=0.141  Top5=0.571  Top1=0.418
[Epoch 151] train_loss=2.8152  val_loss=2.9627  ACC=0.418  F1m=0.141  Top5=0.571  Top1=0.418
[Epoch 152] train_loss=2.8105  val_loss=2.9731  ACC=0.418  F1m=0.141  Top5=0.571  Top1=0.418
[Epoch 153] train_loss=2.8109  val_loss=2.9840  ACC=0.418  F1m=0.141  Top5=0.571  Top1=0.418
[Epoch 154] train_loss=2.8122  val_loss=2.9949  ACC=0.418  F1m=0.141  Top5=0.571  Top1=0.418
[Epoch 155] train_loss=2.8120  val_loss=3.0056  ACC=0.418  F1m=0.141  Top5=0.571  Top1=0.418
[Epoch 156] train_loss=2.8149  val_loss=3.0160  ACC=0.418  F1m=0.141  Top5=0.571  Top1=0.418
[Epoch 157] train_loss=2.8117  val_loss=3.0265  ACC=0.418  F1m=0.141  Top5=0.571  Top1=0.418
[Epoch 158] train_loss=2.8139  val_loss=3.0370  ACC=0.418  F1m=0.141  Top5=0.571  Top1=0.418
[Epoch 159] train_loss=2.8137  val_loss=3.0476  ACC=0.429  F1m=0.143  Top5=0.571  Top1=0.429
[Epoch 160] train_loss=2.8070  val_loss=3.0580  ACC=0.429  F1m=0.143  Top5=0.571  Top1=0.429
[Epoch 161] train_loss=2.8103  val_loss=3.0684  ACC=0.429  F1m=0.143  Top5=0.571  Top1=0.429
[Epoch 162] train_loss=2.8076  val_loss=3.0786  ACC=0.429  F1m=0.143  Top5=0.571  Top1=0.429
[Epoch 163] train_loss=2.8064  val_loss=3.0889  ACC=0.429  F1m=0.143  Top5=0.571  Top1=0.429
[Epoch 164] train_loss=2.8097  val_loss=3.0991  ACC=0.429  F1m=0.143  Top5=0.571  Top1=0.429
[Epoch 165] train_loss=2.8159  val_loss=3.1090  ACC=0.429  F1m=0.143  Top5=0.571  Top1=0.429
[Epoch 166] train_loss=2.8124  val_loss=3.1195  ACC=0.429  F1m=0.143  Top5=0.571  Top1=0.429
[Epoch 167] train_loss=2.8115  val_loss=3.1298  ACC=0.429  F1m=0.143  Top5=0.571  Top1=0.429
[Epoch 168] train_loss=2.8096  val_loss=3.1400  ACC=0.429  F1m=0.143  Top5=0.571  Top1=0.429
[Epoch 169] train_loss=2.8094  val_loss=3.1502  ACC=0.429  F1m=0.143  Top5=0.571  Top1=0.429
[Epoch 170] train_loss=2.8191  val_loss=3.1601  ACC=0.429  F1m=0.143  Top5=0.571  Top1=0.429
[Epoch 171] train_loss=2.8099  val_loss=3.1701  ACC=0.429  F1m=0.143  Top5=0.571  Top1=0.429
[Epoch 172] train_loss=2.8059  val_loss=3.1805  ACC=0.429  F1m=0.143  Top5=0.571  Top1=0.429
[Epoch 173] train_loss=2.8119  val_loss=3.1908  ACC=0.429  F1m=0.143  Top5=0.571  Top1=0.429
[Epoch 174] train_loss=2.8078  val_loss=3.2008  ACC=0.429  F1m=0.143  Top5=0.571  Top1=0.429
[Epoch 175] train_loss=2.8084  val_loss=3.2109  ACC=0.429  F1m=0.143  Top5=0.571  Top1=0.429
[Epoch 176] train_loss=2.8048  val_loss=3.2208  ACC=0.429  F1m=0.143  Top5=0.571  Top1=0.429
[Epoch 177] train_loss=2.8048  val_loss=3.2310  ACC=0.429  F1m=0.143  Top5=0.571  Top1=0.429
[Epoch 178] train_loss=2.8026  val_loss=3.2408  ACC=0.429  F1m=0.143  Top5=0.571  Top1=0.429
[Epoch 179] train_loss=2.8083  val_loss=3.2512  ACC=0.429  F1m=0.143  Top5=0.582  Top1=0.429
[Epoch 180] train_loss=2.8098  val_loss=3.2613  ACC=0.429  F1m=0.143  Top5=0.582  Top1=0.429
[Epoch 181] train_loss=2.8097  val_loss=3.2719  ACC=0.429  F1m=0.143  Top5=0.582  Top1=0.429
[Epoch 182] train_loss=2.8086  val_loss=3.2818  ACC=0.429  F1m=0.143  Top5=0.582  Top1=0.429
[Epoch 183] train_loss=2.8071  val_loss=3.2919  ACC=0.429  F1m=0.143  Top5=0.582  Top1=0.429
[Epoch 184] train_loss=2.8063  val_loss=3.3022  ACC=0.429  F1m=0.143  Top5=0.582  Top1=0.429
[Epoch 185] train_loss=2.8072  val_loss=3.3118  ACC=0.429  F1m=0.143  Top5=0.582  Top1=0.429
[Epoch 186] train_loss=2.8031  val_loss=3.3218  ACC=0.429  F1m=0.143  Top5=0.582  Top1=0.429
[Epoch 187] train_loss=2.8068  val_loss=3.3315  ACC=0.429  F1m=0.143  Top5=0.582  Top1=0.429
[Epoch 188] train_loss=2.8121  val_loss=3.3416  ACC=0.429  F1m=0.143  Top5=0.582  Top1=0.429
[Epoch 189] train_loss=2.8017  val_loss=3.3514  ACC=0.429  F1m=0.143  Top5=0.582  Top1=0.429
[Epoch 190] train_loss=2.8027  val_loss=3.3612  ACC=0.429  F1m=0.143  Top5=0.582  Top1=0.429
[Epoch 191] train_loss=2.8020  val_loss=3.3710  ACC=0.429  F1m=0.143  Top5=0.582  Top1=0.429
[Epoch 192] train_loss=2.8029  val_loss=3.3808  ACC=0.429  F1m=0.143  Top5=0.582  Top1=0.429
[Epoch 193] train_loss=2.8057  val_loss=3.3904  ACC=0.429  F1m=0.143  Top5=0.582  Top1=0.429
[Epoch 194] train_loss=2.8031  val_loss=3.4002  ACC=0.429  F1m=0.143  Top5=0.582  Top1=0.429
[Epoch 195] train_loss=2.8006  val_loss=3.4097  ACC=0.429  F1m=0.143  Top5=0.582  Top1=0.429
[Epoch 196] train_loss=2.8028  val_loss=3.4194  ACC=0.429  F1m=0.143  Top5=0.582  Top1=0.429
[Epoch 197] train_loss=2.8038  val_loss=3.4291  ACC=0.429  F1m=0.143  Top5=0.582  Top1=0.429
[Epoch 198] train_loss=2.8017  val_loss=3.4388  ACC=0.429  F1m=0.143  Top5=0.582  Top1=0.429
[Epoch 199] train_loss=2.8048  val_loss=3.4483  ACC=0.429  F1m=0.143  Top5=0.582  Top1=0.429
[Epoch 200] train_loss=2.8041  val_loss=3.4579  ACC=0.429  F1m=0.143  Top5=0.582  Top1=0.429
[Epoch 201] train_loss=2.7997  val_loss=3.4679  ACC=0.429  F1m=0.143  Top5=0.582  Top1=0.429
[Epoch 202] train_loss=2.8012  val_loss=3.4772  ACC=0.429  F1m=0.143  Top5=0.582  Top1=0.429
[Epoch 203] train_loss=2.8048  val_loss=3.4862  ACC=0.429  F1m=0.143  Top5=0.582  Top1=0.429
[Epoch 204] train_loss=2.7979  val_loss=3.4953  ACC=0.429  F1m=0.143  Top5=0.582  Top1=0.429
[Epoch 205] train_loss=2.8015  val_loss=3.5046  ACC=0.429  F1m=0.143  Top5=0.582  Top1=0.429
[Epoch 206] train_loss=2.8059  val_loss=3.5138  ACC=0.429  F1m=0.143  Top5=0.582  Top1=0.429
[Epoch 207] train_loss=2.8051  val_loss=3.5231  ACC=0.429  F1m=0.143  Top5=0.582  Top1=0.429
[Epoch 208] train_loss=2.8010  val_loss=3.5324  ACC=0.429  F1m=0.143  Top5=0.582  Top1=0.429
[Epoch 209] train_loss=2.8026  val_loss=3.5416  ACC=0.429  F1m=0.143  Top5=0.582  Top1=0.429
[Epoch 210] train_loss=2.7964  val_loss=3.5507  ACC=0.429  F1m=0.143  Top5=0.582  Top1=0.429
[Epoch 211] train_loss=2.7955  val_loss=3.5596  ACC=0.429  F1m=0.143  Top5=0.582  Top1=0.429
[Epoch 212] train_loss=2.8031  val_loss=3.5685  ACC=0.429  F1m=0.143  Top5=0.582  Top1=0.429
[Epoch 213] train_loss=2.8033  val_loss=3.5777  ACC=0.429  F1m=0.143  Top5=0.582  Top1=0.429
[Epoch 214] train_loss=2.8038  val_loss=3.5866  ACC=0.429  F1m=0.143  Top5=0.582  Top1=0.429
[Epoch 215] train_loss=2.8028  val_loss=3.5955  ACC=0.429  F1m=0.143  Top5=0.582  Top1=0.429
[Epoch 216] train_loss=2.8015  val_loss=3.6047  ACC=0.429  F1m=0.143  Top5=0.582  Top1=0.429
[Epoch 217] train_loss=2.8019  val_loss=3.6136  ACC=0.429  F1m=0.143  Top5=0.582  Top1=0.429
[Epoch 218] train_loss=2.7968  val_loss=3.6229  ACC=0.429  F1m=0.143  Top5=0.582  Top1=0.429
[Epoch 219] train_loss=2.8004  val_loss=3.6317  ACC=0.429  F1m=0.143  Top5=0.582  Top1=0.429
[Epoch 220] train_loss=2.8010  val_loss=3.6407  ACC=0.429  F1m=0.143  Top5=0.582  Top1=0.429
[Epoch 221] train_loss=2.7983  val_loss=3.6495  ACC=0.429  F1m=0.143  Top5=0.582  Top1=0.429
[Epoch 222] train_loss=2.7976  val_loss=3.6582  ACC=0.429  F1m=0.143  Top5=0.582  Top1=0.429
[Epoch 223] train_loss=2.7995  val_loss=3.6669  ACC=0.429  F1m=0.143  Top5=0.582  Top1=0.429
[Epoch 224] train_loss=2.7989  val_loss=3.6755  ACC=0.429  F1m=0.143  Top5=0.582  Top1=0.429
[Epoch 225] train_loss=2.8004  val_loss=3.6842  ACC=0.429  F1m=0.143  Top5=0.582  Top1=0.429
[Epoch 226] train_loss=2.8020  val_loss=3.6925  ACC=0.429  F1m=0.143  Top5=0.582  Top1=0.429
[Epoch 227] train_loss=2.8012  val_loss=3.7006  ACC=0.429  F1m=0.143  Top5=0.582  Top1=0.429
[Epoch 228] train_loss=2.7993  val_loss=3.7092  ACC=0.429  F1m=0.143  Top5=0.582  Top1=0.429
[Epoch 229] train_loss=2.7971  val_loss=3.7175  ACC=0.429  F1m=0.143  Top5=0.582  Top1=0.429
[Epoch 230] train_loss=2.7973  val_loss=3.7259  ACC=0.429  F1m=0.143  Top5=0.582  Top1=0.429
[Epoch 231] train_loss=2.7986  val_loss=3.7341  ACC=0.429  F1m=0.143  Top5=0.582  Top1=0.429
[Epoch 232] train_loss=2.8001  val_loss=3.7421  ACC=0.429  F1m=0.143  Top5=0.582  Top1=0.429
[Epoch 233] train_loss=2.7966  val_loss=3.7505  ACC=0.429  F1m=0.143  Top5=0.582  Top1=0.429
[Epoch 234] train_loss=2.7990  val_loss=3.7587  ACC=0.429  F1m=0.143  Top5=0.582  Top1=0.429
[Epoch 235] train_loss=2.7957  val_loss=3.7669  ACC=0.429  F1m=0.143  Top5=0.582  Top1=0.429
[Epoch 236] train_loss=2.7980  val_loss=3.7750  ACC=0.429  F1m=0.143  Top5=0.582  Top1=0.429
[Epoch 237] train_loss=2.8013  val_loss=3.7832  ACC=0.429  F1m=0.143  Top5=0.582  Top1=0.429
[Epoch 238] train_loss=2.7966  val_loss=3.7913  ACC=0.429  F1m=0.143  Top5=0.582  Top1=0.429
[Epoch 239] train_loss=2.7964  val_loss=3.7995  ACC=0.429  F1m=0.143  Top5=0.582  Top1=0.429
[Epoch 240] train_loss=2.7960  val_loss=3.8078  ACC=0.429  F1m=0.143  Top5=0.582  Top1=0.429
[Epoch 241] train_loss=2.7971  val_loss=3.8161  ACC=0.429  F1m=0.143  Top5=0.582  Top1=0.429
[Epoch 242] train_loss=2.7948  val_loss=3.8239  ACC=0.429  F1m=0.143  Top5=0.582  Top1=0.429
[Epoch 243] train_loss=2.7949  val_loss=3.8318  ACC=0.429  F1m=0.143  Top5=0.582  Top1=0.429
[Epoch 244] train_loss=2.7936  val_loss=3.8398  ACC=0.429  F1m=0.143  Top5=0.582  Top1=0.429
[Epoch 245] train_loss=2.7963  val_loss=3.8478  ACC=0.429  F1m=0.143  Top5=0.582  Top1=0.429
[Epoch 246] train_loss=2.7974  val_loss=3.8556  ACC=0.429  F1m=0.143  Top5=0.582  Top1=0.429
[Epoch 247] train_loss=2.7969  val_loss=3.8635  ACC=0.429  F1m=0.143  Top5=0.582  Top1=0.429
[Epoch 248] train_loss=2.7965  val_loss=3.8716  ACC=0.429  F1m=0.143  Top5=0.582  Top1=0.429
[Epoch 249] train_loss=2.7929  val_loss=3.8793  ACC=0.429  F1m=0.143  Top5=0.582  Top1=0.429
[Epoch 250] train_loss=2.7953  val_loss=3.8873  ACC=0.429  F1m=0.143  Top5=0.582  Top1=0.429
[Epoch 251] train_loss=2.7968  val_loss=3.8946  ACC=0.429  F1m=0.143  Top5=0.582  Top1=0.429
[Epoch 252] train_loss=2.7960  val_loss=3.9024  ACC=0.429  F1m=0.143  Top5=0.582  Top1=0.429
[Epoch 253] train_loss=2.7904  val_loss=3.9100  ACC=0.429  F1m=0.143  Top5=0.582  Top1=0.429
[Epoch 254] train_loss=2.7927  val_loss=3.9175  ACC=0.429  F1m=0.143  Top5=0.582  Top1=0.429
[Epoch 255] train_loss=2.7963  val_loss=3.9251  ACC=0.429  F1m=0.143  Top5=0.582  Top1=0.429
[Epoch 256] train_loss=2.7951  val_loss=3.9326  ACC=0.429  F1m=0.143  Top5=0.582  Top1=0.429
[Epoch 257] train_loss=2.7952  val_loss=3.9402  ACC=0.429  F1m=0.143  Top5=0.582  Top1=0.429
[Epoch 258] train_loss=2.7925  val_loss=3.9476  ACC=0.429  F1m=0.143  Top5=0.582  Top1=0.429
[Epoch 259] train_loss=2.7938  val_loss=3.9550  ACC=0.429  F1m=0.143  Top5=0.582  Top1=0.429
[Epoch 260] train_loss=2.7938  val_loss=3.9620  ACC=0.429  F1m=0.143  Top5=0.582  Top1=0.429
[Epoch 261] train_loss=2.7937  val_loss=3.9696  ACC=0.429  F1m=0.143  Top5=0.582  Top1=0.429
[Epoch 262] train_loss=2.7947  val_loss=3.9771  ACC=0.429  F1m=0.143  Top5=0.582  Top1=0.429
[Epoch 263] train_loss=2.7943  val_loss=3.9844  ACC=0.429  F1m=0.143  Top5=0.582  Top1=0.429
[Epoch 264] train_loss=2.7943  val_loss=3.9914  ACC=0.429  F1m=0.143  Top5=0.582  Top1=0.429
[Epoch 265] train_loss=2.7922  val_loss=3.9985  ACC=0.429  F1m=0.143  Top5=0.582  Top1=0.429
[Epoch 266] train_loss=2.7935  val_loss=4.0056  ACC=0.429  F1m=0.143  Top5=0.582  Top1=0.429
[Epoch 267] train_loss=2.7911  val_loss=4.0127  ACC=0.429  F1m=0.143  Top5=0.582  Top1=0.429
[Epoch 268] train_loss=2.7907  val_loss=4.0197  ACC=0.429  F1m=0.143  Top5=0.582  Top1=0.429
[Epoch 269] train_loss=2.7904  val_loss=4.0268  ACC=0.429  F1m=0.143  Top5=0.582  Top1=0.429
[Epoch 270] train_loss=2.7903  val_loss=4.0340  ACC=0.429  F1m=0.143  Top5=0.582  Top1=0.429
[Epoch 271] train_loss=2.7921  val_loss=4.0408  ACC=0.429  F1m=0.143  Top5=0.582  Top1=0.429
[Epoch 272] train_loss=2.7898  val_loss=4.0477  ACC=0.429  F1m=0.143  Top5=0.582  Top1=0.429
[Epoch 273] train_loss=2.7917  val_loss=4.0551  ACC=0.429  F1m=0.143  Top5=0.582  Top1=0.429
[Epoch 274] train_loss=2.7922  val_loss=4.0619  ACC=0.429  F1m=0.143  Top5=0.582  Top1=0.429
[Epoch 275] train_loss=2.7912  val_loss=4.0688  ACC=0.429  F1m=0.143  Top5=0.582  Top1=0.429
[Epoch 276] train_loss=2.7900  val_loss=4.0754  ACC=0.429  F1m=0.143  Top5=0.582  Top1=0.429
[Epoch 277] train_loss=2.7883  val_loss=4.0821  ACC=0.429  F1m=0.143  Top5=0.582  Top1=0.429
[Epoch 278] train_loss=2.7929  val_loss=4.0889  ACC=0.429  F1m=0.143  Top5=0.582  Top1=0.429
[Epoch 279] train_loss=2.7903  val_loss=4.0954  ACC=0.429  F1m=0.143  Top5=0.582  Top1=0.429
[Epoch 280] train_loss=2.7925  val_loss=4.1023  ACC=0.429  F1m=0.143  Top5=0.582  Top1=0.429
[Epoch 281] train_loss=2.7902  val_loss=4.1089  ACC=0.429  F1m=0.143  Top5=0.582  Top1=0.429
[Epoch 282] train_loss=2.7900  val_loss=4.1157  ACC=0.429  F1m=0.143  Top5=0.582  Top1=0.429
[Epoch 283] train_loss=2.7892  val_loss=4.1220  ACC=0.429  F1m=0.143  Top5=0.582  Top1=0.429
[Epoch 284] train_loss=2.7887  val_loss=4.1284  ACC=0.429  F1m=0.143  Top5=0.582  Top1=0.429
[Epoch 285] train_loss=2.7904  val_loss=4.1347  ACC=0.429  F1m=0.143  Top5=0.582  Top1=0.429
[Epoch 286] train_loss=2.7905  val_loss=4.1410  ACC=0.429  F1m=0.143  Top5=0.582  Top1=0.429
[Epoch 287] train_loss=2.7897  val_loss=4.1475  ACC=0.429  F1m=0.143  Top5=0.582  Top1=0.429
[Epoch 288] train_loss=2.7869  val_loss=4.1537  ACC=0.429  F1m=0.143  Top5=0.582  Top1=0.429
[Epoch 289] train_loss=2.7911  val_loss=4.1602  ACC=0.429  F1m=0.143  Top5=0.582  Top1=0.429
[Epoch 290] train_loss=2.7906  val_loss=4.1668  ACC=0.429  F1m=0.143  Top5=0.582  Top1=0.429
[Epoch 291] train_loss=2.7910  val_loss=4.1731  ACC=0.429  F1m=0.143  Top5=0.582  Top1=0.429
[Epoch 292] train_loss=2.7852  val_loss=4.1795  ACC=0.429  F1m=0.143  Top5=0.582  Top1=0.429
[Epoch 293] train_loss=2.7879  val_loss=4.1859  ACC=0.429  F1m=0.143  Top5=0.582  Top1=0.429
[Epoch 294] train_loss=2.7889  val_loss=4.1919  ACC=0.429  F1m=0.143  Top5=0.582  Top1=0.429
[Epoch 295] train_loss=2.7890  val_loss=4.1980  ACC=0.429  F1m=0.143  Top5=0.582  Top1=0.429
[Epoch 296] train_loss=2.7868  val_loss=4.2041  ACC=0.429  F1m=0.143  Top5=0.582  Top1=0.429
[Epoch 297] train_loss=2.7865  val_loss=4.2103  ACC=0.429  F1m=0.143  Top5=0.582  Top1=0.429
[Epoch 298] train_loss=2.7905  val_loss=4.2165  ACC=0.429  F1m=0.143  Top5=0.582  Top1=0.429
[Epoch 299] train_loss=2.7891  val_loss=4.2225  ACC=0.429  F1m=0.143  Top5=0.582  Top1=0.429
[Epoch 300] train_loss=2.7890  val_loss=4.2286  ACC=0.429  F1m=0.143  Top5=0.582  Top1=0.429
[Epoch 301] train_loss=2.7884  val_loss=4.2347  ACC=0.429  F1m=0.143  Top5=0.582  Top1=0.429
[Epoch 302] train_loss=2.7873  val_loss=4.2409  ACC=0.429  F1m=0.143  Top5=0.582  Top1=0.429
[Epoch 303] train_loss=2.7875  val_loss=4.2467  ACC=0.429  F1m=0.143  Top5=0.592  Top1=0.429
[Epoch 304] train_loss=2.7865  val_loss=4.2526  ACC=0.429  F1m=0.143  Top5=0.592  Top1=0.429
[Epoch 305] train_loss=2.7857  val_loss=4.2586  ACC=0.429  F1m=0.143  Top5=0.592  Top1=0.429
[Epoch 306] train_loss=2.7843  val_loss=4.2646  ACC=0.429  F1m=0.143  Top5=0.592  Top1=0.429
[Epoch 307] train_loss=2.7878  val_loss=4.2706  ACC=0.429  F1m=0.143  Top5=0.602  Top1=0.429
[Epoch 308] train_loss=2.7867  val_loss=4.2761  ACC=0.429  F1m=0.143  Top5=0.602  Top1=0.429
[Epoch 309] train_loss=2.7864  val_loss=4.2820  ACC=0.429  F1m=0.143  Top5=0.602  Top1=0.429
[Epoch 310] train_loss=2.7868  val_loss=4.2877  ACC=0.429  F1m=0.143  Top5=0.602  Top1=0.429
[Epoch 311] train_loss=2.7851  val_loss=4.2936  ACC=0.429  F1m=0.143  Top5=0.602  Top1=0.429
[Epoch 312] train_loss=2.7870  val_loss=4.2996  ACC=0.429  F1m=0.143  Top5=0.602  Top1=0.429
[Epoch 313] train_loss=2.7851  val_loss=4.3051  ACC=0.429  F1m=0.143  Top5=0.602  Top1=0.429
[Epoch 314] train_loss=2.7857  val_loss=4.3107  ACC=0.429  F1m=0.143  Top5=0.602  Top1=0.429
[Epoch 315] train_loss=2.7854  val_loss=4.3163  ACC=0.429  F1m=0.143  Top5=0.602  Top1=0.429
[Epoch 316] train_loss=2.7862  val_loss=4.3216  ACC=0.429  F1m=0.143  Top5=0.602  Top1=0.429
[Epoch 317] train_loss=2.7842  val_loss=4.3270  ACC=0.429  F1m=0.143  Top5=0.602  Top1=0.429
[Epoch 318] train_loss=2.7839  val_loss=4.3325  ACC=0.429  F1m=0.143  Top5=0.602  Top1=0.429
[Epoch 319] train_loss=2.7846  val_loss=4.3380  ACC=0.429  F1m=0.143  Top5=0.602  Top1=0.429
[Epoch 320] train_loss=2.7835  val_loss=4.3431  ACC=0.429  F1m=0.143  Top5=0.602  Top1=0.429
[Epoch 321] train_loss=2.7830  val_loss=4.3485  ACC=0.429  F1m=0.143  Top5=0.602  Top1=0.429
[Epoch 322] train_loss=2.7834  val_loss=4.3541  ACC=0.429  F1m=0.143  Top5=0.602  Top1=0.429
[Epoch 323] train_loss=2.7845  val_loss=4.3593  ACC=0.429  F1m=0.143  Top5=0.602  Top1=0.429
[Epoch 324] train_loss=2.7850  val_loss=4.3646  ACC=0.429  F1m=0.143  Top5=0.602  Top1=0.429
[Epoch 325] train_loss=2.7849  val_loss=4.3699  ACC=0.429  F1m=0.143  Top5=0.602  Top1=0.429
[Epoch 326] train_loss=2.7821  val_loss=4.3753  ACC=0.429  F1m=0.143  Top5=0.602  Top1=0.429
[Epoch 327] train_loss=2.7841  val_loss=4.3804  ACC=0.429  F1m=0.143  Top5=0.602  Top1=0.429
[Epoch 328] train_loss=2.7841  val_loss=4.3856  ACC=0.429  F1m=0.143  Top5=0.602  Top1=0.429
[Epoch 329] train_loss=2.7822  val_loss=4.3907  ACC=0.429  F1m=0.143  Top5=0.602  Top1=0.429
[Epoch 330] train_loss=2.7829  val_loss=4.3957  ACC=0.429  F1m=0.143  Top5=0.602  Top1=0.429
[Epoch 331] train_loss=2.7828  val_loss=4.4005  ACC=0.429  F1m=0.143  Top5=0.602  Top1=0.429
[Epoch 332] train_loss=2.7827  val_loss=4.4055  ACC=0.429  F1m=0.143  Top5=0.602  Top1=0.429
[Epoch 333] train_loss=2.7825  val_loss=4.4108  ACC=0.429  F1m=0.143  Top5=0.602  Top1=0.429
[Epoch 334] train_loss=2.7832  val_loss=4.4158  ACC=0.429  F1m=0.143  Top5=0.602  Top1=0.429
[Epoch 335] train_loss=2.7838  val_loss=4.4208  ACC=0.429  F1m=0.143  Top5=0.602  Top1=0.429
[Epoch 336] train_loss=2.7812  val_loss=4.4257  ACC=0.429  F1m=0.143  Top5=0.602  Top1=0.429
[Epoch 337] train_loss=2.7817  val_loss=4.4304  ACC=0.429  F1m=0.143  Top5=0.602  Top1=0.429
[Epoch 338] train_loss=2.7825  val_loss=4.4353  ACC=0.429  F1m=0.143  Top5=0.602  Top1=0.429
[Epoch 339] train_loss=2.7804  val_loss=4.4402  ACC=0.429  F1m=0.143  Top5=0.602  Top1=0.429
[Epoch 340] train_loss=2.7820  val_loss=4.4451  ACC=0.429  F1m=0.143  Top5=0.602  Top1=0.429
[Epoch 341] train_loss=2.7809  val_loss=4.4499  ACC=0.429  F1m=0.143  Top5=0.602  Top1=0.429
[Epoch 342] train_loss=2.7824  val_loss=4.4548  ACC=0.429  F1m=0.143  Top5=0.602  Top1=0.429
[Epoch 343] train_loss=2.7818  val_loss=4.4596  ACC=0.429  F1m=0.143  Top5=0.602  Top1=0.429
[Epoch 344] train_loss=2.7803  val_loss=4.4642  ACC=0.429  F1m=0.143  Top5=0.602  Top1=0.429
[Epoch 345] train_loss=2.7810  val_loss=4.4690  ACC=0.429  F1m=0.143  Top5=0.602  Top1=0.429
[Epoch 346] train_loss=2.7807  val_loss=4.4737  ACC=0.429  F1m=0.143  Top5=0.602  Top1=0.429
[Epoch 347] train_loss=2.7813  val_loss=4.4783  ACC=0.429  F1m=0.143  Top5=0.602  Top1=0.429
[Epoch 348] train_loss=2.7797  val_loss=4.4831  ACC=0.429  F1m=0.143  Top5=0.602  Top1=0.429
[Epoch 349] train_loss=2.7815  val_loss=4.4874  ACC=0.429  F1m=0.143  Top5=0.602  Top1=0.429
[Epoch 350] train_loss=2.7804  val_loss=4.4919  ACC=0.429  F1m=0.143  Top5=0.602  Top1=0.429
[Epoch 351] train_loss=2.7809  val_loss=4.4963  ACC=0.429  F1m=0.143  Top5=0.592  Top1=0.429
[Epoch 352] train_loss=2.7804  val_loss=4.5006  ACC=0.429  F1m=0.143  Top5=0.592  Top1=0.429
[Epoch 353] train_loss=2.7813  val_loss=4.5051  ACC=0.429  F1m=0.143  Top5=0.592  Top1=0.429
[Epoch 354] train_loss=2.7802  val_loss=4.5096  ACC=0.429  F1m=0.143  Top5=0.592  Top1=0.429
[Epoch 355] train_loss=2.7819  val_loss=4.5140  ACC=0.429  F1m=0.143  Top5=0.592  Top1=0.429
[Epoch 356] train_loss=2.7796  val_loss=4.5184  ACC=0.429  F1m=0.143  Top5=0.592  Top1=0.429
[Epoch 357] train_loss=2.7804  val_loss=4.5226  ACC=0.429  F1m=0.143  Top5=0.592  Top1=0.429
[Epoch 358] train_loss=2.7802  val_loss=4.5268  ACC=0.429  F1m=0.143  Top5=0.592  Top1=0.429
[Epoch 359] train_loss=2.7786  val_loss=4.5312  ACC=0.429  F1m=0.143  Top5=0.592  Top1=0.429
[Epoch 360] train_loss=2.7808  val_loss=4.5353  ACC=0.429  F1m=0.143  Top5=0.592  Top1=0.429
[Epoch 361] train_loss=2.7796  val_loss=4.5397  ACC=0.429  F1m=0.143  Top5=0.592  Top1=0.429
[Epoch 362] train_loss=2.7804  val_loss=4.5438  ACC=0.429  F1m=0.143  Top5=0.592  Top1=0.429
[Epoch 363] train_loss=2.7791  val_loss=4.5480  ACC=0.429  F1m=0.143  Top5=0.592  Top1=0.429
[Epoch 364] train_loss=2.7792  val_loss=4.5524  ACC=0.429  F1m=0.143  Top5=0.592  Top1=0.429
[Epoch 365] train_loss=2.7804  val_loss=4.5565  ACC=0.429  F1m=0.143  Top5=0.592  Top1=0.429
[Epoch 366] train_loss=2.7787  val_loss=4.5605  ACC=0.429  F1m=0.143  Top5=0.592  Top1=0.429
[Epoch 367] train_loss=2.7790  val_loss=4.5649  ACC=0.429  F1m=0.143  Top5=0.592  Top1=0.429
[Epoch 368] train_loss=2.7792  val_loss=4.5690  ACC=0.429  F1m=0.143  Top5=0.592  Top1=0.429
[Epoch 369] train_loss=2.7792  val_loss=4.5729  ACC=0.429  F1m=0.143  Top5=0.592  Top1=0.429
[Epoch 370] train_loss=2.7781  val_loss=4.5770  ACC=0.429  F1m=0.143  Top5=0.592  Top1=0.429
[Epoch 371] train_loss=2.7782  val_loss=4.5811  ACC=0.429  F1m=0.143  Top5=0.592  Top1=0.429
[Epoch 372] train_loss=2.7778  val_loss=4.5851  ACC=0.429  F1m=0.143  Top5=0.592  Top1=0.429
[Epoch 373] train_loss=2.7800  val_loss=4.5890  ACC=0.429  F1m=0.143  Top5=0.592  Top1=0.429
[Epoch 374] train_loss=2.7779  val_loss=4.5930  ACC=0.429  F1m=0.143  Top5=0.592  Top1=0.429
[Epoch 375] train_loss=2.7774  val_loss=4.5970  ACC=0.429  F1m=0.143  Top5=0.592  Top1=0.429
[Epoch 376] train_loss=2.7779  val_loss=4.6009  ACC=0.429  F1m=0.143  Top5=0.592  Top1=0.429
[Epoch 377] train_loss=2.7777  val_loss=4.6049  ACC=0.429  F1m=0.143  Top5=0.592  Top1=0.429
[Epoch 378] train_loss=2.7776  val_loss=4.6087  ACC=0.429  F1m=0.143  Top5=0.592  Top1=0.429
[Epoch 379] train_loss=2.7775  val_loss=4.6127  ACC=0.429  F1m=0.143  Top5=0.592  Top1=0.429
[Epoch 380] train_loss=2.7767  val_loss=4.6167  ACC=0.429  F1m=0.143  Top5=0.592  Top1=0.429
[Epoch 381] train_loss=2.7780  val_loss=4.6203  ACC=0.429  F1m=0.143  Top5=0.592  Top1=0.429
[Epoch 382] train_loss=2.7772  val_loss=4.6240  ACC=0.429  F1m=0.143  Top5=0.592  Top1=0.429
[Epoch 383] train_loss=2.7772  val_loss=4.6276  ACC=0.429  F1m=0.143  Top5=0.592  Top1=0.429
[Epoch 384] train_loss=2.7766  val_loss=4.6316  ACC=0.429  F1m=0.143  Top5=0.592  Top1=0.429
[Epoch 385] train_loss=2.7773  val_loss=4.6354  ACC=0.429  F1m=0.143  Top5=0.592  Top1=0.429
[Epoch 386] train_loss=2.7769  val_loss=4.6393  ACC=0.429  F1m=0.143  Top5=0.592  Top1=0.429
[Epoch 387] train_loss=2.7771  val_loss=4.6429  ACC=0.429  F1m=0.143  Top5=0.592  Top1=0.429
[Epoch 388] train_loss=2.7764  val_loss=4.6466  ACC=0.429  F1m=0.143  Top5=0.592  Top1=0.429
[Epoch 389] train_loss=2.7779  val_loss=4.6502  ACC=0.429  F1m=0.143  Top5=0.592  Top1=0.429
[Epoch 390] train_loss=2.7769  val_loss=4.6539  ACC=0.429  F1m=0.143  Top5=0.592  Top1=0.429
[Epoch 391] train_loss=2.7763  val_loss=4.6574  ACC=0.429  F1m=0.143  Top5=0.592  Top1=0.429
[Epoch 392] train_loss=2.7762  val_loss=4.6609  ACC=0.429  F1m=0.143  Top5=0.592  Top1=0.429
[Epoch 393] train_loss=2.7768  val_loss=4.6644  ACC=0.429  F1m=0.143  Top5=0.592  Top1=0.429
[Epoch 394] train_loss=2.7769  val_loss=4.6678  ACC=0.429  F1m=0.143  Top5=0.592  Top1=0.429
[Epoch 395] train_loss=2.7766  val_loss=4.6712  ACC=0.429  F1m=0.143  Top5=0.592  Top1=0.429
[Epoch 396] train_loss=2.7766  val_loss=4.6747  ACC=0.429  F1m=0.143  Top5=0.592  Top1=0.429
[Epoch 397] train_loss=2.7766  val_loss=4.6781  ACC=0.429  F1m=0.143  Top5=0.592  Top1=0.429
[Epoch 398] train_loss=2.7761  val_loss=4.6817  ACC=0.429  F1m=0.143  Top5=0.592  Top1=0.429
[Epoch 399] train_loss=2.7756  val_loss=4.6850  ACC=0.429  F1m=0.143  Top5=0.592  Top1=0.429
[Epoch 400] train_loss=2.7761  val_loss=4.6883  ACC=0.429  F1m=0.143  Top5=0.592  Top1=0.429
[Epoch 401] train_loss=2.7755  val_loss=4.6916  ACC=0.429  F1m=0.143  Top5=0.592  Top1=0.429
[Epoch 402] train_loss=2.7763  val_loss=4.6951  ACC=0.429  F1m=0.143  Top5=0.592  Top1=0.429
[Epoch 403] train_loss=2.7761  val_loss=4.6984  ACC=0.429  F1m=0.143  Top5=0.592  Top1=0.429
[Epoch 404] train_loss=2.7755  val_loss=4.7018  ACC=0.429  F1m=0.143  Top5=0.592  Top1=0.429
[Epoch 405] train_loss=2.7761  val_loss=4.7049  ACC=0.429  F1m=0.143  Top5=0.592  Top1=0.429
[Epoch 406] train_loss=2.7754  val_loss=4.7083  ACC=0.429  F1m=0.143  Top5=0.592  Top1=0.429
[Epoch 407] train_loss=2.7751  val_loss=4.7116  ACC=0.418  F1m=0.142  Top5=0.592  Top1=0.418
[Epoch 408] train_loss=2.7751  val_loss=4.7149  ACC=0.418  F1m=0.142  Top5=0.592  Top1=0.418
[Epoch 409] train_loss=2.7751  val_loss=4.7181  ACC=0.418  F1m=0.142  Top5=0.592  Top1=0.418
[Epoch 410] train_loss=2.7752  val_loss=4.7214  ACC=0.418  F1m=0.142  Top5=0.592  Top1=0.418
[Epoch 411] train_loss=2.7748  val_loss=4.7246  ACC=0.418  F1m=0.142  Top5=0.592  Top1=0.418
[Epoch 412] train_loss=2.7749  val_loss=4.7277  ACC=0.418  F1m=0.142  Top5=0.592  Top1=0.418
[Epoch 413] train_loss=2.7752  val_loss=4.7310  ACC=0.418  F1m=0.142  Top5=0.592  Top1=0.418
[Epoch 414] train_loss=2.7745  val_loss=4.7342  ACC=0.418  F1m=0.142  Top5=0.592  Top1=0.418
[Epoch 415] train_loss=2.7747  val_loss=4.7373  ACC=0.418  F1m=0.142  Top5=0.592  Top1=0.418
[Epoch 416] train_loss=2.7752  val_loss=4.7406  ACC=0.418  F1m=0.142  Top5=0.592  Top1=0.418
[Epoch 417] train_loss=2.7749  val_loss=4.7438  ACC=0.418  F1m=0.142  Top5=0.592  Top1=0.418
[Epoch 418] train_loss=2.7744  val_loss=4.7466  ACC=0.418  F1m=0.142  Top5=0.592  Top1=0.418
[Epoch 419] train_loss=2.7744  val_loss=4.7500  ACC=0.418  F1m=0.142  Top5=0.592  Top1=0.418
[Epoch 420] train_loss=2.7741  val_loss=4.7531  ACC=0.418  F1m=0.142  Top5=0.592  Top1=0.418
[Epoch 421] train_loss=2.7744  val_loss=4.7562  ACC=0.418  F1m=0.142  Top5=0.592  Top1=0.418
[Epoch 422] train_loss=2.7746  val_loss=4.7591  ACC=0.418  F1m=0.142  Top5=0.592  Top1=0.418
[Epoch 423] train_loss=2.7741  val_loss=4.7620  ACC=0.418  F1m=0.142  Top5=0.592  Top1=0.418
[Epoch 424] train_loss=2.7744  val_loss=4.7647  ACC=0.418  F1m=0.142  Top5=0.592  Top1=0.418
[Epoch 425] train_loss=2.7741  val_loss=4.7677  ACC=0.418  F1m=0.142  Top5=0.592  Top1=0.418
[Epoch 426] train_loss=2.7741  val_loss=4.7706  ACC=0.418  F1m=0.142  Top5=0.592  Top1=0.418
[Epoch 427] train_loss=2.7736  val_loss=4.7735  ACC=0.418  F1m=0.142  Top5=0.592  Top1=0.418
[Epoch 428] train_loss=2.7738  val_loss=4.7763  ACC=0.418  F1m=0.142  Top5=0.592  Top1=0.418
[Epoch 429] train_loss=2.7737  val_loss=4.7794  ACC=0.418  F1m=0.142  Top5=0.592  Top1=0.418
[Epoch 430] train_loss=2.7737  val_loss=4.7822  ACC=0.418  F1m=0.142  Top5=0.592  Top1=0.418
[Epoch 431] train_loss=2.7736  val_loss=4.7848  ACC=0.418  F1m=0.142  Top5=0.592  Top1=0.418
[Epoch 432] train_loss=2.7738  val_loss=4.7876  ACC=0.418  F1m=0.142  Top5=0.592  Top1=0.418
[Epoch 433] train_loss=2.7737  val_loss=4.7905  ACC=0.418  F1m=0.142  Top5=0.592  Top1=0.418
[Epoch 434] train_loss=2.7735  val_loss=4.7934  ACC=0.418  F1m=0.142  Top5=0.592  Top1=0.418
[Epoch 435] train_loss=2.7736  val_loss=4.7963  ACC=0.418  F1m=0.142  Top5=0.592  Top1=0.418
[Epoch 436] train_loss=2.7732  val_loss=4.7992  ACC=0.418  F1m=0.142  Top5=0.592  Top1=0.418
[Epoch 437] train_loss=2.7734  val_loss=4.8020  ACC=0.418  F1m=0.142  Top5=0.592  Top1=0.418
[Epoch 438] train_loss=2.7732  val_loss=4.8047  ACC=0.418  F1m=0.142  Top5=0.592  Top1=0.418
[Epoch 439] train_loss=2.7731  val_loss=4.8073  ACC=0.418  F1m=0.142  Top5=0.592  Top1=0.418
[Epoch 440] train_loss=2.7731  val_loss=4.8100  ACC=0.418  F1m=0.142  Top5=0.592  Top1=0.418
[Epoch 441] train_loss=2.7730  val_loss=4.8125  ACC=0.418  F1m=0.142  Top5=0.592  Top1=0.418
[Epoch 442] train_loss=2.7730  val_loss=4.8153  ACC=0.418  F1m=0.142  Top5=0.592  Top1=0.418
[Epoch 443] train_loss=2.7730  val_loss=4.8180  ACC=0.418  F1m=0.142  Top5=0.592  Top1=0.418
[Epoch 444] train_loss=2.7731  val_loss=4.8204  ACC=0.418  F1m=0.142  Top5=0.592  Top1=0.418
[Epoch 445] train_loss=2.7730  val_loss=4.8230  ACC=0.418  F1m=0.142  Top5=0.592  Top1=0.418
[Epoch 446] train_loss=2.7729  val_loss=4.8259  ACC=0.418  F1m=0.142  Top5=0.592  Top1=0.418
[Epoch 447] train_loss=2.7730  val_loss=4.8288  ACC=0.418  F1m=0.142  Top5=0.592  Top1=0.418
[Epoch 448] train_loss=2.7729  val_loss=4.8313  ACC=0.418  F1m=0.142  Top5=0.592  Top1=0.418
[Epoch 449] train_loss=2.7728  val_loss=4.8337  ACC=0.418  F1m=0.142  Top5=0.592  Top1=0.418
[Epoch 450] train_loss=2.7728  val_loss=4.8362  ACC=0.418  F1m=0.142  Top5=0.592  Top1=0.418
[Epoch 451] train_loss=2.7725  val_loss=4.8387  ACC=0.418  F1m=0.142  Top5=0.592  Top1=0.418
[Epoch 452] train_loss=2.7727  val_loss=4.8413  ACC=0.418  F1m=0.142  Top5=0.592  Top1=0.418
[Epoch 453] train_loss=2.7727  val_loss=4.8436  ACC=0.418  F1m=0.142  Top5=0.592  Top1=0.418
[Epoch 454] train_loss=2.7727  val_loss=4.8461  ACC=0.418  F1m=0.142  Top5=0.582  Top1=0.418
[Epoch 455] train_loss=2.7726  val_loss=4.8489  ACC=0.418  F1m=0.142  Top5=0.582  Top1=0.418
[Epoch 456] train_loss=2.7724  val_loss=4.8512  ACC=0.418  F1m=0.142  Top5=0.582  Top1=0.418
[Epoch 457] train_loss=2.7725  val_loss=4.8538  ACC=0.418  F1m=0.142  Top5=0.582  Top1=0.418
[Epoch 458] train_loss=2.7724  val_loss=4.8562  ACC=0.418  F1m=0.142  Top5=0.582  Top1=0.418
[Epoch 459] train_loss=2.7724  val_loss=4.8584  ACC=0.418  F1m=0.142  Top5=0.582  Top1=0.418
[Epoch 460] train_loss=2.7725  val_loss=4.8607  ACC=0.418  F1m=0.142  Top5=0.582  Top1=0.418
[Epoch 461] train_loss=2.7724  val_loss=4.8631  ACC=0.418  F1m=0.142  Top5=0.582  Top1=0.418
[Epoch 462] train_loss=2.7723  val_loss=4.8655  ACC=0.418  F1m=0.142  Top5=0.582  Top1=0.418
[Epoch 463] train_loss=2.7724  val_loss=4.8678  ACC=0.418  F1m=0.142  Top5=0.582  Top1=0.418
[Epoch 464] train_loss=2.7723  val_loss=4.8703  ACC=0.418  F1m=0.142  Top5=0.582  Top1=0.418
[Epoch 465] train_loss=2.7723  val_loss=4.8725  ACC=0.408  F1m=0.141  Top5=0.582  Top1=0.408
[Epoch 466] train_loss=2.7722  val_loss=4.8748  ACC=0.408  F1m=0.141  Top5=0.582  Top1=0.408
[Epoch 467] train_loss=2.7722  val_loss=4.8773  ACC=0.408  F1m=0.141  Top5=0.582  Top1=0.408
[Epoch 468] train_loss=2.7723  val_loss=4.8796  ACC=0.408  F1m=0.141  Top5=0.582  Top1=0.408
[Epoch 469] train_loss=2.7722  val_loss=4.8820  ACC=0.408  F1m=0.141  Top5=0.582  Top1=0.408
[Epoch 470] train_loss=2.7721  val_loss=4.8841  ACC=0.408  F1m=0.141  Top5=0.582  Top1=0.408
[Epoch 471] train_loss=2.7721  val_loss=4.8864  ACC=0.408  F1m=0.141  Top5=0.582  Top1=0.408
[Epoch 472] train_loss=2.7721  val_loss=4.8887  ACC=0.408  F1m=0.141  Top5=0.582  Top1=0.408
[Epoch 473] train_loss=2.7720  val_loss=4.8909  ACC=0.408  F1m=0.141  Top5=0.582  Top1=0.408
[Epoch 474] train_loss=2.7720  val_loss=4.8931  ACC=0.408  F1m=0.141  Top5=0.582  Top1=0.408
[Epoch 475] train_loss=2.7720  val_loss=4.8952  ACC=0.408  F1m=0.141  Top5=0.582  Top1=0.408
[Epoch 476] train_loss=2.7720  val_loss=4.8974  ACC=0.408  F1m=0.141  Top5=0.582  Top1=0.408
[Epoch 477] train_loss=2.7720  val_loss=4.8995  ACC=0.408  F1m=0.141  Top5=0.582  Top1=0.408
[Epoch 478] train_loss=2.7720  val_loss=4.9016  ACC=0.408  F1m=0.141  Top5=0.582  Top1=0.408
[Epoch 479] train_loss=2.7720  val_loss=4.9039  ACC=0.408  F1m=0.141  Top5=0.582  Top1=0.408
[Epoch 480] train_loss=2.7719  val_loss=4.9060  ACC=0.408  F1m=0.141  Top5=0.582  Top1=0.408
[Epoch 481] train_loss=2.7719  val_loss=4.9080  ACC=0.408  F1m=0.141  Top5=0.582  Top1=0.408
[Epoch 482] train_loss=2.7719  val_loss=4.9101  ACC=0.408  F1m=0.141  Top5=0.582  Top1=0.408
[Epoch 483] train_loss=2.7719  val_loss=4.9123  ACC=0.408  F1m=0.141  Top5=0.582  Top1=0.408
[Epoch 484] train_loss=2.7719  val_loss=4.9141  ACC=0.408  F1m=0.141  Top5=0.582  Top1=0.408
[Epoch 485] train_loss=2.7719  val_loss=4.9162  ACC=0.408  F1m=0.141  Top5=0.582  Top1=0.408
[Epoch 486] train_loss=2.7718  val_loss=4.9181  ACC=0.408  F1m=0.141  Top5=0.582  Top1=0.408
[Epoch 487] train_loss=2.7718  val_loss=4.9201  ACC=0.408  F1m=0.141  Top5=0.582  Top1=0.408
[Epoch 488] train_loss=2.7718  val_loss=4.9220  ACC=0.408  F1m=0.141  Top5=0.582  Top1=0.408
[Epoch 489] train_loss=2.7718  val_loss=4.9240  ACC=0.408  F1m=0.141  Top5=0.582  Top1=0.408
[Epoch 490] train_loss=2.7718  val_loss=4.9259  ACC=0.408  F1m=0.141  Top5=0.582  Top1=0.408
[Epoch 491] train_loss=2.7718  val_loss=4.9279  ACC=0.408  F1m=0.141  Top5=0.582  Top1=0.408
[Epoch 492] train_loss=2.7718  val_loss=4.9300  ACC=0.408  F1m=0.141  Top5=0.582  Top1=0.408
[Epoch 493] train_loss=2.7718  val_loss=4.9319  ACC=0.408  F1m=0.141  Top5=0.582  Top1=0.408
[Epoch 494] train_loss=2.7718  val_loss=4.9340  ACC=0.408  F1m=0.141  Top5=0.582  Top1=0.408
[Epoch 495] train_loss=2.7718  val_loss=4.9359  ACC=0.408  F1m=0.141  Top5=0.582  Top1=0.408
[Epoch 496] train_loss=2.7718  val_loss=4.9378  ACC=0.408  F1m=0.141  Top5=0.582  Top1=0.408
[Epoch 497] train_loss=2.7718  val_loss=4.9396  ACC=0.408  F1m=0.141  Top5=0.582  Top1=0.408
[Epoch 498] train_loss=2.7717  val_loss=4.9414  ACC=0.408  F1m=0.141  Top5=0.582  Top1=0.408
[Epoch 499] train_loss=2.7717  val_loss=4.9432  ACC=0.408  F1m=0.141  Top5=0.582  Top1=0.408
[Epoch 500] train_loss=2.7717  val_loss=4.9451  ACC=0.408  F1m=0.141  Top5=0.582  Top1=0.408
[Temp scaling] learned T = 1.728

=== TEST (FT) ===  ACC=0.655  F1m=0.364  Top5=0.927  Top10=0.982
[Best FT Model Saved] /users/PAS2177/liu9756/DualChain-SelfAg_prediction/results/finetune_results_min5_with_record/best_acc.pt (includes temperature).
Saved: /users/PAS2177/liu9756/DualChain-SelfAg_prediction/results/finetune_results_min5_with_record/test_predictions_ft.csv
