[Data] X shape=(500, 22), #classes=116
[Split] Train=347, Val=98, Test=55
[FT init] loaded 52 keys from backbone, skipped 4
[Note] use_cosine_head enabled -> forcing label_smoothing=0.0
[blocks] mean| HLA=0.1172
[Epoch 001] train_loss=9.2424  val_loss=3.4961  ACC=0.082  F1m=0.032  Top5=0.316  Top1=0.082
[Checkpoint] New best ACC=0.0816 at epoch 1. Saved to: /users/PAS2177/liu9756/DualChain-SelfAg_prediction/results/finetune_results_min5/best_acc.pt
[Epoch 002] train_loss=8.8637  val_loss=3.4936  ACC=0.082  F1m=0.032  Top5=0.316  Top1=0.082
[Epoch 003] train_loss=8.3193  val_loss=3.4875  ACC=0.082  F1m=0.032  Top5=0.316  Top1=0.082
[Epoch 004] train_loss=7.9372  val_loss=3.4775  ACC=0.092  F1m=0.037  Top5=0.316  Top1=0.092
[Checkpoint] New best ACC=0.0918 at epoch 4. Saved to: /users/PAS2177/liu9756/DualChain-SelfAg_prediction/results/finetune_results_min5/best_acc.pt
[Epoch 005] train_loss=7.6467  val_loss=3.4642  ACC=0.092  F1m=0.037  Top5=0.316  Top1=0.092
[Epoch 006] train_loss=7.4259  val_loss=3.4486  ACC=0.092  F1m=0.037  Top5=0.337  Top1=0.092
[Epoch 007] train_loss=7.2271  val_loss=3.4314  ACC=0.102  F1m=0.042  Top5=0.357  Top1=0.102
[Checkpoint] New best ACC=0.1020 at epoch 7. Saved to: /users/PAS2177/liu9756/DualChain-SelfAg_prediction/results/finetune_results_min5/best_acc.pt
[Epoch 008] train_loss=7.0679  val_loss=3.4131  ACC=0.102  F1m=0.041  Top5=0.357  Top1=0.102
[Epoch 009] train_loss=6.8897  val_loss=3.3942  ACC=0.112  F1m=0.043  Top5=0.357  Top1=0.112
[Checkpoint] New best ACC=0.1122 at epoch 9. Saved to: /users/PAS2177/liu9756/DualChain-SelfAg_prediction/results/finetune_results_min5/best_acc.pt
[Epoch 010] train_loss=6.7048  val_loss=3.3750  ACC=0.112  F1m=0.043  Top5=0.367  Top1=0.112
[Epoch 011] train_loss=6.5123  val_loss=3.3553  ACC=0.112  F1m=0.043  Top5=0.367  Top1=0.112
[Epoch 012] train_loss=6.3331  val_loss=3.3355  ACC=0.133  F1m=0.045  Top5=0.367  Top1=0.133
[Checkpoint] New best ACC=0.1327 at epoch 12. Saved to: /users/PAS2177/liu9756/DualChain-SelfAg_prediction/results/finetune_results_min5/best_acc.pt
[Epoch 013] train_loss=6.1798  val_loss=3.3156  ACC=0.143  F1m=0.047  Top5=0.378  Top1=0.143
[Checkpoint] New best ACC=0.1429 at epoch 13. Saved to: /users/PAS2177/liu9756/DualChain-SelfAg_prediction/results/finetune_results_min5/best_acc.pt
[Epoch 014] train_loss=6.0003  val_loss=3.2955  ACC=0.143  F1m=0.047  Top5=0.378  Top1=0.143
[Epoch 015] train_loss=5.7863  val_loss=3.2753  ACC=0.143  F1m=0.046  Top5=0.388  Top1=0.143
[Epoch 016] train_loss=5.6123  val_loss=3.2551  ACC=0.153  F1m=0.047  Top5=0.408  Top1=0.153
[Checkpoint] New best ACC=0.1531 at epoch 16. Saved to: /users/PAS2177/liu9756/DualChain-SelfAg_prediction/results/finetune_results_min5/best_acc.pt
[Epoch 017] train_loss=5.4179  val_loss=3.2345  ACC=0.153  F1m=0.047  Top5=0.429  Top1=0.153
[Epoch 018] train_loss=5.2137  val_loss=3.2135  ACC=0.153  F1m=0.047  Top5=0.439  Top1=0.153
[Epoch 019] train_loss=5.0383  val_loss=3.1927  ACC=0.153  F1m=0.047  Top5=0.459  Top1=0.153
[Epoch 020] train_loss=4.8650  val_loss=3.1720  ACC=0.173  F1m=0.051  Top5=0.459  Top1=0.173
[Checkpoint] New best ACC=0.1735 at epoch 20. Saved to: /users/PAS2177/liu9756/DualChain-SelfAg_prediction/results/finetune_results_min5/best_acc.pt
[Epoch 021] train_loss=4.6750  val_loss=3.1515  ACC=0.184  F1m=0.062  Top5=0.459  Top1=0.184
[Checkpoint] New best ACC=0.1837 at epoch 21. Saved to: /users/PAS2177/liu9756/DualChain-SelfAg_prediction/results/finetune_results_min5/best_acc.pt
[Epoch 022] train_loss=4.5001  val_loss=3.1302  ACC=0.184  F1m=0.062  Top5=0.469  Top1=0.184
[Epoch 023] train_loss=4.3184  val_loss=3.1092  ACC=0.194  F1m=0.064  Top5=0.469  Top1=0.194
[Checkpoint] New best ACC=0.1939 at epoch 23. Saved to: /users/PAS2177/liu9756/DualChain-SelfAg_prediction/results/finetune_results_min5/best_acc.pt
[Epoch 024] train_loss=4.1670  val_loss=3.0884  ACC=0.204  F1m=0.065  Top5=0.469  Top1=0.204
[Checkpoint] New best ACC=0.2041 at epoch 24. Saved to: /users/PAS2177/liu9756/DualChain-SelfAg_prediction/results/finetune_results_min5/best_acc.pt
[Epoch 025] train_loss=3.9938  val_loss=3.0675  ACC=0.204  F1m=0.063  Top5=0.469  Top1=0.204
[Epoch 026] train_loss=3.8588  val_loss=3.0470  ACC=0.204  F1m=0.063  Top5=0.480  Top1=0.204
[Epoch 027] train_loss=3.7207  val_loss=3.0263  ACC=0.204  F1m=0.063  Top5=0.490  Top1=0.204
[Epoch 028] train_loss=3.6285  val_loss=3.0058  ACC=0.224  F1m=0.064  Top5=0.480  Top1=0.224
[Checkpoint] New best ACC=0.2245 at epoch 28. Saved to: /users/PAS2177/liu9756/DualChain-SelfAg_prediction/results/finetune_results_min5/best_acc.pt
[Epoch 029] train_loss=3.5412  val_loss=2.9856  ACC=0.235  F1m=0.066  Top5=0.500  Top1=0.235
[Checkpoint] New best ACC=0.2347 at epoch 29. Saved to: /users/PAS2177/liu9756/DualChain-SelfAg_prediction/results/finetune_results_min5/best_acc.pt
[Epoch 030] train_loss=3.4298  val_loss=2.9660  ACC=0.235  F1m=0.066  Top5=0.500  Top1=0.235
[Epoch 031] train_loss=3.3602  val_loss=2.9469  ACC=0.245  F1m=0.068  Top5=0.520  Top1=0.245
[Checkpoint] New best ACC=0.2449 at epoch 31. Saved to: /users/PAS2177/liu9756/DualChain-SelfAg_prediction/results/finetune_results_min5/best_acc.pt
[Epoch 032] train_loss=3.2831  val_loss=2.9279  ACC=0.255  F1m=0.069  Top5=0.520  Top1=0.255
[Checkpoint] New best ACC=0.2551 at epoch 32. Saved to: /users/PAS2177/liu9756/DualChain-SelfAg_prediction/results/finetune_results_min5/best_acc.pt
[Epoch 033] train_loss=3.2267  val_loss=2.9090  ACC=0.265  F1m=0.070  Top5=0.520  Top1=0.265
[Checkpoint] New best ACC=0.2653 at epoch 33. Saved to: /users/PAS2177/liu9756/DualChain-SelfAg_prediction/results/finetune_results_min5/best_acc.pt
[Epoch 034] train_loss=3.1735  val_loss=2.8905  ACC=0.286  F1m=0.073  Top5=0.531  Top1=0.286
[Checkpoint] New best ACC=0.2857 at epoch 34. Saved to: /users/PAS2177/liu9756/DualChain-SelfAg_prediction/results/finetune_results_min5/best_acc.pt
[Epoch 035] train_loss=3.1213  val_loss=2.8726  ACC=0.296  F1m=0.075  Top5=0.531  Top1=0.296
[Checkpoint] New best ACC=0.2959 at epoch 35. Saved to: /users/PAS2177/liu9756/DualChain-SelfAg_prediction/results/finetune_results_min5/best_acc.pt
[Epoch 036] train_loss=3.0987  val_loss=2.8553  ACC=0.306  F1m=0.076  Top5=0.541  Top1=0.306
[Checkpoint] New best ACC=0.3061 at epoch 36. Saved to: /users/PAS2177/liu9756/DualChain-SelfAg_prediction/results/finetune_results_min5/best_acc.pt
[Epoch 037] train_loss=3.0503  val_loss=2.8387  ACC=0.306  F1m=0.076  Top5=0.541  Top1=0.306
[Epoch 038] train_loss=3.0216  val_loss=2.8225  ACC=0.316  F1m=0.078  Top5=0.531  Top1=0.316
[Checkpoint] New best ACC=0.3163 at epoch 38. Saved to: /users/PAS2177/liu9756/DualChain-SelfAg_prediction/results/finetune_results_min5/best_acc.pt
[Epoch 039] train_loss=2.9993  val_loss=2.8067  ACC=0.327  F1m=0.079  Top5=0.541  Top1=0.327
[Checkpoint] New best ACC=0.3265 at epoch 39. Saved to: /users/PAS2177/liu9756/DualChain-SelfAg_prediction/results/finetune_results_min5/best_acc.pt
[Epoch 040] train_loss=2.9728  val_loss=2.7912  ACC=0.327  F1m=0.079  Top5=0.541  Top1=0.327
[Epoch 041] train_loss=2.9642  val_loss=2.7761  ACC=0.347  F1m=0.082  Top5=0.541  Top1=0.347
[Checkpoint] New best ACC=0.3469 at epoch 41. Saved to: /users/PAS2177/liu9756/DualChain-SelfAg_prediction/results/finetune_results_min5/best_acc.pt
[Epoch 042] train_loss=2.9718  val_loss=2.7618  ACC=0.347  F1m=0.082  Top5=0.541  Top1=0.347
[Epoch 043] train_loss=2.9434  val_loss=2.7479  ACC=0.347  F1m=0.082  Top5=0.541  Top1=0.347
[Epoch 044] train_loss=2.9269  val_loss=2.7347  ACC=0.367  F1m=0.084  Top5=0.551  Top1=0.367
[Checkpoint] New best ACC=0.3673 at epoch 44. Saved to: /users/PAS2177/liu9756/DualChain-SelfAg_prediction/results/finetune_results_min5/best_acc.pt
[Epoch 045] train_loss=2.9091  val_loss=2.7218  ACC=0.367  F1m=0.085  Top5=0.551  Top1=0.367
[Epoch 046] train_loss=2.9099  val_loss=2.7095  ACC=0.378  F1m=0.087  Top5=0.561  Top1=0.378
[Checkpoint] New best ACC=0.3776 at epoch 46. Saved to: /users/PAS2177/liu9756/DualChain-SelfAg_prediction/results/finetune_results_min5/best_acc.pt
[Epoch 047] train_loss=2.9270  val_loss=2.6979  ACC=0.378  F1m=0.087  Top5=0.561  Top1=0.378
[Epoch 048] train_loss=2.9160  val_loss=2.6867  ACC=0.378  F1m=0.087  Top5=0.571  Top1=0.378
[Epoch 049] train_loss=2.8891  val_loss=2.6758  ACC=0.378  F1m=0.087  Top5=0.571  Top1=0.378
[Epoch 050] train_loss=2.8998  val_loss=2.6657  ACC=0.378  F1m=0.087  Top5=0.571  Top1=0.378
[Epoch 051] train_loss=2.8998  val_loss=2.6559  ACC=0.378  F1m=0.088  Top5=0.571  Top1=0.378
[Epoch 052] train_loss=2.8993  val_loss=2.6466  ACC=0.378  F1m=0.088  Top5=0.571  Top1=0.378
[Epoch 053] train_loss=2.8918  val_loss=2.6379  ACC=0.378  F1m=0.087  Top5=0.571  Top1=0.378
[Epoch 054] train_loss=2.8958  val_loss=2.6295  ACC=0.378  F1m=0.087  Top5=0.571  Top1=0.378
[Epoch 055] train_loss=2.8769  val_loss=2.6218  ACC=0.378  F1m=0.087  Top5=0.571  Top1=0.378
[Epoch 056] train_loss=2.8835  val_loss=2.6144  ACC=0.378  F1m=0.087  Top5=0.571  Top1=0.378
[Epoch 057] train_loss=2.8774  val_loss=2.6076  ACC=0.378  F1m=0.087  Top5=0.571  Top1=0.378
[Epoch 058] train_loss=2.8752  val_loss=2.6012  ACC=0.378  F1m=0.087  Top5=0.571  Top1=0.378
[Epoch 059] train_loss=2.8753  val_loss=2.5952  ACC=0.378  F1m=0.087  Top5=0.571  Top1=0.378
[Epoch 060] train_loss=2.8796  val_loss=2.5894  ACC=0.388  F1m=0.099  Top5=0.571  Top1=0.388
[Checkpoint] New best ACC=0.3878 at epoch 60. Saved to: /users/PAS2177/liu9756/DualChain-SelfAg_prediction/results/finetune_results_min5/best_acc.pt
[Epoch 061] train_loss=2.8793  val_loss=2.5841  ACC=0.388  F1m=0.099  Top5=0.582  Top1=0.388
[Epoch 062] train_loss=2.8815  val_loss=2.5793  ACC=0.388  F1m=0.099  Top5=0.582  Top1=0.388
[Epoch 063] train_loss=2.8689  val_loss=2.5749  ACC=0.388  F1m=0.099  Top5=0.582  Top1=0.388
[Epoch 064] train_loss=2.8685  val_loss=2.5713  ACC=0.388  F1m=0.099  Top5=0.582  Top1=0.388
[Epoch 065] train_loss=2.8558  val_loss=2.5680  ACC=0.388  F1m=0.101  Top5=0.582  Top1=0.388
[Epoch 066] train_loss=2.8597  val_loss=2.5647  ACC=0.388  F1m=0.101  Top5=0.582  Top1=0.388
[Epoch 067] train_loss=2.8666  val_loss=2.5619  ACC=0.388  F1m=0.101  Top5=0.582  Top1=0.388
[Epoch 068] train_loss=2.8672  val_loss=2.5596  ACC=0.388  F1m=0.101  Top5=0.582  Top1=0.388
[Epoch 069] train_loss=2.8676  val_loss=2.5576  ACC=0.398  F1m=0.107  Top5=0.582  Top1=0.398
[Checkpoint] New best ACC=0.3980 at epoch 69. Saved to: /users/PAS2177/liu9756/DualChain-SelfAg_prediction/results/finetune_results_min5/best_acc.pt
[Epoch 070] train_loss=2.8664  val_loss=2.5559  ACC=0.398  F1m=0.107  Top5=0.582  Top1=0.398
[Epoch 071] train_loss=2.8629  val_loss=2.5547  ACC=0.398  F1m=0.107  Top5=0.582  Top1=0.398
[Epoch 072] train_loss=2.8578  val_loss=2.5539  ACC=0.398  F1m=0.107  Top5=0.582  Top1=0.398
[Epoch 073] train_loss=2.8563  val_loss=2.5535  ACC=0.408  F1m=0.110  Top5=0.582  Top1=0.408
[Checkpoint] New best ACC=0.4082 at epoch 73. Saved to: /users/PAS2177/liu9756/DualChain-SelfAg_prediction/results/finetune_results_min5/best_acc.pt
[Epoch 074] train_loss=2.8530  val_loss=2.5536  ACC=0.408  F1m=0.110  Top5=0.582  Top1=0.408
[Epoch 075] train_loss=2.8613  val_loss=2.5541  ACC=0.418  F1m=0.114  Top5=0.582  Top1=0.418
[Checkpoint] New best ACC=0.4184 at epoch 75. Saved to: /users/PAS2177/liu9756/DualChain-SelfAg_prediction/results/finetune_results_min5/best_acc.pt
[Epoch 076] train_loss=2.8530  val_loss=2.5547  ACC=0.418  F1m=0.114  Top5=0.582  Top1=0.418
[Epoch 077] train_loss=2.8552  val_loss=2.5554  ACC=0.418  F1m=0.114  Top5=0.582  Top1=0.418
[Epoch 078] train_loss=2.8486  val_loss=2.5566  ACC=0.418  F1m=0.114  Top5=0.582  Top1=0.418
[Epoch 079] train_loss=2.8545  val_loss=2.5582  ACC=0.408  F1m=0.112  Top5=0.582  Top1=0.408
[Epoch 080] train_loss=2.8527  val_loss=2.5602  ACC=0.418  F1m=0.114  Top5=0.582  Top1=0.418
[Epoch 081] train_loss=2.8509  val_loss=2.5624  ACC=0.418  F1m=0.114  Top5=0.571  Top1=0.418
[Epoch 082] train_loss=2.8450  val_loss=2.5651  ACC=0.418  F1m=0.114  Top5=0.571  Top1=0.418
[Epoch 083] train_loss=2.8446  val_loss=2.5681  ACC=0.418  F1m=0.114  Top5=0.582  Top1=0.418
[Epoch 084] train_loss=2.8609  val_loss=2.5712  ACC=0.408  F1m=0.113  Top5=0.582  Top1=0.408
[Epoch 085] train_loss=2.8493  val_loss=2.5746  ACC=0.408  F1m=0.113  Top5=0.582  Top1=0.408
[Epoch 086] train_loss=2.8457  val_loss=2.5781  ACC=0.439  F1m=0.136  Top5=0.571  Top1=0.439
[Checkpoint] New best ACC=0.4388 at epoch 86. Saved to: /users/PAS2177/liu9756/DualChain-SelfAg_prediction/results/finetune_results_min5/best_acc.pt
[Epoch 087] train_loss=2.8494  val_loss=2.5822  ACC=0.439  F1m=0.136  Top5=0.571  Top1=0.439
[Epoch 088] train_loss=2.8491  val_loss=2.5864  ACC=0.439  F1m=0.142  Top5=0.571  Top1=0.439
[Epoch 089] train_loss=2.8487  val_loss=2.5909  ACC=0.439  F1m=0.142  Top5=0.571  Top1=0.439
[Epoch 090] train_loss=2.8565  val_loss=2.5959  ACC=0.439  F1m=0.142  Top5=0.571  Top1=0.439
[Epoch 091] train_loss=2.8528  val_loss=2.6009  ACC=0.439  F1m=0.142  Top5=0.571  Top1=0.439
[Epoch 092] train_loss=2.8468  val_loss=2.6063  ACC=0.439  F1m=0.142  Top5=0.582  Top1=0.439
[Epoch 093] train_loss=2.8434  val_loss=2.6117  ACC=0.439  F1m=0.142  Top5=0.582  Top1=0.439
[Epoch 094] train_loss=2.8442  val_loss=2.6174  ACC=0.439  F1m=0.142  Top5=0.582  Top1=0.439
[Epoch 095] train_loss=2.8448  val_loss=2.6233  ACC=0.439  F1m=0.142  Top5=0.582  Top1=0.439
[Epoch 096] train_loss=2.8421  val_loss=2.6295  ACC=0.439  F1m=0.142  Top5=0.582  Top1=0.439
[Epoch 097] train_loss=2.8413  val_loss=2.6358  ACC=0.439  F1m=0.142  Top5=0.582  Top1=0.439
[Epoch 098] train_loss=2.8364  val_loss=2.6425  ACC=0.439  F1m=0.142  Top5=0.582  Top1=0.439
[Epoch 099] train_loss=2.8362  val_loss=2.6494  ACC=0.439  F1m=0.142  Top5=0.582  Top1=0.439
[Epoch 100] train_loss=2.8391  val_loss=2.6564  ACC=0.449  F1m=0.145  Top5=0.582  Top1=0.449
[Checkpoint] New best ACC=0.4490 at epoch 100. Saved to: /users/PAS2177/liu9756/DualChain-SelfAg_prediction/results/finetune_results_min5/best_acc.pt
[Epoch 101] train_loss=2.8455  val_loss=2.6635  ACC=0.449  F1m=0.145  Top5=0.582  Top1=0.449
[Epoch 102] train_loss=2.8296  val_loss=2.6711  ACC=0.449  F1m=0.145  Top5=0.582  Top1=0.449
[Epoch 103] train_loss=2.8401  val_loss=2.6790  ACC=0.449  F1m=0.145  Top5=0.582  Top1=0.449
[Epoch 104] train_loss=2.8406  val_loss=2.6868  ACC=0.449  F1m=0.145  Top5=0.571  Top1=0.449
[Epoch 105] train_loss=2.8475  val_loss=2.6947  ACC=0.449  F1m=0.145  Top5=0.571  Top1=0.449
[Epoch 106] train_loss=2.8405  val_loss=2.7027  ACC=0.449  F1m=0.145  Top5=0.571  Top1=0.449
[Epoch 107] train_loss=2.8479  val_loss=2.7109  ACC=0.449  F1m=0.145  Top5=0.571  Top1=0.449
[Epoch 108] train_loss=2.8422  val_loss=2.7191  ACC=0.449  F1m=0.145  Top5=0.571  Top1=0.449
[Epoch 109] train_loss=2.8405  val_loss=2.7275  ACC=0.449  F1m=0.145  Top5=0.571  Top1=0.449
[Epoch 110] train_loss=2.8402  val_loss=2.7357  ACC=0.449  F1m=0.145  Top5=0.571  Top1=0.449
[Epoch 111] train_loss=2.8374  val_loss=2.7443  ACC=0.449  F1m=0.145  Top5=0.571  Top1=0.449
[Epoch 112] train_loss=2.8359  val_loss=2.7530  ACC=0.449  F1m=0.145  Top5=0.571  Top1=0.449
[Epoch 113] train_loss=2.8400  val_loss=2.7616  ACC=0.449  F1m=0.145  Top5=0.571  Top1=0.449
[Epoch 114] train_loss=2.8430  val_loss=2.7706  ACC=0.449  F1m=0.145  Top5=0.571  Top1=0.449
[Epoch 115] train_loss=2.8380  val_loss=2.7797  ACC=0.449  F1m=0.145  Top5=0.571  Top1=0.449
[Epoch 116] train_loss=2.8334  val_loss=2.7888  ACC=0.449  F1m=0.145  Top5=0.571  Top1=0.449
[Epoch 117] train_loss=2.8372  val_loss=2.7980  ACC=0.449  F1m=0.145  Top5=0.571  Top1=0.449
[Epoch 118] train_loss=2.8323  val_loss=2.8071  ACC=0.429  F1m=0.142  Top5=0.571  Top1=0.429
[Epoch 119] train_loss=2.8373  val_loss=2.8166  ACC=0.429  F1m=0.142  Top5=0.571  Top1=0.429
[Epoch 120] train_loss=2.8413  val_loss=2.8261  ACC=0.429  F1m=0.142  Top5=0.571  Top1=0.429
[Epoch 121] train_loss=2.8384  val_loss=2.8358  ACC=0.429  F1m=0.142  Top5=0.571  Top1=0.429
[Epoch 122] train_loss=2.8316  val_loss=2.8455  ACC=0.429  F1m=0.142  Top5=0.571  Top1=0.429
[Epoch 123] train_loss=2.8283  val_loss=2.8549  ACC=0.429  F1m=0.142  Top5=0.571  Top1=0.429
[Epoch 124] train_loss=2.8304  val_loss=2.8648  ACC=0.429  F1m=0.142  Top5=0.571  Top1=0.429
[Epoch 125] train_loss=2.8369  val_loss=2.8746  ACC=0.429  F1m=0.142  Top5=0.571  Top1=0.429
[Epoch 126] train_loss=2.8378  val_loss=2.8847  ACC=0.429  F1m=0.142  Top5=0.571  Top1=0.429
[Epoch 127] train_loss=2.8287  val_loss=2.8946  ACC=0.429  F1m=0.142  Top5=0.571  Top1=0.429
[Epoch 128] train_loss=2.8392  val_loss=2.9044  ACC=0.429  F1m=0.142  Top5=0.571  Top1=0.429
[Epoch 129] train_loss=2.8386  val_loss=2.9147  ACC=0.429  F1m=0.142  Top5=0.571  Top1=0.429
[Epoch 130] train_loss=2.8278  val_loss=2.9250  ACC=0.429  F1m=0.142  Top5=0.571  Top1=0.429
[Epoch 131] train_loss=2.8364  val_loss=2.9353  ACC=0.429  F1m=0.136  Top5=0.571  Top1=0.429
[Epoch 132] train_loss=2.8290  val_loss=2.9457  ACC=0.429  F1m=0.136  Top5=0.571  Top1=0.429
[Epoch 133] train_loss=2.8335  val_loss=2.9562  ACC=0.429  F1m=0.136  Top5=0.571  Top1=0.429
[Epoch 134] train_loss=2.8343  val_loss=2.9666  ACC=0.429  F1m=0.136  Top5=0.571  Top1=0.429
[Epoch 135] train_loss=2.8328  val_loss=2.9770  ACC=0.429  F1m=0.136  Top5=0.571  Top1=0.429
[Epoch 136] train_loss=2.8265  val_loss=2.9876  ACC=0.429  F1m=0.136  Top5=0.571  Top1=0.429
[Epoch 137] train_loss=2.8288  val_loss=2.9981  ACC=0.429  F1m=0.136  Top5=0.571  Top1=0.429
[Epoch 138] train_loss=2.8340  val_loss=3.0087  ACC=0.429  F1m=0.136  Top5=0.571  Top1=0.429
[Epoch 139] train_loss=2.8347  val_loss=3.0194  ACC=0.429  F1m=0.136  Top5=0.571  Top1=0.429
[Epoch 140] train_loss=2.8284  val_loss=3.0300  ACC=0.429  F1m=0.136  Top5=0.571  Top1=0.429
[Epoch 141] train_loss=2.8278  val_loss=3.0409  ACC=0.429  F1m=0.136  Top5=0.571  Top1=0.429
[Epoch 142] train_loss=2.8321  val_loss=3.0514  ACC=0.429  F1m=0.136  Top5=0.571  Top1=0.429
[Epoch 143] train_loss=2.8282  val_loss=3.0621  ACC=0.429  F1m=0.136  Top5=0.571  Top1=0.429
[Epoch 144] train_loss=2.8245  val_loss=3.0731  ACC=0.429  F1m=0.136  Top5=0.571  Top1=0.429
[Epoch 145] train_loss=2.8316  val_loss=3.0839  ACC=0.429  F1m=0.136  Top5=0.571  Top1=0.429
[Epoch 146] train_loss=2.8252  val_loss=3.0947  ACC=0.418  F1m=0.135  Top5=0.571  Top1=0.418
[Epoch 147] train_loss=2.8309  val_loss=3.1057  ACC=0.418  F1m=0.135  Top5=0.571  Top1=0.418
[Epoch 148] train_loss=2.8327  val_loss=3.1164  ACC=0.418  F1m=0.135  Top5=0.571  Top1=0.418
[Epoch 149] train_loss=2.8376  val_loss=3.1272  ACC=0.418  F1m=0.135  Top5=0.571  Top1=0.418
[Epoch 150] train_loss=2.8369  val_loss=3.1378  ACC=0.418  F1m=0.135  Top5=0.571  Top1=0.418
[Epoch 151] train_loss=2.8310  val_loss=3.1487  ACC=0.408  F1m=0.134  Top5=0.571  Top1=0.408
[Epoch 152] train_loss=2.8264  val_loss=3.1594  ACC=0.408  F1m=0.134  Top5=0.571  Top1=0.408
[Epoch 153] train_loss=2.8260  val_loss=3.1701  ACC=0.408  F1m=0.134  Top5=0.582  Top1=0.408
[Epoch 154] train_loss=2.8283  val_loss=3.1810  ACC=0.408  F1m=0.134  Top5=0.582  Top1=0.408
[Epoch 155] train_loss=2.8267  val_loss=3.1922  ACC=0.408  F1m=0.134  Top5=0.582  Top1=0.408
[Epoch 156] train_loss=2.8307  val_loss=3.2032  ACC=0.408  F1m=0.134  Top5=0.582  Top1=0.408
[Epoch 157] train_loss=2.8279  val_loss=3.2143  ACC=0.408  F1m=0.134  Top5=0.582  Top1=0.408
[Epoch 158] train_loss=2.8292  val_loss=3.2252  ACC=0.408  F1m=0.134  Top5=0.582  Top1=0.408
[Epoch 159] train_loss=2.8300  val_loss=3.2359  ACC=0.418  F1m=0.135  Top5=0.582  Top1=0.418
[Epoch 160] train_loss=2.8228  val_loss=3.2466  ACC=0.418  F1m=0.135  Top5=0.582  Top1=0.418
[Epoch 161] train_loss=2.8257  val_loss=3.2577  ACC=0.418  F1m=0.135  Top5=0.582  Top1=0.418
[Epoch 162] train_loss=2.8219  val_loss=3.2684  ACC=0.418  F1m=0.135  Top5=0.582  Top1=0.418
[Epoch 163] train_loss=2.8219  val_loss=3.2791  ACC=0.418  F1m=0.135  Top5=0.582  Top1=0.418
[Epoch 164] train_loss=2.8255  val_loss=3.2898  ACC=0.418  F1m=0.135  Top5=0.582  Top1=0.418
[Epoch 165] train_loss=2.8307  val_loss=3.3004  ACC=0.418  F1m=0.135  Top5=0.582  Top1=0.418
[Epoch 166] train_loss=2.8261  val_loss=3.3108  ACC=0.418  F1m=0.135  Top5=0.582  Top1=0.418
[Epoch 167] train_loss=2.8291  val_loss=3.3214  ACC=0.418  F1m=0.135  Top5=0.582  Top1=0.418
[Epoch 168] train_loss=2.8263  val_loss=3.3318  ACC=0.418  F1m=0.135  Top5=0.582  Top1=0.418
[Epoch 169] train_loss=2.8252  val_loss=3.3422  ACC=0.418  F1m=0.135  Top5=0.582  Top1=0.418
[Epoch 170] train_loss=2.8362  val_loss=3.3529  ACC=0.418  F1m=0.135  Top5=0.582  Top1=0.418
[Epoch 171] train_loss=2.8259  val_loss=3.3632  ACC=0.418  F1m=0.135  Top5=0.582  Top1=0.418
[Epoch 172] train_loss=2.8220  val_loss=3.3741  ACC=0.418  F1m=0.135  Top5=0.582  Top1=0.418
[Epoch 173] train_loss=2.8267  val_loss=3.3845  ACC=0.418  F1m=0.135  Top5=0.582  Top1=0.418
[Epoch 174] train_loss=2.8237  val_loss=3.3949  ACC=0.418  F1m=0.135  Top5=0.582  Top1=0.418
[Epoch 175] train_loss=2.8253  val_loss=3.4056  ACC=0.418  F1m=0.135  Top5=0.582  Top1=0.418
[Epoch 176] train_loss=2.8195  val_loss=3.4160  ACC=0.418  F1m=0.135  Top5=0.582  Top1=0.418
[Epoch 177] train_loss=2.8199  val_loss=3.4263  ACC=0.418  F1m=0.135  Top5=0.582  Top1=0.418
[Epoch 178] train_loss=2.8188  val_loss=3.4369  ACC=0.418  F1m=0.135  Top5=0.582  Top1=0.418
[Epoch 179] train_loss=2.8242  val_loss=3.4476  ACC=0.418  F1m=0.135  Top5=0.582  Top1=0.418
[Epoch 180] train_loss=2.8247  val_loss=3.4583  ACC=0.418  F1m=0.135  Top5=0.582  Top1=0.418
[Epoch 181] train_loss=2.8253  val_loss=3.4684  ACC=0.418  F1m=0.135  Top5=0.582  Top1=0.418
[Epoch 182] train_loss=2.8252  val_loss=3.4787  ACC=0.418  F1m=0.135  Top5=0.582  Top1=0.418
[Epoch 183] train_loss=2.8234  val_loss=3.4892  ACC=0.418  F1m=0.135  Top5=0.582  Top1=0.418
[Epoch 184] train_loss=2.8214  val_loss=3.4997  ACC=0.418  F1m=0.135  Top5=0.582  Top1=0.418
[Epoch 185] train_loss=2.8225  val_loss=3.5100  ACC=0.418  F1m=0.135  Top5=0.582  Top1=0.418
[Epoch 186] train_loss=2.8182  val_loss=3.5206  ACC=0.418  F1m=0.135  Top5=0.582  Top1=0.418
[Epoch 187] train_loss=2.8228  val_loss=3.5310  ACC=0.418  F1m=0.135  Top5=0.582  Top1=0.418
[Epoch 188] train_loss=2.8284  val_loss=3.5411  ACC=0.418  F1m=0.135  Top5=0.582  Top1=0.418
[Epoch 189] train_loss=2.8160  val_loss=3.5516  ACC=0.418  F1m=0.135  Top5=0.582  Top1=0.418
[Epoch 190] train_loss=2.8192  val_loss=3.5615  ACC=0.418  F1m=0.135  Top5=0.582  Top1=0.418
[Epoch 191] train_loss=2.8188  val_loss=3.5718  ACC=0.418  F1m=0.135  Top5=0.582  Top1=0.418
[Epoch 192] train_loss=2.8174  val_loss=3.5822  ACC=0.418  F1m=0.135  Top5=0.582  Top1=0.418
[Epoch 193] train_loss=2.8217  val_loss=3.5920  ACC=0.418  F1m=0.135  Top5=0.582  Top1=0.418
[Epoch 194] train_loss=2.8193  val_loss=3.6022  ACC=0.418  F1m=0.135  Top5=0.582  Top1=0.418
[Epoch 195] train_loss=2.8160  val_loss=3.6122  ACC=0.418  F1m=0.135  Top5=0.582  Top1=0.418
[Epoch 196] train_loss=2.8176  val_loss=3.6224  ACC=0.418  F1m=0.135  Top5=0.582  Top1=0.418
[Epoch 197] train_loss=2.8196  val_loss=3.6326  ACC=0.418  F1m=0.135  Top5=0.582  Top1=0.418
[Epoch 198] train_loss=2.8174  val_loss=3.6425  ACC=0.418  F1m=0.135  Top5=0.582  Top1=0.418
[Epoch 199] train_loss=2.8198  val_loss=3.6528  ACC=0.418  F1m=0.135  Top5=0.582  Top1=0.418
[Epoch 200] train_loss=2.8177  val_loss=3.6629  ACC=0.418  F1m=0.135  Top5=0.582  Top1=0.418
[Epoch 201] train_loss=2.8142  val_loss=3.6732  ACC=0.418  F1m=0.135  Top5=0.582  Top1=0.418
[Epoch 202] train_loss=2.8159  val_loss=3.6828  ACC=0.418  F1m=0.135  Top5=0.582  Top1=0.418
[Epoch 203] train_loss=2.8210  val_loss=3.6923  ACC=0.418  F1m=0.135  Top5=0.582  Top1=0.418
[Epoch 204] train_loss=2.8135  val_loss=3.7017  ACC=0.418  F1m=0.135  Top5=0.582  Top1=0.418
[Epoch 205] train_loss=2.8173  val_loss=3.7114  ACC=0.418  F1m=0.135  Top5=0.582  Top1=0.418
[Epoch 206] train_loss=2.8214  val_loss=3.7214  ACC=0.418  F1m=0.141  Top5=0.582  Top1=0.418
[Epoch 207] train_loss=2.8208  val_loss=3.7309  ACC=0.418  F1m=0.141  Top5=0.582  Top1=0.418
[Epoch 208] train_loss=2.8156  val_loss=3.7407  ACC=0.418  F1m=0.141  Top5=0.582  Top1=0.418
[Epoch 209] train_loss=2.8185  val_loss=3.7506  ACC=0.418  F1m=0.141  Top5=0.582  Top1=0.418
[Epoch 210] train_loss=2.8113  val_loss=3.7600  ACC=0.418  F1m=0.141  Top5=0.582  Top1=0.418
[Epoch 211] train_loss=2.8101  val_loss=3.7695  ACC=0.418  F1m=0.141  Top5=0.582  Top1=0.418
[Epoch 212] train_loss=2.8182  val_loss=3.7791  ACC=0.418  F1m=0.141  Top5=0.582  Top1=0.418
[Epoch 213] train_loss=2.8172  val_loss=3.7884  ACC=0.418  F1m=0.141  Top5=0.582  Top1=0.418
[Epoch 214] train_loss=2.8184  val_loss=3.7981  ACC=0.418  F1m=0.141  Top5=0.582  Top1=0.418
[Epoch 215] train_loss=2.8178  val_loss=3.8073  ACC=0.418  F1m=0.141  Top5=0.582  Top1=0.418
[Epoch 216] train_loss=2.8171  val_loss=3.8165  ACC=0.418  F1m=0.141  Top5=0.582  Top1=0.418
[Epoch 217] train_loss=2.8174  val_loss=3.8263  ACC=0.418  F1m=0.141  Top5=0.582  Top1=0.418
[Epoch 218] train_loss=2.8116  val_loss=3.8358  ACC=0.418  F1m=0.141  Top5=0.582  Top1=0.418
[Epoch 219] train_loss=2.8150  val_loss=3.8448  ACC=0.418  F1m=0.141  Top5=0.582  Top1=0.418
[Epoch 220] train_loss=2.8159  val_loss=3.8535  ACC=0.418  F1m=0.141  Top5=0.582  Top1=0.418
[Epoch 221] train_loss=2.8135  val_loss=3.8629  ACC=0.418  F1m=0.141  Top5=0.582  Top1=0.418
[Epoch 222] train_loss=2.8131  val_loss=3.8721  ACC=0.418  F1m=0.141  Top5=0.582  Top1=0.418
[Epoch 223] train_loss=2.8143  val_loss=3.8810  ACC=0.418  F1m=0.141  Top5=0.582  Top1=0.418
[Epoch 224] train_loss=2.8139  val_loss=3.8897  ACC=0.418  F1m=0.141  Top5=0.582  Top1=0.418
[Epoch 225] train_loss=2.8151  val_loss=3.8986  ACC=0.418  F1m=0.141  Top5=0.582  Top1=0.418
[Epoch 226] train_loss=2.8169  val_loss=3.9072  ACC=0.418  F1m=0.141  Top5=0.582  Top1=0.418
[Epoch 227] train_loss=2.8165  val_loss=3.9161  ACC=0.418  F1m=0.141  Top5=0.592  Top1=0.418
[Epoch 228] train_loss=2.8148  val_loss=3.9245  ACC=0.418  F1m=0.141  Top5=0.592  Top1=0.418
[Epoch 229] train_loss=2.8120  val_loss=3.9331  ACC=0.418  F1m=0.141  Top5=0.592  Top1=0.418
[Epoch 230] train_loss=2.8122  val_loss=3.9419  ACC=0.418  F1m=0.141  Top5=0.592  Top1=0.418
[Epoch 231] train_loss=2.8144  val_loss=3.9507  ACC=0.418  F1m=0.141  Top5=0.592  Top1=0.418
[Epoch 232] train_loss=2.8156  val_loss=3.9593  ACC=0.418  F1m=0.141  Top5=0.592  Top1=0.418
[Epoch 233] train_loss=2.8118  val_loss=3.9680  ACC=0.418  F1m=0.139  Top5=0.592  Top1=0.418
[Epoch 234] train_loss=2.8138  val_loss=3.9765  ACC=0.418  F1m=0.139  Top5=0.592  Top1=0.418
[Epoch 235] train_loss=2.8109  val_loss=3.9852  ACC=0.418  F1m=0.139  Top5=0.592  Top1=0.418
[Epoch 236] train_loss=2.8130  val_loss=3.9935  ACC=0.418  F1m=0.139  Top5=0.592  Top1=0.418
[Epoch 237] train_loss=2.8167  val_loss=4.0022  ACC=0.418  F1m=0.139  Top5=0.592  Top1=0.418
[Epoch 238] train_loss=2.8125  val_loss=4.0110  ACC=0.418  F1m=0.139  Top5=0.592  Top1=0.418
[Epoch 239] train_loss=2.8124  val_loss=4.0193  ACC=0.418  F1m=0.139  Top5=0.592  Top1=0.418
[Epoch 240] train_loss=2.8109  val_loss=4.0279  ACC=0.418  F1m=0.139  Top5=0.592  Top1=0.418
[Epoch 241] train_loss=2.8123  val_loss=4.0364  ACC=0.418  F1m=0.139  Top5=0.592  Top1=0.418
[Epoch 242] train_loss=2.8088  val_loss=4.0449  ACC=0.418  F1m=0.139  Top5=0.592  Top1=0.418
[Epoch 243] train_loss=2.8106  val_loss=4.0533  ACC=0.418  F1m=0.139  Top5=0.592  Top1=0.418
[Epoch 244] train_loss=2.8086  val_loss=4.0619  ACC=0.418  F1m=0.139  Top5=0.592  Top1=0.418
[Epoch 245] train_loss=2.8118  val_loss=4.0702  ACC=0.418  F1m=0.139  Top5=0.592  Top1=0.418
[Epoch 246] train_loss=2.8130  val_loss=4.0786  ACC=0.418  F1m=0.139  Top5=0.592  Top1=0.418
[Epoch 247] train_loss=2.8116  val_loss=4.0867  ACC=0.418  F1m=0.139  Top5=0.592  Top1=0.418
[Epoch 248] train_loss=2.8113  val_loss=4.0949  ACC=0.418  F1m=0.139  Top5=0.592  Top1=0.418
[Epoch 249] train_loss=2.8082  val_loss=4.1030  ACC=0.418  F1m=0.139  Top5=0.592  Top1=0.418
[Epoch 250] train_loss=2.8110  val_loss=4.1111  ACC=0.418  F1m=0.139  Top5=0.592  Top1=0.418
[Epoch 251] train_loss=2.8110  val_loss=4.1196  ACC=0.418  F1m=0.139  Top5=0.592  Top1=0.418
[Epoch 252] train_loss=2.8114  val_loss=4.1275  ACC=0.418  F1m=0.139  Top5=0.592  Top1=0.418
[Epoch 253] train_loss=2.8053  val_loss=4.1356  ACC=0.418  F1m=0.139  Top5=0.592  Top1=0.418
[Epoch 254] train_loss=2.8076  val_loss=4.1433  ACC=0.418  F1m=0.139  Top5=0.592  Top1=0.418
[Epoch 255] train_loss=2.8120  val_loss=4.1511  ACC=0.418  F1m=0.139  Top5=0.592  Top1=0.418
[Epoch 256] train_loss=2.8098  val_loss=4.1590  ACC=0.418  F1m=0.139  Top5=0.592  Top1=0.418
[Epoch 257] train_loss=2.8104  val_loss=4.1673  ACC=0.418  F1m=0.139  Top5=0.592  Top1=0.418
[Epoch 258] train_loss=2.8068  val_loss=4.1750  ACC=0.418  F1m=0.139  Top5=0.592  Top1=0.418
[Epoch 259] train_loss=2.8084  val_loss=4.1825  ACC=0.418  F1m=0.139  Top5=0.592  Top1=0.418
[Epoch 260] train_loss=2.8086  val_loss=4.1901  ACC=0.418  F1m=0.139  Top5=0.592  Top1=0.418
[Epoch 261] train_loss=2.8087  val_loss=4.1980  ACC=0.418  F1m=0.139  Top5=0.592  Top1=0.418
[Epoch 262] train_loss=2.8100  val_loss=4.2054  ACC=0.418  F1m=0.139  Top5=0.592  Top1=0.418
[Epoch 263] train_loss=2.8094  val_loss=4.2125  ACC=0.418  F1m=0.139  Top5=0.592  Top1=0.418
[Epoch 264] train_loss=2.8094  val_loss=4.2201  ACC=0.418  F1m=0.133  Top5=0.592  Top1=0.418
[Epoch 265] train_loss=2.8069  val_loss=4.2277  ACC=0.418  F1m=0.133  Top5=0.592  Top1=0.418
[Epoch 266] train_loss=2.8087  val_loss=4.2351  ACC=0.418  F1m=0.133  Top5=0.592  Top1=0.418
[Epoch 267] train_loss=2.8060  val_loss=4.2429  ACC=0.418  F1m=0.133  Top5=0.592  Top1=0.418
[Epoch 268] train_loss=2.8058  val_loss=4.2503  ACC=0.418  F1m=0.133  Top5=0.592  Top1=0.418
[Epoch 269] train_loss=2.8060  val_loss=4.2574  ACC=0.418  F1m=0.133  Top5=0.592  Top1=0.418
[Epoch 270] train_loss=2.8054  val_loss=4.2647  ACC=0.418  F1m=0.133  Top5=0.592  Top1=0.418
[Epoch 271] train_loss=2.8069  val_loss=4.2719  ACC=0.418  F1m=0.133  Top5=0.592  Top1=0.418
[Epoch 272] train_loss=2.8051  val_loss=4.2792  ACC=0.418  F1m=0.133  Top5=0.592  Top1=0.418
[Epoch 273] train_loss=2.8072  val_loss=4.2863  ACC=0.418  F1m=0.133  Top5=0.592  Top1=0.418
[Epoch 274] train_loss=2.8076  val_loss=4.2935  ACC=0.418  F1m=0.133  Top5=0.592  Top1=0.418
[Epoch 275] train_loss=2.8064  val_loss=4.3009  ACC=0.418  F1m=0.133  Top5=0.592  Top1=0.418
[Epoch 276] train_loss=2.8052  val_loss=4.3079  ACC=0.418  F1m=0.133  Top5=0.592  Top1=0.418
[Epoch 277] train_loss=2.8035  val_loss=4.3145  ACC=0.418  F1m=0.133  Top5=0.592  Top1=0.418
[Epoch 278] train_loss=2.8081  val_loss=4.3216  ACC=0.418  F1m=0.133  Top5=0.592  Top1=0.418
[Epoch 279] train_loss=2.8052  val_loss=4.3285  ACC=0.418  F1m=0.133  Top5=0.592  Top1=0.418
[Epoch 280] train_loss=2.8069  val_loss=4.3354  ACC=0.418  F1m=0.133  Top5=0.592  Top1=0.418
[Epoch 281] train_loss=2.8051  val_loss=4.3421  ACC=0.418  F1m=0.133  Top5=0.592  Top1=0.418
[Epoch 282] train_loss=2.8047  val_loss=4.3489  ACC=0.418  F1m=0.133  Top5=0.592  Top1=0.418
[Epoch 283] train_loss=2.8036  val_loss=4.3553  ACC=0.418  F1m=0.133  Top5=0.592  Top1=0.418
[Epoch 284] train_loss=2.8037  val_loss=4.3618  ACC=0.418  F1m=0.133  Top5=0.592  Top1=0.418
[Epoch 285] train_loss=2.8060  val_loss=4.3687  ACC=0.418  F1m=0.133  Top5=0.592  Top1=0.418
[Epoch 286] train_loss=2.8062  val_loss=4.3750  ACC=0.418  F1m=0.133  Top5=0.592  Top1=0.418
[Epoch 287] train_loss=2.8054  val_loss=4.3814  ACC=0.418  F1m=0.133  Top5=0.592  Top1=0.418
[Epoch 288] train_loss=2.8027  val_loss=4.3880  ACC=0.418  F1m=0.133  Top5=0.592  Top1=0.418
[Epoch 289] train_loss=2.8061  val_loss=4.3945  ACC=0.418  F1m=0.133  Top5=0.592  Top1=0.418
[Epoch 290] train_loss=2.8055  val_loss=4.4011  ACC=0.418  F1m=0.133  Top5=0.592  Top1=0.418
[Epoch 291] train_loss=2.8055  val_loss=4.4075  ACC=0.418  F1m=0.133  Top5=0.592  Top1=0.418
[Epoch 292] train_loss=2.8004  val_loss=4.4141  ACC=0.418  F1m=0.133  Top5=0.592  Top1=0.418
[Epoch 293] train_loss=2.8033  val_loss=4.4204  ACC=0.418  F1m=0.133  Top5=0.592  Top1=0.418
[Epoch 294] train_loss=2.8042  val_loss=4.4268  ACC=0.418  F1m=0.133  Top5=0.592  Top1=0.418
[Epoch 295] train_loss=2.8044  val_loss=4.4332  ACC=0.418  F1m=0.133  Top5=0.592  Top1=0.418
[Epoch 296] train_loss=2.8019  val_loss=4.4394  ACC=0.418  F1m=0.133  Top5=0.592  Top1=0.418
[Epoch 297] train_loss=2.8020  val_loss=4.4455  ACC=0.418  F1m=0.133  Top5=0.592  Top1=0.418
[Epoch 298] train_loss=2.8062  val_loss=4.4516  ACC=0.418  F1m=0.133  Top5=0.592  Top1=0.418
[Epoch 299] train_loss=2.8038  val_loss=4.4578  ACC=0.418  F1m=0.133  Top5=0.592  Top1=0.418
[Epoch 300] train_loss=2.8042  val_loss=4.4641  ACC=0.418  F1m=0.133  Top5=0.592  Top1=0.418
[Epoch 301] train_loss=2.8039  val_loss=4.4704  ACC=0.418  F1m=0.133  Top5=0.592  Top1=0.418
[Epoch 302] train_loss=2.8021  val_loss=4.4765  ACC=0.418  F1m=0.133  Top5=0.592  Top1=0.418
[Epoch 303] train_loss=2.8024  val_loss=4.4825  ACC=0.418  F1m=0.133  Top5=0.592  Top1=0.418
[Epoch 304] train_loss=2.8020  val_loss=4.4886  ACC=0.418  F1m=0.133  Top5=0.592  Top1=0.418
[Epoch 305] train_loss=2.8014  val_loss=4.4946  ACC=0.418  F1m=0.133  Top5=0.592  Top1=0.418
[Epoch 306] train_loss=2.7990  val_loss=4.5009  ACC=0.418  F1m=0.133  Top5=0.592  Top1=0.418
[Epoch 307] train_loss=2.8034  val_loss=4.5068  ACC=0.418  F1m=0.133  Top5=0.592  Top1=0.418
[Epoch 308] train_loss=2.8024  val_loss=4.5126  ACC=0.418  F1m=0.133  Top5=0.592  Top1=0.418
[Epoch 309] train_loss=2.8016  val_loss=4.5184  ACC=0.418  F1m=0.133  Top5=0.592  Top1=0.418
[Epoch 310] train_loss=2.8027  val_loss=4.5244  ACC=0.418  F1m=0.133  Top5=0.592  Top1=0.418
[Epoch 311] train_loss=2.8006  val_loss=4.5302  ACC=0.418  F1m=0.133  Top5=0.592  Top1=0.418
[Epoch 312] train_loss=2.8019  val_loss=4.5364  ACC=0.418  F1m=0.133  Top5=0.592  Top1=0.418
[Epoch 313] train_loss=2.8004  val_loss=4.5417  ACC=0.418  F1m=0.133  Top5=0.592  Top1=0.418
[Epoch 314] train_loss=2.8013  val_loss=4.5475  ACC=0.418  F1m=0.133  Top5=0.592  Top1=0.418
[Epoch 315] train_loss=2.8004  val_loss=4.5533  ACC=0.418  F1m=0.133  Top5=0.592  Top1=0.418
[Epoch 316] train_loss=2.8014  val_loss=4.5589  ACC=0.418  F1m=0.133  Top5=0.592  Top1=0.418
[Epoch 317] train_loss=2.7990  val_loss=4.5645  ACC=0.418  F1m=0.133  Top5=0.592  Top1=0.418
[Epoch 318] train_loss=2.7988  val_loss=4.5702  ACC=0.418  F1m=0.133  Top5=0.592  Top1=0.418
[Epoch 319] train_loss=2.7996  val_loss=4.5758  ACC=0.418  F1m=0.133  Top5=0.592  Top1=0.418
[Epoch 320] train_loss=2.7983  val_loss=4.5813  ACC=0.418  F1m=0.133  Top5=0.592  Top1=0.418
[Epoch 321] train_loss=2.7981  val_loss=4.5867  ACC=0.418  F1m=0.133  Top5=0.592  Top1=0.418
[Epoch 322] train_loss=2.7985  val_loss=4.5923  ACC=0.418  F1m=0.133  Top5=0.592  Top1=0.418
[Epoch 323] train_loss=2.7995  val_loss=4.5976  ACC=0.418  F1m=0.133  Top5=0.592  Top1=0.418
[Epoch 324] train_loss=2.8006  val_loss=4.6028  ACC=0.418  F1m=0.133  Top5=0.592  Top1=0.418
[Epoch 325] train_loss=2.8004  val_loss=4.6084  ACC=0.418  F1m=0.133  Top5=0.592  Top1=0.418
[Epoch 326] train_loss=2.7970  val_loss=4.6136  ACC=0.418  F1m=0.133  Top5=0.592  Top1=0.418
[Epoch 327] train_loss=2.7998  val_loss=4.6191  ACC=0.418  F1m=0.133  Top5=0.592  Top1=0.418
[Epoch 328] train_loss=2.7996  val_loss=4.6240  ACC=0.408  F1m=0.129  Top5=0.592  Top1=0.408
[Epoch 329] train_loss=2.7976  val_loss=4.6293  ACC=0.408  F1m=0.129  Top5=0.592  Top1=0.408
[Epoch 330] train_loss=2.7980  val_loss=4.6345  ACC=0.408  F1m=0.129  Top5=0.592  Top1=0.408
[Epoch 331] train_loss=2.7979  val_loss=4.6395  ACC=0.408  F1m=0.129  Top5=0.592  Top1=0.408
[Epoch 332] train_loss=2.7977  val_loss=4.6447  ACC=0.408  F1m=0.129  Top5=0.592  Top1=0.408
[Epoch 333] train_loss=2.7976  val_loss=4.6499  ACC=0.408  F1m=0.129  Top5=0.592  Top1=0.408
[Epoch 334] train_loss=2.7985  val_loss=4.6548  ACC=0.408  F1m=0.129  Top5=0.592  Top1=0.408
[Epoch 335] train_loss=2.7988  val_loss=4.6600  ACC=0.408  F1m=0.129  Top5=0.592  Top1=0.408
[Epoch 336] train_loss=2.7957  val_loss=4.6650  ACC=0.408  F1m=0.129  Top5=0.592  Top1=0.408
[Epoch 337] train_loss=2.7966  val_loss=4.6700  ACC=0.408  F1m=0.129  Top5=0.592  Top1=0.408
[Epoch 338] train_loss=2.7975  val_loss=4.6747  ACC=0.408  F1m=0.129  Top5=0.592  Top1=0.408
[Epoch 339] train_loss=2.7951  val_loss=4.6794  ACC=0.408  F1m=0.129  Top5=0.592  Top1=0.408
[Epoch 340] train_loss=2.7968  val_loss=4.6842  ACC=0.408  F1m=0.129  Top5=0.592  Top1=0.408
[Epoch 341] train_loss=2.7960  val_loss=4.6889  ACC=0.408  F1m=0.129  Top5=0.592  Top1=0.408
[Epoch 342] train_loss=2.7977  val_loss=4.6940  ACC=0.408  F1m=0.129  Top5=0.592  Top1=0.408
[Epoch 343] train_loss=2.7970  val_loss=4.6990  ACC=0.408  F1m=0.129  Top5=0.592  Top1=0.408
[Epoch 344] train_loss=2.7954  val_loss=4.7036  ACC=0.408  F1m=0.129  Top5=0.592  Top1=0.408
[Epoch 345] train_loss=2.7966  val_loss=4.7083  ACC=0.408  F1m=0.129  Top5=0.592  Top1=0.408
[Epoch 346] train_loss=2.7959  val_loss=4.7129  ACC=0.408  F1m=0.129  Top5=0.592  Top1=0.408
[Epoch 347] train_loss=2.7961  val_loss=4.7176  ACC=0.408  F1m=0.129  Top5=0.592  Top1=0.408
[Epoch 348] train_loss=2.7946  val_loss=4.7222  ACC=0.408  F1m=0.129  Top5=0.592  Top1=0.408
[Epoch 349] train_loss=2.7968  val_loss=4.7270  ACC=0.408  F1m=0.129  Top5=0.592  Top1=0.408
[Epoch 350] train_loss=2.7956  val_loss=4.7316  ACC=0.408  F1m=0.129  Top5=0.592  Top1=0.408
[Epoch 351] train_loss=2.7959  val_loss=4.7361  ACC=0.408  F1m=0.129  Top5=0.592  Top1=0.408
[Epoch 352] train_loss=2.7954  val_loss=4.7406  ACC=0.408  F1m=0.129  Top5=0.592  Top1=0.408
[Epoch 353] train_loss=2.7962  val_loss=4.7452  ACC=0.408  F1m=0.129  Top5=0.592  Top1=0.408
[Epoch 354] train_loss=2.7950  val_loss=4.7496  ACC=0.408  F1m=0.129  Top5=0.592  Top1=0.408
[Epoch 355] train_loss=2.7968  val_loss=4.7541  ACC=0.408  F1m=0.129  Top5=0.592  Top1=0.408
[Epoch 356] train_loss=2.7946  val_loss=4.7584  ACC=0.408  F1m=0.129  Top5=0.592  Top1=0.408
[Epoch 357] train_loss=2.7956  val_loss=4.7628  ACC=0.408  F1m=0.129  Top5=0.592  Top1=0.408
[Epoch 358] train_loss=2.7954  val_loss=4.7671  ACC=0.408  F1m=0.129  Top5=0.592  Top1=0.408
[Epoch 359] train_loss=2.7936  val_loss=4.7714  ACC=0.408  F1m=0.129  Top5=0.592  Top1=0.408
[Epoch 360] train_loss=2.7962  val_loss=4.7756  ACC=0.408  F1m=0.129  Top5=0.592  Top1=0.408
[Epoch 361] train_loss=2.7948  val_loss=4.7799  ACC=0.408  F1m=0.129  Top5=0.592  Top1=0.408
[Epoch 362] train_loss=2.7957  val_loss=4.7841  ACC=0.408  F1m=0.129  Top5=0.592  Top1=0.408
[Epoch 363] train_loss=2.7941  val_loss=4.7881  ACC=0.408  F1m=0.129  Top5=0.592  Top1=0.408
[Epoch 364] train_loss=2.7943  val_loss=4.7920  ACC=0.408  F1m=0.129  Top5=0.592  Top1=0.408
[Epoch 365] train_loss=2.7956  val_loss=4.7962  ACC=0.408  F1m=0.129  Top5=0.592  Top1=0.408
[Epoch 366] train_loss=2.7939  val_loss=4.8003  ACC=0.408  F1m=0.129  Top5=0.592  Top1=0.408
[Epoch 367] train_loss=2.7944  val_loss=4.8044  ACC=0.408  F1m=0.129  Top5=0.592  Top1=0.408
[Epoch 368] train_loss=2.7946  val_loss=4.8086  ACC=0.408  F1m=0.129  Top5=0.592  Top1=0.408
[Epoch 369] train_loss=2.7944  val_loss=4.8123  ACC=0.408  F1m=0.129  Top5=0.592  Top1=0.408
[Epoch 370] train_loss=2.7933  val_loss=4.8165  ACC=0.408  F1m=0.129  Top5=0.592  Top1=0.408
[Epoch 371] train_loss=2.7934  val_loss=4.8203  ACC=0.408  F1m=0.129  Top5=0.592  Top1=0.408
[Epoch 372] train_loss=2.7928  val_loss=4.8245  ACC=0.408  F1m=0.129  Top5=0.592  Top1=0.408
[Epoch 373] train_loss=2.7953  val_loss=4.8283  ACC=0.408  F1m=0.129  Top5=0.592  Top1=0.408
[Epoch 374] train_loss=2.7929  val_loss=4.8326  ACC=0.418  F1m=0.141  Top5=0.592  Top1=0.418
[Epoch 375] train_loss=2.7927  val_loss=4.8364  ACC=0.418  F1m=0.141  Top5=0.592  Top1=0.418
[Epoch 376] train_loss=2.7930  val_loss=4.8403  ACC=0.418  F1m=0.141  Top5=0.592  Top1=0.418
[Epoch 377] train_loss=2.7929  val_loss=4.8444  ACC=0.418  F1m=0.141  Top5=0.592  Top1=0.418
[Epoch 378] train_loss=2.7927  val_loss=4.8482  ACC=0.418  F1m=0.141  Top5=0.592  Top1=0.418
[Epoch 379] train_loss=2.7926  val_loss=4.8519  ACC=0.418  F1m=0.141  Top5=0.592  Top1=0.418
[Epoch 380] train_loss=2.7917  val_loss=4.8556  ACC=0.418  F1m=0.141  Top5=0.592  Top1=0.418
[Epoch 381] train_loss=2.7933  val_loss=4.8593  ACC=0.418  F1m=0.141  Top5=0.592  Top1=0.418
[Epoch 382] train_loss=2.7924  val_loss=4.8630  ACC=0.418  F1m=0.141  Top5=0.592  Top1=0.418
[Epoch 383] train_loss=2.7925  val_loss=4.8669  ACC=0.418  F1m=0.141  Top5=0.592  Top1=0.418
[Epoch 384] train_loss=2.7917  val_loss=4.8704  ACC=0.418  F1m=0.141  Top5=0.592  Top1=0.418
[Epoch 385] train_loss=2.7925  val_loss=4.8742  ACC=0.418  F1m=0.141  Top5=0.592  Top1=0.418
[Epoch 386] train_loss=2.7920  val_loss=4.8781  ACC=0.418  F1m=0.141  Top5=0.592  Top1=0.418
[Epoch 387] train_loss=2.7922  val_loss=4.8819  ACC=0.418  F1m=0.141  Top5=0.592  Top1=0.418
[Epoch 388] train_loss=2.7913  val_loss=4.8855  ACC=0.418  F1m=0.141  Top5=0.592  Top1=0.418
[Epoch 389] train_loss=2.7929  val_loss=4.8890  ACC=0.418  F1m=0.141  Top5=0.592  Top1=0.418
[Epoch 390] train_loss=2.7919  val_loss=4.8927  ACC=0.418  F1m=0.141  Top5=0.592  Top1=0.418
[Epoch 391] train_loss=2.7914  val_loss=4.8962  ACC=0.418  F1m=0.141  Top5=0.592  Top1=0.418
[Epoch 392] train_loss=2.7913  val_loss=4.8997  ACC=0.418  F1m=0.141  Top5=0.592  Top1=0.418
[Epoch 393] train_loss=2.7919  val_loss=4.9034  ACC=0.418  F1m=0.141  Top5=0.592  Top1=0.418
[Epoch 394] train_loss=2.7921  val_loss=4.9070  ACC=0.418  F1m=0.141  Top5=0.592  Top1=0.418
[Epoch 395] train_loss=2.7918  val_loss=4.9106  ACC=0.418  F1m=0.141  Top5=0.592  Top1=0.418
[Epoch 396] train_loss=2.7919  val_loss=4.9141  ACC=0.418  F1m=0.141  Top5=0.592  Top1=0.418
[Epoch 397] train_loss=2.7917  val_loss=4.9176  ACC=0.418  F1m=0.141  Top5=0.592  Top1=0.418
[Epoch 398] train_loss=2.7912  val_loss=4.9208  ACC=0.418  F1m=0.141  Top5=0.592  Top1=0.418
[Epoch 399] train_loss=2.7907  val_loss=4.9242  ACC=0.418  F1m=0.141  Top5=0.592  Top1=0.418
[Epoch 400] train_loss=2.7913  val_loss=4.9275  ACC=0.418  F1m=0.141  Top5=0.592  Top1=0.418
[Epoch 401] train_loss=2.7906  val_loss=4.9308  ACC=0.418  F1m=0.141  Top5=0.592  Top1=0.418
[Epoch 402] train_loss=2.7913  val_loss=4.9341  ACC=0.418  F1m=0.141  Top5=0.592  Top1=0.418
[Epoch 403] train_loss=2.7912  val_loss=4.9375  ACC=0.418  F1m=0.141  Top5=0.592  Top1=0.418
[Epoch 404] train_loss=2.7906  val_loss=4.9408  ACC=0.418  F1m=0.141  Top5=0.592  Top1=0.418
[Epoch 405] train_loss=2.7913  val_loss=4.9443  ACC=0.418  F1m=0.141  Top5=0.592  Top1=0.418
[Epoch 406] train_loss=2.7905  val_loss=4.9476  ACC=0.418  F1m=0.144  Top5=0.592  Top1=0.418
[Epoch 407] train_loss=2.7900  val_loss=4.9510  ACC=0.418  F1m=0.144  Top5=0.592  Top1=0.418
[Epoch 408] train_loss=2.7902  val_loss=4.9541  ACC=0.418  F1m=0.144  Top5=0.592  Top1=0.418
[Epoch 409] train_loss=2.7902  val_loss=4.9573  ACC=0.418  F1m=0.144  Top5=0.592  Top1=0.418
[Epoch 410] train_loss=2.7901  val_loss=4.9604  ACC=0.418  F1m=0.144  Top5=0.592  Top1=0.418
[Epoch 411] train_loss=2.7899  val_loss=4.9638  ACC=0.418  F1m=0.144  Top5=0.592  Top1=0.418
[Epoch 412] train_loss=2.7899  val_loss=4.9669  ACC=0.418  F1m=0.144  Top5=0.592  Top1=0.418
[Epoch 413] train_loss=2.7904  val_loss=4.9701  ACC=0.418  F1m=0.144  Top5=0.592  Top1=0.418
[Epoch 414] train_loss=2.7895  val_loss=4.9734  ACC=0.418  F1m=0.144  Top5=0.592  Top1=0.418
[Epoch 415] train_loss=2.7897  val_loss=4.9766  ACC=0.418  F1m=0.144  Top5=0.592  Top1=0.418
[Epoch 416] train_loss=2.7902  val_loss=4.9796  ACC=0.418  F1m=0.144  Top5=0.592  Top1=0.418
[Epoch 417] train_loss=2.7899  val_loss=4.9825  ACC=0.418  F1m=0.144  Top5=0.592  Top1=0.418
[Epoch 418] train_loss=2.7894  val_loss=4.9857  ACC=0.418  F1m=0.144  Top5=0.592  Top1=0.418
[Epoch 419] train_loss=2.7894  val_loss=4.9889  ACC=0.418  F1m=0.144  Top5=0.592  Top1=0.418
[Epoch 420] train_loss=2.7891  val_loss=4.9919  ACC=0.418  F1m=0.144  Top5=0.592  Top1=0.418
[Epoch 421] train_loss=2.7893  val_loss=4.9947  ACC=0.418  F1m=0.144  Top5=0.592  Top1=0.418
[Epoch 422] train_loss=2.7896  val_loss=4.9977  ACC=0.418  F1m=0.144  Top5=0.592  Top1=0.418
[Epoch 423] train_loss=2.7891  val_loss=5.0006  ACC=0.418  F1m=0.144  Top5=0.592  Top1=0.418
[Epoch 424] train_loss=2.7894  val_loss=5.0036  ACC=0.418  F1m=0.144  Top5=0.592  Top1=0.418
[Epoch 425] train_loss=2.7892  val_loss=5.0063  ACC=0.418  F1m=0.144  Top5=0.592  Top1=0.418
[Epoch 426] train_loss=2.7891  val_loss=5.0092  ACC=0.418  F1m=0.144  Top5=0.592  Top1=0.418
[Epoch 427] train_loss=2.7885  val_loss=5.0120  ACC=0.418  F1m=0.144  Top5=0.592  Top1=0.418
[Epoch 428] train_loss=2.7887  val_loss=5.0150  ACC=0.418  F1m=0.144  Top5=0.592  Top1=0.418
[Epoch 429] train_loss=2.7887  val_loss=5.0178  ACC=0.418  F1m=0.144  Top5=0.592  Top1=0.418
[Epoch 430] train_loss=2.7886  val_loss=5.0207  ACC=0.418  F1m=0.144  Top5=0.592  Top1=0.418
[Epoch 431] train_loss=2.7884  val_loss=5.0237  ACC=0.418  F1m=0.144  Top5=0.592  Top1=0.418
[Epoch 432] train_loss=2.7886  val_loss=5.0267  ACC=0.418  F1m=0.144  Top5=0.592  Top1=0.418
[Epoch 433] train_loss=2.7886  val_loss=5.0293  ACC=0.418  F1m=0.144  Top5=0.592  Top1=0.418
[Epoch 434] train_loss=2.7883  val_loss=5.0318  ACC=0.418  F1m=0.144  Top5=0.592  Top1=0.418
[Epoch 435] train_loss=2.7886  val_loss=5.0348  ACC=0.418  F1m=0.144  Top5=0.592  Top1=0.418
[Epoch 436] train_loss=2.7881  val_loss=5.0376  ACC=0.418  F1m=0.144  Top5=0.592  Top1=0.418
[Epoch 437] train_loss=2.7883  val_loss=5.0401  ACC=0.418  F1m=0.144  Top5=0.592  Top1=0.418
[Epoch 438] train_loss=2.7881  val_loss=5.0431  ACC=0.418  F1m=0.144  Top5=0.592  Top1=0.418
[Epoch 439] train_loss=2.7880  val_loss=5.0457  ACC=0.418  F1m=0.144  Top5=0.592  Top1=0.418
[Epoch 440] train_loss=2.7879  val_loss=5.0483  ACC=0.418  F1m=0.144  Top5=0.592  Top1=0.418
[Epoch 441] train_loss=2.7878  val_loss=5.0510  ACC=0.418  F1m=0.144  Top5=0.592  Top1=0.418
[Epoch 442] train_loss=2.7879  val_loss=5.0537  ACC=0.418  F1m=0.144  Top5=0.592  Top1=0.418
[Epoch 443] train_loss=2.7878  val_loss=5.0562  ACC=0.418  F1m=0.144  Top5=0.592  Top1=0.418
[Epoch 444] train_loss=2.7880  val_loss=5.0585  ACC=0.418  F1m=0.144  Top5=0.592  Top1=0.418
[Epoch 445] train_loss=2.7879  val_loss=5.0614  ACC=0.418  F1m=0.144  Top5=0.592  Top1=0.418
[Epoch 446] train_loss=2.7877  val_loss=5.0641  ACC=0.418  F1m=0.144  Top5=0.592  Top1=0.418
[Epoch 447] train_loss=2.7879  val_loss=5.0667  ACC=0.418  F1m=0.144  Top5=0.592  Top1=0.418
[Epoch 448] train_loss=2.7878  val_loss=5.0691  ACC=0.418  F1m=0.144  Top5=0.592  Top1=0.418
[Epoch 449] train_loss=2.7877  val_loss=5.0718  ACC=0.418  F1m=0.144  Top5=0.592  Top1=0.418
[Epoch 450] train_loss=2.7876  val_loss=5.0744  ACC=0.418  F1m=0.144  Top5=0.592  Top1=0.418
[Epoch 451] train_loss=2.7874  val_loss=5.0768  ACC=0.418  F1m=0.144  Top5=0.592  Top1=0.418
[Epoch 452] train_loss=2.7875  val_loss=5.0791  ACC=0.418  F1m=0.144  Top5=0.592  Top1=0.418
[Epoch 453] train_loss=2.7876  val_loss=5.0815  ACC=0.418  F1m=0.144  Top5=0.592  Top1=0.418
[Epoch 454] train_loss=2.7875  val_loss=5.0842  ACC=0.418  F1m=0.144  Top5=0.592  Top1=0.418
[Epoch 455] train_loss=2.7875  val_loss=5.0865  ACC=0.418  F1m=0.144  Top5=0.592  Top1=0.418
[Epoch 456] train_loss=2.7873  val_loss=5.0888  ACC=0.418  F1m=0.144  Top5=0.592  Top1=0.418
[Epoch 457] train_loss=2.7874  val_loss=5.0912  ACC=0.418  F1m=0.144  Top5=0.592  Top1=0.418
[Epoch 458] train_loss=2.7872  val_loss=5.0935  ACC=0.418  F1m=0.144  Top5=0.592  Top1=0.418
[Epoch 459] train_loss=2.7872  val_loss=5.0959  ACC=0.418  F1m=0.144  Top5=0.592  Top1=0.418
[Epoch 460] train_loss=2.7873  val_loss=5.0984  ACC=0.418  F1m=0.144  Top5=0.592  Top1=0.418
[Epoch 461] train_loss=2.7872  val_loss=5.1008  ACC=0.418  F1m=0.144  Top5=0.592  Top1=0.418
[Epoch 462] train_loss=2.7871  val_loss=5.1032  ACC=0.418  F1m=0.144  Top5=0.592  Top1=0.418
[Epoch 463] train_loss=2.7872  val_loss=5.1055  ACC=0.418  F1m=0.144  Top5=0.592  Top1=0.418
[Epoch 464] train_loss=2.7871  val_loss=5.1078  ACC=0.418  F1m=0.144  Top5=0.592  Top1=0.418
[Epoch 465] train_loss=2.7872  val_loss=5.1100  ACC=0.418  F1m=0.144  Top5=0.592  Top1=0.418
[Epoch 466] train_loss=2.7871  val_loss=5.1123  ACC=0.418  F1m=0.144  Top5=0.592  Top1=0.418
[Epoch 467] train_loss=2.7870  val_loss=5.1144  ACC=0.418  F1m=0.144  Top5=0.592  Top1=0.418
[Epoch 468] train_loss=2.7871  val_loss=5.1166  ACC=0.418  F1m=0.144  Top5=0.592  Top1=0.418
[Epoch 469] train_loss=2.7870  val_loss=5.1189  ACC=0.418  F1m=0.144  Top5=0.592  Top1=0.418
[Epoch 470] train_loss=2.7869  val_loss=5.1212  ACC=0.418  F1m=0.144  Top5=0.592  Top1=0.418
[Epoch 471] train_loss=2.7869  val_loss=5.1237  ACC=0.418  F1m=0.144  Top5=0.592  Top1=0.418
[Epoch 472] train_loss=2.7869  val_loss=5.1260  ACC=0.418  F1m=0.144  Top5=0.592  Top1=0.418
[Epoch 473] train_loss=2.7869  val_loss=5.1281  ACC=0.418  F1m=0.144  Top5=0.592  Top1=0.418
[Epoch 474] train_loss=2.7868  val_loss=5.1303  ACC=0.418  F1m=0.144  Top5=0.592  Top1=0.418
[Epoch 475] train_loss=2.7868  val_loss=5.1323  ACC=0.418  F1m=0.144  Top5=0.592  Top1=0.418
[Epoch 476] train_loss=2.7868  val_loss=5.1345  ACC=0.418  F1m=0.144  Top5=0.592  Top1=0.418
[Epoch 477] train_loss=2.7868  val_loss=5.1366  ACC=0.418  F1m=0.144  Top5=0.592  Top1=0.418
[Epoch 478] train_loss=2.7868  val_loss=5.1385  ACC=0.418  F1m=0.144  Top5=0.592  Top1=0.418
[Epoch 479] train_loss=2.7868  val_loss=5.1406  ACC=0.418  F1m=0.144  Top5=0.592  Top1=0.418
[Epoch 480] train_loss=2.7867  val_loss=5.1428  ACC=0.418  F1m=0.144  Top5=0.592  Top1=0.418
[Epoch 481] train_loss=2.7867  val_loss=5.1447  ACC=0.418  F1m=0.144  Top5=0.592  Top1=0.418
[Epoch 482] train_loss=2.7867  val_loss=5.1469  ACC=0.418  F1m=0.144  Top5=0.592  Top1=0.418
[Epoch 483] train_loss=2.7867  val_loss=5.1488  ACC=0.418  F1m=0.144  Top5=0.592  Top1=0.418
[Epoch 484] train_loss=2.7867  val_loss=5.1506  ACC=0.418  F1m=0.144  Top5=0.592  Top1=0.418
[Epoch 485] train_loss=2.7867  val_loss=5.1527  ACC=0.418  F1m=0.144  Top5=0.592  Top1=0.418
[Epoch 486] train_loss=2.7866  val_loss=5.1548  ACC=0.418  F1m=0.144  Top5=0.592  Top1=0.418
[Epoch 487] train_loss=2.7866  val_loss=5.1568  ACC=0.418  F1m=0.144  Top5=0.592  Top1=0.418
[Epoch 488] train_loss=2.7866  val_loss=5.1587  ACC=0.418  F1m=0.144  Top5=0.592  Top1=0.418
[Epoch 489] train_loss=2.7866  val_loss=5.1608  ACC=0.418  F1m=0.144  Top5=0.592  Top1=0.418
[Epoch 490] train_loss=2.7866  val_loss=5.1625  ACC=0.418  F1m=0.144  Top5=0.592  Top1=0.418
[Epoch 491] train_loss=2.7866  val_loss=5.1644  ACC=0.418  F1m=0.144  Top5=0.592  Top1=0.418
[Epoch 492] train_loss=2.7866  val_loss=5.1663  ACC=0.418  F1m=0.144  Top5=0.592  Top1=0.418
[Epoch 493] train_loss=2.7866  val_loss=5.1681  ACC=0.418  F1m=0.144  Top5=0.592  Top1=0.418
[Epoch 494] train_loss=2.7866  val_loss=5.1701  ACC=0.418  F1m=0.144  Top5=0.592  Top1=0.418
[Epoch 495] train_loss=2.7866  val_loss=5.1722  ACC=0.418  F1m=0.144  Top5=0.592  Top1=0.418
[Epoch 496] train_loss=2.7866  val_loss=5.1741  ACC=0.418  F1m=0.144  Top5=0.592  Top1=0.418
[Epoch 497] train_loss=2.7865  val_loss=5.1760  ACC=0.418  F1m=0.144  Top5=0.592  Top1=0.418
[Epoch 498] train_loss=2.7865  val_loss=5.1779  ACC=0.418  F1m=0.144  Top5=0.592  Top1=0.418
[Epoch 499] train_loss=2.7865  val_loss=5.1799  ACC=0.418  F1m=0.144  Top5=0.592  Top1=0.418
[Epoch 500] train_loss=2.7865  val_loss=5.1815  ACC=0.418  F1m=0.144  Top5=0.592  Top1=0.418
[Temp scaling] learned T = 1.824

=== TEST (FT) ===  ACC=0.655  F1m=0.364  Top5=0.927  Top10=0.982
[Best FT Model Saved] /users/PAS2177/liu9756/DualChain-SelfAg_prediction/results/finetune_results_min5/best_acc.pt (includes temperature).
Saved: /users/PAS2177/liu9756/DualChain-SelfAg_prediction/results/finetune_results_min5/test_predictions_ft.csv
