[Data] X shape=(500, 22), #classes=116
[Split] Train=347, Val=98, Test=55
[FT init] loaded 52 keys from backbone, skipped 4
[Note] use_cosine_head enabled -> forcing label_smoothing=0.0
[blocks] mean| HLA=0.0930
[Epoch 001] train_loss=9.8074  val_loss=3.3034  ACC=0.082  F1m=0.032  Top5=0.316  Top1=0.082
[Checkpoint] New best ACC=0.0816 at epoch 1. Saved to: /users/PAS2177/liu9756/DualChain-SelfAg_prediction/results/finetune_results_min5_with_record/best_acc.pt
[Epoch 002] train_loss=9.6701  val_loss=3.3012  ACC=0.082  F1m=0.032  Top5=0.316  Top1=0.082
[Epoch 003] train_loss=9.5270  val_loss=3.2963  ACC=0.082  F1m=0.032  Top5=0.316  Top1=0.082
[Epoch 004] train_loss=9.2869  val_loss=3.2884  ACC=0.082  F1m=0.032  Top5=0.316  Top1=0.082
[Epoch 005] train_loss=9.0161  val_loss=3.2778  ACC=0.092  F1m=0.037  Top5=0.316  Top1=0.092
[Checkpoint] New best ACC=0.0918 at epoch 5. Saved to: /users/PAS2177/liu9756/DualChain-SelfAg_prediction/results/finetune_results_min5_with_record/best_acc.pt
[Epoch 006] train_loss=8.8164  val_loss=3.2659  ACC=0.092  F1m=0.037  Top5=0.316  Top1=0.092
[Epoch 007] train_loss=8.9114  val_loss=3.2533  ACC=0.102  F1m=0.041  Top5=0.316  Top1=0.102
[Checkpoint] New best ACC=0.1020 at epoch 7. Saved to: /users/PAS2177/liu9756/DualChain-SelfAg_prediction/results/finetune_results_min5_with_record/best_acc.pt
[Epoch 008] train_loss=8.6439  val_loss=3.2400  ACC=0.102  F1m=0.041  Top5=0.337  Top1=0.102
[Epoch 009] train_loss=8.4433  val_loss=3.2264  ACC=0.102  F1m=0.041  Top5=0.347  Top1=0.102
[Epoch 010] train_loss=8.3254  val_loss=3.2128  ACC=0.102  F1m=0.041  Top5=0.357  Top1=0.102
[Epoch 011] train_loss=8.2275  val_loss=3.1992  ACC=0.112  F1m=0.043  Top5=0.357  Top1=0.112
[Checkpoint] New best ACC=0.1122 at epoch 11. Saved to: /users/PAS2177/liu9756/DualChain-SelfAg_prediction/results/finetune_results_min5_with_record/best_acc.pt
[Epoch 012] train_loss=8.3731  val_loss=3.1847  ACC=0.112  F1m=0.043  Top5=0.367  Top1=0.112
[Epoch 013] train_loss=7.8460  val_loss=3.1706  ACC=0.112  F1m=0.043  Top5=0.367  Top1=0.112
[Epoch 014] train_loss=7.9030  val_loss=3.1563  ACC=0.112  F1m=0.043  Top5=0.367  Top1=0.112
[Epoch 015] train_loss=7.6077  val_loss=3.1410  ACC=0.112  F1m=0.043  Top5=0.367  Top1=0.112
[Epoch 016] train_loss=7.7498  val_loss=3.1256  ACC=0.112  F1m=0.043  Top5=0.367  Top1=0.112
[Epoch 017] train_loss=7.3865  val_loss=3.1100  ACC=0.122  F1m=0.044  Top5=0.367  Top1=0.122
[Checkpoint] New best ACC=0.1224 at epoch 17. Saved to: /users/PAS2177/liu9756/DualChain-SelfAg_prediction/results/finetune_results_min5_with_record/best_acc.pt
[Epoch 018] train_loss=7.3292  val_loss=3.0924  ACC=0.133  F1m=0.045  Top5=0.367  Top1=0.133
[Checkpoint] New best ACC=0.1327 at epoch 18. Saved to: /users/PAS2177/liu9756/DualChain-SelfAg_prediction/results/finetune_results_min5_with_record/best_acc.pt
[Epoch 019] train_loss=7.4155  val_loss=3.0743  ACC=0.143  F1m=0.047  Top5=0.367  Top1=0.143
[Checkpoint] New best ACC=0.1429 at epoch 19. Saved to: /users/PAS2177/liu9756/DualChain-SelfAg_prediction/results/finetune_results_min5_with_record/best_acc.pt
[Epoch 020] train_loss=7.3123  val_loss=3.0563  ACC=0.143  F1m=0.047  Top5=0.367  Top1=0.143
[Epoch 021] train_loss=7.1488  val_loss=3.0386  ACC=0.143  F1m=0.044  Top5=0.367  Top1=0.143
[Epoch 022] train_loss=7.1076  val_loss=3.0196  ACC=0.153  F1m=0.045  Top5=0.367  Top1=0.153
[Checkpoint] New best ACC=0.1531 at epoch 22. Saved to: /users/PAS2177/liu9756/DualChain-SelfAg_prediction/results/finetune_results_min5_with_record/best_acc.pt
[Epoch 023] train_loss=6.8219  val_loss=2.9999  ACC=0.153  F1m=0.045  Top5=0.378  Top1=0.153
[Epoch 024] train_loss=6.9882  val_loss=2.9788  ACC=0.153  F1m=0.045  Top5=0.408  Top1=0.153
[Epoch 025] train_loss=6.9816  val_loss=2.9583  ACC=0.163  F1m=0.057  Top5=0.418  Top1=0.163
[Checkpoint] New best ACC=0.1633 at epoch 25. Saved to: /users/PAS2177/liu9756/DualChain-SelfAg_prediction/results/finetune_results_min5_with_record/best_acc.pt
[Epoch 026] train_loss=6.5049  val_loss=2.9380  ACC=0.173  F1m=0.060  Top5=0.439  Top1=0.173
[Checkpoint] New best ACC=0.1735 at epoch 26. Saved to: /users/PAS2177/liu9756/DualChain-SelfAg_prediction/results/finetune_results_min5_with_record/best_acc.pt
[Epoch 027] train_loss=6.6523  val_loss=2.9180  ACC=0.184  F1m=0.061  Top5=0.449  Top1=0.184
[Checkpoint] New best ACC=0.1837 at epoch 27. Saved to: /users/PAS2177/liu9756/DualChain-SelfAg_prediction/results/finetune_results_min5_with_record/best_acc.pt
[Epoch 028] train_loss=6.2361  val_loss=2.8970  ACC=0.184  F1m=0.061  Top5=0.449  Top1=0.184
[Epoch 029] train_loss=6.1589  val_loss=2.8749  ACC=0.184  F1m=0.061  Top5=0.459  Top1=0.184
[Epoch 030] train_loss=6.3956  val_loss=2.8532  ACC=0.194  F1m=0.062  Top5=0.459  Top1=0.194
[Checkpoint] New best ACC=0.1939 at epoch 30. Saved to: /users/PAS2177/liu9756/DualChain-SelfAg_prediction/results/finetune_results_min5_with_record/best_acc.pt
[Epoch 031] train_loss=6.2221  val_loss=2.8320  ACC=0.204  F1m=0.063  Top5=0.469  Top1=0.204
[Checkpoint] New best ACC=0.2041 at epoch 31. Saved to: /users/PAS2177/liu9756/DualChain-SelfAg_prediction/results/finetune_results_min5_with_record/best_acc.pt
[Epoch 032] train_loss=6.4622  val_loss=2.8107  ACC=0.204  F1m=0.063  Top5=0.469  Top1=0.204
[Epoch 033] train_loss=5.8735  val_loss=2.7894  ACC=0.214  F1m=0.066  Top5=0.469  Top1=0.214
[Checkpoint] New best ACC=0.2143 at epoch 33. Saved to: /users/PAS2177/liu9756/DualChain-SelfAg_prediction/results/finetune_results_min5_with_record/best_acc.pt
[Epoch 034] train_loss=5.7858  val_loss=2.7680  ACC=0.214  F1m=0.066  Top5=0.469  Top1=0.214
[Epoch 035] train_loss=6.2318  val_loss=2.7467  ACC=0.214  F1m=0.066  Top5=0.490  Top1=0.214
[Epoch 036] train_loss=5.9911  val_loss=2.7253  ACC=0.224  F1m=0.067  Top5=0.500  Top1=0.224
[Checkpoint] New best ACC=0.2245 at epoch 36. Saved to: /users/PAS2177/liu9756/DualChain-SelfAg_prediction/results/finetune_results_min5_with_record/best_acc.pt
[Epoch 037] train_loss=6.0125  val_loss=2.7048  ACC=0.235  F1m=0.068  Top5=0.520  Top1=0.235
[Checkpoint] New best ACC=0.2347 at epoch 37. Saved to: /users/PAS2177/liu9756/DualChain-SelfAg_prediction/results/finetune_results_min5_with_record/best_acc.pt
[Epoch 038] train_loss=5.9077  val_loss=2.6851  ACC=0.235  F1m=0.068  Top5=0.531  Top1=0.235
[Epoch 039] train_loss=6.0415  val_loss=2.6663  ACC=0.245  F1m=0.069  Top5=0.531  Top1=0.245
[Checkpoint] New best ACC=0.2449 at epoch 39. Saved to: /users/PAS2177/liu9756/DualChain-SelfAg_prediction/results/finetune_results_min5_with_record/best_acc.pt
[Epoch 040] train_loss=5.9182  val_loss=2.6484  ACC=0.255  F1m=0.069  Top5=0.531  Top1=0.255
[Checkpoint] New best ACC=0.2551 at epoch 40. Saved to: /users/PAS2177/liu9756/DualChain-SelfAg_prediction/results/finetune_results_min5_with_record/best_acc.pt
[Epoch 041] train_loss=6.1171  val_loss=2.6310  ACC=0.265  F1m=0.071  Top5=0.541  Top1=0.265
[Checkpoint] New best ACC=0.2653 at epoch 41. Saved to: /users/PAS2177/liu9756/DualChain-SelfAg_prediction/results/finetune_results_min5_with_record/best_acc.pt
[Epoch 042] train_loss=5.7648  val_loss=2.6139  ACC=0.265  F1m=0.071  Top5=0.551  Top1=0.265
[Epoch 043] train_loss=5.9928  val_loss=2.5971  ACC=0.276  F1m=0.074  Top5=0.551  Top1=0.276
[Checkpoint] New best ACC=0.2755 at epoch 43. Saved to: /users/PAS2177/liu9756/DualChain-SelfAg_prediction/results/finetune_results_min5_with_record/best_acc.pt
[Epoch 044] train_loss=5.6895  val_loss=2.5812  ACC=0.296  F1m=0.077  Top5=0.551  Top1=0.296
[Checkpoint] New best ACC=0.2959 at epoch 44. Saved to: /users/PAS2177/liu9756/DualChain-SelfAg_prediction/results/finetune_results_min5_with_record/best_acc.pt
[Epoch 045] train_loss=6.0515  val_loss=2.5659  ACC=0.296  F1m=0.077  Top5=0.551  Top1=0.296
[Epoch 046] train_loss=5.7061  val_loss=2.5509  ACC=0.306  F1m=0.084  Top5=0.551  Top1=0.306
[Checkpoint] New best ACC=0.3061 at epoch 46. Saved to: /users/PAS2177/liu9756/DualChain-SelfAg_prediction/results/finetune_results_min5_with_record/best_acc.pt
[Epoch 047] train_loss=5.7203  val_loss=2.5367  ACC=0.316  F1m=0.084  Top5=0.551  Top1=0.316
[Checkpoint] New best ACC=0.3163 at epoch 47. Saved to: /users/PAS2177/liu9756/DualChain-SelfAg_prediction/results/finetune_results_min5_with_record/best_acc.pt
[Epoch 048] train_loss=5.2434  val_loss=2.5229  ACC=0.327  F1m=0.086  Top5=0.551  Top1=0.327
[Checkpoint] New best ACC=0.3265 at epoch 48. Saved to: /users/PAS2177/liu9756/DualChain-SelfAg_prediction/results/finetune_results_min5_with_record/best_acc.pt
[Epoch 049] train_loss=5.5334  val_loss=2.5093  ACC=0.337  F1m=0.090  Top5=0.551  Top1=0.337
[Checkpoint] New best ACC=0.3367 at epoch 49. Saved to: /users/PAS2177/liu9756/DualChain-SelfAg_prediction/results/finetune_results_min5_with_record/best_acc.pt
[Epoch 050] train_loss=6.1656  val_loss=2.4955  ACC=0.347  F1m=0.090  Top5=0.551  Top1=0.347
[Checkpoint] New best ACC=0.3469 at epoch 50. Saved to: /users/PAS2177/liu9756/DualChain-SelfAg_prediction/results/finetune_results_min5_with_record/best_acc.pt
[Epoch 051] train_loss=5.6154  val_loss=2.4821  ACC=0.378  F1m=0.094  Top5=0.551  Top1=0.378
[Checkpoint] New best ACC=0.3776 at epoch 51. Saved to: /users/PAS2177/liu9756/DualChain-SelfAg_prediction/results/finetune_results_min5_with_record/best_acc.pt
[Epoch 052] train_loss=6.3330  val_loss=2.4700  ACC=0.378  F1m=0.094  Top5=0.551  Top1=0.378
[Epoch 053] train_loss=5.9408  val_loss=2.4592  ACC=0.378  F1m=0.094  Top5=0.561  Top1=0.378
[Epoch 054] train_loss=5.6098  val_loss=2.4491  ACC=0.378  F1m=0.092  Top5=0.561  Top1=0.378
[Epoch 055] train_loss=5.6088  val_loss=2.4394  ACC=0.378  F1m=0.093  Top5=0.561  Top1=0.378
[Epoch 056] train_loss=5.6391  val_loss=2.4299  ACC=0.378  F1m=0.093  Top5=0.561  Top1=0.378
[Epoch 057] train_loss=5.7366  val_loss=2.4212  ACC=0.378  F1m=0.093  Top5=0.561  Top1=0.378
[Epoch 058] train_loss=5.6713  val_loss=2.4129  ACC=0.378  F1m=0.093  Top5=0.561  Top1=0.378
[Epoch 059] train_loss=5.6926  val_loss=2.4051  ACC=0.388  F1m=0.103  Top5=0.561  Top1=0.388
[Checkpoint] New best ACC=0.3878 at epoch 59. Saved to: /users/PAS2177/liu9756/DualChain-SelfAg_prediction/results/finetune_results_min5_with_record/best_acc.pt
[Epoch 060] train_loss=5.5154  val_loss=2.3982  ACC=0.388  F1m=0.103  Top5=0.561  Top1=0.388
[Epoch 061] train_loss=6.0281  val_loss=2.3921  ACC=0.388  F1m=0.103  Top5=0.561  Top1=0.388
[Epoch 062] train_loss=5.5346  val_loss=2.3864  ACC=0.378  F1m=0.107  Top5=0.561  Top1=0.378
[Epoch 063] train_loss=5.7471  val_loss=2.3812  ACC=0.367  F1m=0.106  Top5=0.582  Top1=0.367
[Epoch 064] train_loss=5.9549  val_loss=2.3769  ACC=0.367  F1m=0.106  Top5=0.582  Top1=0.367
[Epoch 065] train_loss=5.8288  val_loss=2.3733  ACC=0.367  F1m=0.106  Top5=0.592  Top1=0.367
[Epoch 066] train_loss=5.9171  val_loss=2.3701  ACC=0.367  F1m=0.106  Top5=0.592  Top1=0.367
[Epoch 067] train_loss=5.2094  val_loss=2.3674  ACC=0.388  F1m=0.109  Top5=0.592  Top1=0.388
[Epoch 068] train_loss=5.7767  val_loss=2.3657  ACC=0.388  F1m=0.109  Top5=0.592  Top1=0.388
[Epoch 069] train_loss=5.4228  val_loss=2.3647  ACC=0.388  F1m=0.109  Top5=0.592  Top1=0.388
[Epoch 070] train_loss=5.5897  val_loss=2.3643  ACC=0.388  F1m=0.109  Top5=0.592  Top1=0.388
[Epoch 071] train_loss=6.1811  val_loss=2.3640  ACC=0.398  F1m=0.113  Top5=0.592  Top1=0.398
[Checkpoint] New best ACC=0.3980 at epoch 71. Saved to: /users/PAS2177/liu9756/DualChain-SelfAg_prediction/results/finetune_results_min5_with_record/best_acc.pt
[Epoch 072] train_loss=6.1706  val_loss=2.3639  ACC=0.398  F1m=0.113  Top5=0.592  Top1=0.398
[Epoch 073] train_loss=5.2501  val_loss=2.3638  ACC=0.398  F1m=0.112  Top5=0.592  Top1=0.398
[Epoch 074] train_loss=5.5961  val_loss=2.3644  ACC=0.398  F1m=0.112  Top5=0.592  Top1=0.398
[Epoch 075] train_loss=6.0684  val_loss=2.3654  ACC=0.398  F1m=0.112  Top5=0.592  Top1=0.398
[Epoch 076] train_loss=5.6489  val_loss=2.3670  ACC=0.398  F1m=0.114  Top5=0.592  Top1=0.398
[Epoch 077] train_loss=5.5913  val_loss=2.3689  ACC=0.398  F1m=0.114  Top5=0.592  Top1=0.398
[Epoch 078] train_loss=5.8543  val_loss=2.3712  ACC=0.398  F1m=0.114  Top5=0.592  Top1=0.398
[Epoch 079] train_loss=5.6894  val_loss=2.3738  ACC=0.398  F1m=0.114  Top5=0.592  Top1=0.398
[Epoch 080] train_loss=5.3530  val_loss=2.3769  ACC=0.398  F1m=0.114  Top5=0.592  Top1=0.398
[Epoch 081] train_loss=5.6598  val_loss=2.3805  ACC=0.398  F1m=0.114  Top5=0.582  Top1=0.398
[Epoch 082] train_loss=5.8796  val_loss=2.3849  ACC=0.408  F1m=0.133  Top5=0.571  Top1=0.408
[Checkpoint] New best ACC=0.4082 at epoch 82. Saved to: /users/PAS2177/liu9756/DualChain-SelfAg_prediction/results/finetune_results_min5_with_record/best_acc.pt
[Epoch 083] train_loss=5.3391  val_loss=2.3896  ACC=0.418  F1m=0.135  Top5=0.571  Top1=0.418
[Checkpoint] New best ACC=0.4184 at epoch 83. Saved to: /users/PAS2177/liu9756/DualChain-SelfAg_prediction/results/finetune_results_min5_with_record/best_acc.pt
[Epoch 084] train_loss=5.5298  val_loss=2.3946  ACC=0.418  F1m=0.135  Top5=0.571  Top1=0.418
[Epoch 085] train_loss=5.1487  val_loss=2.3998  ACC=0.418  F1m=0.135  Top5=0.571  Top1=0.418
[Epoch 086] train_loss=5.8565  val_loss=2.4053  ACC=0.418  F1m=0.135  Top5=0.571  Top1=0.418
[Epoch 087] train_loss=5.3809  val_loss=2.4112  ACC=0.418  F1m=0.135  Top5=0.571  Top1=0.418
[Epoch 088] train_loss=5.5323  val_loss=2.4175  ACC=0.418  F1m=0.136  Top5=0.571  Top1=0.418
[Epoch 089] train_loss=5.6772  val_loss=2.4239  ACC=0.418  F1m=0.136  Top5=0.571  Top1=0.418
[Epoch 090] train_loss=5.4772  val_loss=2.4303  ACC=0.418  F1m=0.136  Top5=0.571  Top1=0.418
[Epoch 091] train_loss=5.5206  val_loss=2.4369  ACC=0.418  F1m=0.136  Top5=0.571  Top1=0.418
[Epoch 092] train_loss=5.3840  val_loss=2.4434  ACC=0.418  F1m=0.136  Top5=0.561  Top1=0.418
[Epoch 093] train_loss=5.6193  val_loss=2.4504  ACC=0.418  F1m=0.136  Top5=0.561  Top1=0.418
[Epoch 094] train_loss=5.7539  val_loss=2.4576  ACC=0.408  F1m=0.135  Top5=0.561  Top1=0.408
[Epoch 095] train_loss=5.7380  val_loss=2.4649  ACC=0.408  F1m=0.135  Top5=0.561  Top1=0.408
[Epoch 096] train_loss=5.2932  val_loss=2.4720  ACC=0.408  F1m=0.135  Top5=0.561  Top1=0.408
[Epoch 097] train_loss=5.9352  val_loss=2.4796  ACC=0.408  F1m=0.135  Top5=0.561  Top1=0.408
[Epoch 098] train_loss=5.3255  val_loss=2.4877  ACC=0.408  F1m=0.135  Top5=0.561  Top1=0.408
[Epoch 099] train_loss=5.8096  val_loss=2.4959  ACC=0.418  F1m=0.136  Top5=0.561  Top1=0.418
[Epoch 100] train_loss=5.7684  val_loss=2.5045  ACC=0.418  F1m=0.136  Top5=0.561  Top1=0.418
[Epoch 101] train_loss=5.5400  val_loss=2.5134  ACC=0.429  F1m=0.138  Top5=0.561  Top1=0.429
[Checkpoint] New best ACC=0.4286 at epoch 101. Saved to: /users/PAS2177/liu9756/DualChain-SelfAg_prediction/results/finetune_results_min5_with_record/best_acc.pt
[Epoch 102] train_loss=5.9236  val_loss=2.5226  ACC=0.429  F1m=0.138  Top5=0.561  Top1=0.429
[Epoch 103] train_loss=5.6248  val_loss=2.5317  ACC=0.429  F1m=0.138  Top5=0.561  Top1=0.429
[Epoch 104] train_loss=5.6001  val_loss=2.5412  ACC=0.429  F1m=0.138  Top5=0.561  Top1=0.429
[Epoch 105] train_loss=5.9668  val_loss=2.5508  ACC=0.429  F1m=0.138  Top5=0.561  Top1=0.429
[Epoch 106] train_loss=5.5723  val_loss=2.5603  ACC=0.429  F1m=0.138  Top5=0.561  Top1=0.429
[Epoch 107] train_loss=5.5463  val_loss=2.5707  ACC=0.429  F1m=0.138  Top5=0.561  Top1=0.429
[Epoch 108] train_loss=5.4506  val_loss=2.5808  ACC=0.429  F1m=0.138  Top5=0.561  Top1=0.429
[Epoch 109] train_loss=5.6943  val_loss=2.5913  ACC=0.429  F1m=0.138  Top5=0.561  Top1=0.429
[Epoch 110] train_loss=5.6987  val_loss=2.6021  ACC=0.429  F1m=0.139  Top5=0.561  Top1=0.429
[Epoch 111] train_loss=5.5155  val_loss=2.6127  ACC=0.429  F1m=0.139  Top5=0.561  Top1=0.429
[Epoch 112] train_loss=5.7327  val_loss=2.6235  ACC=0.429  F1m=0.139  Top5=0.561  Top1=0.429
[Epoch 113] train_loss=5.5280  val_loss=2.6343  ACC=0.429  F1m=0.139  Top5=0.561  Top1=0.429
[Epoch 114] train_loss=5.5801  val_loss=2.6451  ACC=0.429  F1m=0.139  Top5=0.561  Top1=0.429
[Epoch 115] train_loss=5.4382  val_loss=2.6563  ACC=0.429  F1m=0.139  Top5=0.561  Top1=0.429
[Epoch 116] train_loss=5.7204  val_loss=2.6672  ACC=0.429  F1m=0.139  Top5=0.561  Top1=0.429
[Epoch 117] train_loss=5.8076  val_loss=2.6781  ACC=0.429  F1m=0.139  Top5=0.561  Top1=0.429
[Epoch 118] train_loss=5.3906  val_loss=2.6893  ACC=0.418  F1m=0.136  Top5=0.561  Top1=0.418
[Epoch 119] train_loss=5.4529  val_loss=2.7004  ACC=0.418  F1m=0.136  Top5=0.561  Top1=0.418
[Epoch 120] train_loss=5.3944  val_loss=2.7115  ACC=0.418  F1m=0.136  Top5=0.561  Top1=0.418
[Epoch 121] train_loss=5.4503  val_loss=2.7224  ACC=0.418  F1m=0.136  Top5=0.561  Top1=0.418
[Epoch 122] train_loss=5.3528  val_loss=2.7331  ACC=0.418  F1m=0.136  Top5=0.561  Top1=0.418
[Epoch 123] train_loss=5.3196  val_loss=2.7440  ACC=0.418  F1m=0.136  Top5=0.561  Top1=0.418
[Epoch 124] train_loss=5.3744  val_loss=2.7553  ACC=0.418  F1m=0.136  Top5=0.571  Top1=0.418
[Epoch 125] train_loss=5.8248  val_loss=2.7669  ACC=0.418  F1m=0.136  Top5=0.571  Top1=0.418
[Epoch 126] train_loss=5.6030  val_loss=2.7793  ACC=0.418  F1m=0.136  Top5=0.571  Top1=0.418
[Epoch 127] train_loss=5.3484  val_loss=2.7913  ACC=0.408  F1m=0.133  Top5=0.571  Top1=0.408
[Epoch 128] train_loss=5.4458  val_loss=2.8040  ACC=0.408  F1m=0.133  Top5=0.571  Top1=0.408
[Epoch 129] train_loss=5.6844  val_loss=2.8163  ACC=0.408  F1m=0.133  Top5=0.571  Top1=0.408
[Epoch 130] train_loss=5.8167  val_loss=2.8287  ACC=0.408  F1m=0.133  Top5=0.571  Top1=0.408
[Epoch 131] train_loss=5.5308  val_loss=2.8411  ACC=0.408  F1m=0.133  Top5=0.571  Top1=0.408
[Epoch 132] train_loss=5.6954  val_loss=2.8537  ACC=0.408  F1m=0.133  Top5=0.571  Top1=0.408
[Epoch 133] train_loss=5.5783  val_loss=2.8661  ACC=0.408  F1m=0.133  Top5=0.571  Top1=0.408
[Epoch 134] train_loss=5.6484  val_loss=2.8777  ACC=0.408  F1m=0.133  Top5=0.571  Top1=0.408
[Epoch 135] train_loss=5.5726  val_loss=2.8891  ACC=0.408  F1m=0.133  Top5=0.571  Top1=0.408
[Epoch 136] train_loss=5.8606  val_loss=2.9007  ACC=0.408  F1m=0.133  Top5=0.571  Top1=0.408
[Epoch 137] train_loss=5.7540  val_loss=2.9124  ACC=0.408  F1m=0.133  Top5=0.571  Top1=0.408
[Epoch 138] train_loss=5.1944  val_loss=2.9244  ACC=0.408  F1m=0.133  Top5=0.571  Top1=0.408
[Epoch 139] train_loss=5.5880  val_loss=2.9363  ACC=0.408  F1m=0.133  Top5=0.571  Top1=0.408
[Epoch 140] train_loss=5.5835  val_loss=2.9485  ACC=0.408  F1m=0.133  Top5=0.571  Top1=0.408
[Epoch 141] train_loss=5.6125  val_loss=2.9609  ACC=0.408  F1m=0.133  Top5=0.571  Top1=0.408
[Epoch 142] train_loss=5.3840  val_loss=2.9738  ACC=0.408  F1m=0.133  Top5=0.571  Top1=0.408
[Epoch 143] train_loss=5.3787  val_loss=2.9860  ACC=0.408  F1m=0.133  Top5=0.571  Top1=0.408
[Epoch 144] train_loss=5.6923  val_loss=2.9984  ACC=0.408  F1m=0.133  Top5=0.571  Top1=0.408
[Epoch 145] train_loss=5.4456  val_loss=3.0105  ACC=0.408  F1m=0.133  Top5=0.571  Top1=0.408
[Epoch 146] train_loss=5.8613  val_loss=3.0225  ACC=0.408  F1m=0.133  Top5=0.571  Top1=0.408
[Epoch 147] train_loss=5.3505  val_loss=3.0345  ACC=0.408  F1m=0.133  Top5=0.582  Top1=0.408
[Epoch 148] train_loss=5.3338  val_loss=3.0464  ACC=0.408  F1m=0.133  Top5=0.582  Top1=0.408
[Epoch 149] train_loss=4.7621  val_loss=3.0585  ACC=0.408  F1m=0.133  Top5=0.582  Top1=0.408
[Epoch 150] train_loss=5.5318  val_loss=3.0708  ACC=0.408  F1m=0.133  Top5=0.582  Top1=0.408
[Epoch 151] train_loss=5.6418  val_loss=3.0831  ACC=0.408  F1m=0.133  Top5=0.582  Top1=0.408
[Epoch 152] train_loss=5.4698  val_loss=3.0953  ACC=0.398  F1m=0.132  Top5=0.582  Top1=0.398
[Epoch 153] train_loss=5.6895  val_loss=3.1079  ACC=0.398  F1m=0.132  Top5=0.582  Top1=0.398
[Epoch 154] train_loss=5.6985  val_loss=3.1203  ACC=0.398  F1m=0.132  Top5=0.582  Top1=0.398
[Epoch 155] train_loss=5.5994  val_loss=3.1327  ACC=0.398  F1m=0.132  Top5=0.582  Top1=0.398
[Epoch 156] train_loss=5.4448  val_loss=3.1448  ACC=0.398  F1m=0.132  Top5=0.582  Top1=0.398
[Epoch 157] train_loss=5.3029  val_loss=3.1570  ACC=0.398  F1m=0.132  Top5=0.582  Top1=0.398
[Epoch 158] train_loss=6.0447  val_loss=3.1693  ACC=0.398  F1m=0.132  Top5=0.582  Top1=0.398
[Epoch 159] train_loss=6.0620  val_loss=3.1814  ACC=0.398  F1m=0.132  Top5=0.582  Top1=0.398
[Epoch 160] train_loss=5.6028  val_loss=3.1934  ACC=0.398  F1m=0.132  Top5=0.582  Top1=0.398
[Epoch 161] train_loss=5.6642  val_loss=3.2056  ACC=0.398  F1m=0.132  Top5=0.582  Top1=0.398
[Epoch 162] train_loss=5.4192  val_loss=3.2175  ACC=0.398  F1m=0.132  Top5=0.582  Top1=0.398
[Epoch 163] train_loss=5.2826  val_loss=3.2294  ACC=0.398  F1m=0.132  Top5=0.582  Top1=0.398
[Epoch 164] train_loss=5.9162  val_loss=3.2414  ACC=0.408  F1m=0.133  Top5=0.582  Top1=0.408
[Epoch 165] train_loss=5.7153  val_loss=3.2534  ACC=0.408  F1m=0.133  Top5=0.582  Top1=0.408
[Epoch 166] train_loss=5.4863  val_loss=3.2651  ACC=0.408  F1m=0.133  Top5=0.582  Top1=0.408
[Epoch 167] train_loss=5.4991  val_loss=3.2770  ACC=0.408  F1m=0.133  Top5=0.582  Top1=0.408
[Epoch 168] train_loss=5.6175  val_loss=3.2888  ACC=0.408  F1m=0.133  Top5=0.582  Top1=0.408
[Epoch 169] train_loss=5.2327  val_loss=3.3009  ACC=0.408  F1m=0.133  Top5=0.582  Top1=0.408
[Epoch 170] train_loss=5.0766  val_loss=3.3126  ACC=0.408  F1m=0.133  Top5=0.582  Top1=0.408
[Epoch 171] train_loss=5.3455  val_loss=3.3240  ACC=0.408  F1m=0.133  Top5=0.582  Top1=0.408
[Epoch 172] train_loss=5.3910  val_loss=3.3359  ACC=0.408  F1m=0.133  Top5=0.582  Top1=0.408
[Epoch 173] train_loss=5.4279  val_loss=3.3480  ACC=0.408  F1m=0.133  Top5=0.582  Top1=0.408
[Epoch 174] train_loss=5.8337  val_loss=3.3600  ACC=0.408  F1m=0.133  Top5=0.582  Top1=0.408
[Epoch 175] train_loss=5.8824  val_loss=3.3720  ACC=0.408  F1m=0.133  Top5=0.582  Top1=0.408
[Epoch 176] train_loss=5.9641  val_loss=3.3839  ACC=0.408  F1m=0.133  Top5=0.582  Top1=0.408
[Epoch 177] train_loss=5.5091  val_loss=3.3951  ACC=0.408  F1m=0.133  Top5=0.582  Top1=0.408
[Epoch 178] train_loss=5.7775  val_loss=3.4061  ACC=0.408  F1m=0.133  Top5=0.582  Top1=0.408
[Epoch 179] train_loss=5.8190  val_loss=3.4173  ACC=0.408  F1m=0.133  Top5=0.582  Top1=0.408
[Epoch 180] train_loss=5.8172  val_loss=3.4281  ACC=0.408  F1m=0.133  Top5=0.582  Top1=0.408
[Epoch 181] train_loss=5.7964  val_loss=3.4391  ACC=0.408  F1m=0.133  Top5=0.582  Top1=0.408
[Epoch 182] train_loss=5.7037  val_loss=3.4496  ACC=0.408  F1m=0.133  Top5=0.582  Top1=0.408
[Epoch 183] train_loss=5.1585  val_loss=3.4597  ACC=0.408  F1m=0.133  Top5=0.582  Top1=0.408
[Epoch 184] train_loss=5.9773  val_loss=3.4698  ACC=0.408  F1m=0.133  Top5=0.582  Top1=0.408
[Epoch 185] train_loss=5.0498  val_loss=3.4801  ACC=0.408  F1m=0.133  Top5=0.582  Top1=0.408
[Epoch 186] train_loss=5.5439  val_loss=3.4905  ACC=0.408  F1m=0.133  Top5=0.582  Top1=0.408
[Epoch 187] train_loss=5.1302  val_loss=3.5006  ACC=0.408  F1m=0.133  Top5=0.582  Top1=0.408
[Epoch 188] train_loss=5.3114  val_loss=3.5108  ACC=0.408  F1m=0.133  Top5=0.582  Top1=0.408
[Epoch 189] train_loss=5.6957  val_loss=3.5207  ACC=0.408  F1m=0.133  Top5=0.582  Top1=0.408
[Epoch 190] train_loss=5.0364  val_loss=3.5305  ACC=0.408  F1m=0.133  Top5=0.582  Top1=0.408
[Epoch 191] train_loss=5.7222  val_loss=3.5407  ACC=0.408  F1m=0.133  Top5=0.582  Top1=0.408
[Epoch 192] train_loss=5.8536  val_loss=3.5512  ACC=0.408  F1m=0.133  Top5=0.582  Top1=0.408
[Epoch 193] train_loss=5.5573  val_loss=3.5613  ACC=0.408  F1m=0.133  Top5=0.582  Top1=0.408
[Epoch 194] train_loss=4.9221  val_loss=3.5715  ACC=0.408  F1m=0.133  Top5=0.582  Top1=0.408
[Epoch 195] train_loss=5.6561  val_loss=3.5819  ACC=0.408  F1m=0.133  Top5=0.582  Top1=0.408
[Epoch 196] train_loss=5.4326  val_loss=3.5923  ACC=0.408  F1m=0.133  Top5=0.582  Top1=0.408
[Epoch 197] train_loss=5.3340  val_loss=3.6027  ACC=0.408  F1m=0.133  Top5=0.582  Top1=0.408
[Epoch 198] train_loss=5.1983  val_loss=3.6126  ACC=0.408  F1m=0.133  Top5=0.582  Top1=0.408
[Epoch 199] train_loss=5.7022  val_loss=3.6226  ACC=0.408  F1m=0.133  Top5=0.582  Top1=0.408
[Epoch 200] train_loss=5.8302  val_loss=3.6324  ACC=0.408  F1m=0.133  Top5=0.582  Top1=0.408
[Epoch 201] train_loss=5.8512  val_loss=3.6426  ACC=0.408  F1m=0.133  Top5=0.582  Top1=0.408
[Epoch 202] train_loss=5.4517  val_loss=3.6526  ACC=0.408  F1m=0.133  Top5=0.582  Top1=0.408
[Epoch 203] train_loss=5.8042  val_loss=3.6624  ACC=0.408  F1m=0.133  Top5=0.582  Top1=0.408
[Epoch 204] train_loss=5.8683  val_loss=3.6723  ACC=0.408  F1m=0.133  Top5=0.582  Top1=0.408
[Epoch 205] train_loss=5.7635  val_loss=3.6824  ACC=0.408  F1m=0.133  Top5=0.582  Top1=0.408
[Epoch 206] train_loss=5.5863  val_loss=3.6923  ACC=0.408  F1m=0.133  Top5=0.582  Top1=0.408
[Epoch 207] train_loss=5.3610  val_loss=3.7019  ACC=0.408  F1m=0.133  Top5=0.582  Top1=0.408
[Epoch 208] train_loss=5.5871  val_loss=3.7110  ACC=0.408  F1m=0.133  Top5=0.582  Top1=0.408
[Epoch 209] train_loss=5.5886  val_loss=3.7204  ACC=0.408  F1m=0.133  Top5=0.582  Top1=0.408
[Epoch 210] train_loss=5.2921  val_loss=3.7299  ACC=0.408  F1m=0.133  Top5=0.582  Top1=0.408
[Epoch 211] train_loss=5.7274  val_loss=3.7394  ACC=0.408  F1m=0.133  Top5=0.582  Top1=0.408
[Epoch 212] train_loss=5.6572  val_loss=3.7492  ACC=0.408  F1m=0.133  Top5=0.582  Top1=0.408
[Epoch 213] train_loss=5.2015  val_loss=3.7591  ACC=0.398  F1m=0.132  Top5=0.582  Top1=0.398
[Epoch 214] train_loss=5.1549  val_loss=3.7691  ACC=0.398  F1m=0.132  Top5=0.582  Top1=0.398
[Epoch 215] train_loss=5.5157  val_loss=3.7786  ACC=0.398  F1m=0.132  Top5=0.582  Top1=0.398
[Epoch 216] train_loss=5.8479  val_loss=3.7884  ACC=0.398  F1m=0.132  Top5=0.582  Top1=0.398
[Epoch 217] train_loss=5.4167  val_loss=3.7978  ACC=0.398  F1m=0.132  Top5=0.582  Top1=0.398
[Epoch 218] train_loss=5.1832  val_loss=3.8074  ACC=0.398  F1m=0.132  Top5=0.582  Top1=0.398
[Epoch 219] train_loss=6.0719  val_loss=3.8164  ACC=0.398  F1m=0.132  Top5=0.582  Top1=0.398
[Epoch 220] train_loss=5.7899  val_loss=3.8257  ACC=0.398  F1m=0.132  Top5=0.582  Top1=0.398
[Epoch 221] train_loss=5.5284  val_loss=3.8348  ACC=0.398  F1m=0.132  Top5=0.582  Top1=0.398
[Epoch 222] train_loss=5.6049  val_loss=3.8435  ACC=0.398  F1m=0.132  Top5=0.582  Top1=0.398
[Epoch 223] train_loss=5.4530  val_loss=3.8525  ACC=0.398  F1m=0.132  Top5=0.582  Top1=0.398
[Epoch 224] train_loss=5.2732  val_loss=3.8611  ACC=0.398  F1m=0.132  Top5=0.582  Top1=0.398
[Epoch 225] train_loss=5.7750  val_loss=3.8698  ACC=0.398  F1m=0.132  Top5=0.582  Top1=0.398
[Epoch 226] train_loss=5.3906  val_loss=3.8780  ACC=0.398  F1m=0.132  Top5=0.582  Top1=0.398
[Epoch 227] train_loss=5.4721  val_loss=3.8863  ACC=0.398  F1m=0.132  Top5=0.582  Top1=0.398
[Epoch 228] train_loss=5.7228  val_loss=3.8945  ACC=0.398  F1m=0.132  Top5=0.582  Top1=0.398
[Epoch 229] train_loss=5.6816  val_loss=3.9030  ACC=0.398  F1m=0.132  Top5=0.582  Top1=0.398
[Epoch 230] train_loss=5.2150  val_loss=3.9112  ACC=0.398  F1m=0.132  Top5=0.582  Top1=0.398
[Epoch 231] train_loss=5.9774  val_loss=3.9194  ACC=0.398  F1m=0.132  Top5=0.582  Top1=0.398
[Epoch 232] train_loss=5.4995  val_loss=3.9277  ACC=0.398  F1m=0.132  Top5=0.582  Top1=0.398
[Epoch 233] train_loss=4.9258  val_loss=3.9357  ACC=0.398  F1m=0.132  Top5=0.582  Top1=0.398
[Epoch 234] train_loss=5.8796  val_loss=3.9434  ACC=0.398  F1m=0.132  Top5=0.582  Top1=0.398
[Epoch 235] train_loss=5.1901  val_loss=3.9512  ACC=0.398  F1m=0.132  Top5=0.582  Top1=0.398
[Epoch 236] train_loss=5.0119  val_loss=3.9589  ACC=0.398  F1m=0.132  Top5=0.582  Top1=0.398
[Epoch 237] train_loss=5.7707  val_loss=3.9667  ACC=0.398  F1m=0.132  Top5=0.582  Top1=0.398
[Epoch 238] train_loss=5.6287  val_loss=3.9745  ACC=0.398  F1m=0.132  Top5=0.582  Top1=0.398
[Epoch 239] train_loss=5.2683  val_loss=3.9821  ACC=0.398  F1m=0.132  Top5=0.592  Top1=0.398
[Epoch 240] train_loss=5.4246  val_loss=3.9898  ACC=0.398  F1m=0.132  Top5=0.592  Top1=0.398
[Epoch 241] train_loss=5.7004  val_loss=3.9972  ACC=0.398  F1m=0.132  Top5=0.592  Top1=0.398
[Epoch 242] train_loss=5.6785  val_loss=4.0049  ACC=0.398  F1m=0.132  Top5=0.592  Top1=0.398
[Epoch 243] train_loss=5.4361  val_loss=4.0127  ACC=0.398  F1m=0.134  Top5=0.592  Top1=0.398
[Epoch 244] train_loss=5.7733  val_loss=4.0204  ACC=0.398  F1m=0.134  Top5=0.592  Top1=0.398
[Epoch 245] train_loss=5.4731  val_loss=4.0282  ACC=0.398  F1m=0.134  Top5=0.592  Top1=0.398
[Epoch 246] train_loss=5.4403  val_loss=4.0359  ACC=0.398  F1m=0.134  Top5=0.592  Top1=0.398
[Epoch 247] train_loss=5.6967  val_loss=4.0433  ACC=0.398  F1m=0.134  Top5=0.592  Top1=0.398
[Epoch 248] train_loss=5.6059  val_loss=4.0507  ACC=0.398  F1m=0.134  Top5=0.592  Top1=0.398
[Epoch 249] train_loss=5.7762  val_loss=4.0581  ACC=0.398  F1m=0.134  Top5=0.592  Top1=0.398
[Epoch 250] train_loss=5.4477  val_loss=4.0654  ACC=0.398  F1m=0.134  Top5=0.592  Top1=0.398
[Epoch 251] train_loss=5.5646  val_loss=4.0724  ACC=0.398  F1m=0.134  Top5=0.592  Top1=0.398
[Epoch 252] train_loss=5.6790  val_loss=4.0794  ACC=0.398  F1m=0.134  Top5=0.592  Top1=0.398
[Epoch 253] train_loss=5.9487  val_loss=4.0862  ACC=0.398  F1m=0.134  Top5=0.592  Top1=0.398
[Epoch 254] train_loss=5.2910  val_loss=4.0927  ACC=0.398  F1m=0.134  Top5=0.592  Top1=0.398
[Epoch 255] train_loss=5.5978  val_loss=4.0994  ACC=0.398  F1m=0.134  Top5=0.592  Top1=0.398
[Epoch 256] train_loss=5.5777  val_loss=4.1063  ACC=0.398  F1m=0.134  Top5=0.592  Top1=0.398
[Epoch 257] train_loss=5.6279  val_loss=4.1129  ACC=0.398  F1m=0.134  Top5=0.592  Top1=0.398
[Epoch 258] train_loss=5.3488  val_loss=4.1195  ACC=0.398  F1m=0.134  Top5=0.592  Top1=0.398
[Epoch 259] train_loss=5.4228  val_loss=4.1260  ACC=0.398  F1m=0.134  Top5=0.592  Top1=0.398
[Epoch 260] train_loss=5.8561  val_loss=4.1326  ACC=0.398  F1m=0.134  Top5=0.592  Top1=0.398
[Epoch 261] train_loss=5.4202  val_loss=4.1391  ACC=0.398  F1m=0.134  Top5=0.592  Top1=0.398
[Epoch 262] train_loss=5.6958  val_loss=4.1454  ACC=0.398  F1m=0.134  Top5=0.592  Top1=0.398
[Epoch 263] train_loss=5.3124  val_loss=4.1515  ACC=0.398  F1m=0.134  Top5=0.592  Top1=0.398
[Epoch 264] train_loss=5.4548  val_loss=4.1575  ACC=0.398  F1m=0.134  Top5=0.592  Top1=0.398
[Epoch 265] train_loss=5.2488  val_loss=4.1639  ACC=0.398  F1m=0.134  Top5=0.592  Top1=0.398
[Epoch 266] train_loss=5.4049  val_loss=4.1701  ACC=0.398  F1m=0.134  Top5=0.592  Top1=0.398
[Epoch 267] train_loss=5.4538  val_loss=4.1763  ACC=0.398  F1m=0.134  Top5=0.592  Top1=0.398
[Epoch 268] train_loss=5.3896  val_loss=4.1824  ACC=0.398  F1m=0.134  Top5=0.592  Top1=0.398
[Epoch 269] train_loss=5.5173  val_loss=4.1885  ACC=0.398  F1m=0.134  Top5=0.592  Top1=0.398
[Epoch 270] train_loss=5.5622  val_loss=4.1947  ACC=0.398  F1m=0.134  Top5=0.592  Top1=0.398
[Epoch 271] train_loss=5.7668  val_loss=4.2004  ACC=0.398  F1m=0.134  Top5=0.592  Top1=0.398
[Epoch 272] train_loss=5.5106  val_loss=4.2067  ACC=0.398  F1m=0.134  Top5=0.592  Top1=0.398
[Epoch 273] train_loss=5.3317  val_loss=4.2127  ACC=0.398  F1m=0.134  Top5=0.592  Top1=0.398
[Epoch 274] train_loss=5.5912  val_loss=4.2185  ACC=0.398  F1m=0.134  Top5=0.592  Top1=0.398
[Epoch 275] train_loss=5.6731  val_loss=4.2243  ACC=0.408  F1m=0.135  Top5=0.592  Top1=0.408
[Epoch 276] train_loss=5.3404  val_loss=4.2299  ACC=0.408  F1m=0.135  Top5=0.592  Top1=0.408
[Epoch 277] train_loss=5.5644  val_loss=4.2358  ACC=0.408  F1m=0.135  Top5=0.592  Top1=0.408
[Epoch 278] train_loss=5.6978  val_loss=4.2417  ACC=0.408  F1m=0.135  Top5=0.592  Top1=0.408
[Epoch 279] train_loss=5.7801  val_loss=4.2474  ACC=0.408  F1m=0.135  Top5=0.592  Top1=0.408
[Epoch 280] train_loss=5.5160  val_loss=4.2532  ACC=0.408  F1m=0.135  Top5=0.592  Top1=0.408
[Epoch 281] train_loss=5.4502  val_loss=4.2590  ACC=0.408  F1m=0.135  Top5=0.592  Top1=0.408
[Epoch 282] train_loss=5.8336  val_loss=4.2648  ACC=0.408  F1m=0.135  Top5=0.592  Top1=0.408
[Epoch 283] train_loss=5.6369  val_loss=4.2704  ACC=0.408  F1m=0.135  Top5=0.592  Top1=0.408
[Epoch 284] train_loss=5.0456  val_loss=4.2759  ACC=0.408  F1m=0.135  Top5=0.602  Top1=0.408
[Epoch 285] train_loss=5.8264  val_loss=4.2818  ACC=0.408  F1m=0.135  Top5=0.602  Top1=0.408
[Epoch 286] train_loss=5.8592  val_loss=4.2875  ACC=0.408  F1m=0.133  Top5=0.602  Top1=0.408
[Epoch 287] train_loss=5.8709  val_loss=4.2932  ACC=0.408  F1m=0.133  Top5=0.602  Top1=0.408
[Epoch 288] train_loss=5.4759  val_loss=4.2988  ACC=0.408  F1m=0.133  Top5=0.602  Top1=0.408
[Epoch 289] train_loss=5.4018  val_loss=4.3044  ACC=0.408  F1m=0.133  Top5=0.602  Top1=0.408
[Epoch 290] train_loss=5.8836  val_loss=4.3100  ACC=0.408  F1m=0.133  Top5=0.602  Top1=0.408
[Epoch 291] train_loss=5.5989  val_loss=4.3156  ACC=0.408  F1m=0.133  Top5=0.602  Top1=0.408
[Epoch 292] train_loss=5.6797  val_loss=4.3212  ACC=0.408  F1m=0.133  Top5=0.602  Top1=0.408
[Epoch 293] train_loss=5.6376  val_loss=4.3270  ACC=0.408  F1m=0.133  Top5=0.602  Top1=0.408
[Epoch 294] train_loss=5.2557  val_loss=4.3326  ACC=0.408  F1m=0.133  Top5=0.602  Top1=0.408
[Epoch 295] train_loss=5.4380  val_loss=4.3384  ACC=0.408  F1m=0.133  Top5=0.602  Top1=0.408
[Epoch 296] train_loss=5.4337  val_loss=4.3440  ACC=0.408  F1m=0.133  Top5=0.602  Top1=0.408
[Epoch 297] train_loss=5.6637  val_loss=4.3496  ACC=0.408  F1m=0.133  Top5=0.602  Top1=0.408
[Epoch 298] train_loss=5.6163  val_loss=4.3551  ACC=0.408  F1m=0.133  Top5=0.592  Top1=0.408
[Epoch 299] train_loss=5.5439  val_loss=4.3603  ACC=0.408  F1m=0.133  Top5=0.592  Top1=0.408
[Epoch 300] train_loss=5.6446  val_loss=4.3653  ACC=0.408  F1m=0.133  Top5=0.592  Top1=0.408
[Epoch 301] train_loss=5.5866  val_loss=4.3704  ACC=0.408  F1m=0.133  Top5=0.592  Top1=0.408
[Epoch 302] train_loss=5.1272  val_loss=4.3754  ACC=0.408  F1m=0.133  Top5=0.592  Top1=0.408
[Epoch 303] train_loss=5.4297  val_loss=4.3804  ACC=0.408  F1m=0.133  Top5=0.592  Top1=0.408
[Epoch 304] train_loss=5.5387  val_loss=4.3854  ACC=0.408  F1m=0.133  Top5=0.592  Top1=0.408
[Epoch 305] train_loss=5.2251  val_loss=4.3904  ACC=0.408  F1m=0.133  Top5=0.592  Top1=0.408
[Epoch 306] train_loss=5.6386  val_loss=4.3953  ACC=0.408  F1m=0.133  Top5=0.592  Top1=0.408
[Epoch 307] train_loss=5.4137  val_loss=4.4005  ACC=0.408  F1m=0.133  Top5=0.592  Top1=0.408
[Epoch 308] train_loss=5.2169  val_loss=4.4056  ACC=0.408  F1m=0.133  Top5=0.592  Top1=0.408
[Epoch 309] train_loss=5.7318  val_loss=4.4105  ACC=0.408  F1m=0.133  Top5=0.592  Top1=0.408
[Epoch 310] train_loss=5.7855  val_loss=4.4153  ACC=0.408  F1m=0.133  Top5=0.592  Top1=0.408
[Epoch 311] train_loss=5.6673  val_loss=4.4200  ACC=0.408  F1m=0.133  Top5=0.602  Top1=0.408
[Epoch 312] train_loss=5.4341  val_loss=4.4247  ACC=0.408  F1m=0.133  Top5=0.602  Top1=0.408
[Epoch 313] train_loss=5.5351  val_loss=4.4294  ACC=0.408  F1m=0.133  Top5=0.602  Top1=0.408
[Epoch 314] train_loss=5.2930  val_loss=4.4342  ACC=0.408  F1m=0.133  Top5=0.602  Top1=0.408
[Epoch 315] train_loss=5.5153  val_loss=4.4390  ACC=0.408  F1m=0.133  Top5=0.602  Top1=0.408
[Epoch 316] train_loss=5.6790  val_loss=4.4439  ACC=0.408  F1m=0.133  Top5=0.602  Top1=0.408
[Epoch 317] train_loss=5.2628  val_loss=4.4488  ACC=0.408  F1m=0.133  Top5=0.602  Top1=0.408
[Epoch 318] train_loss=5.8100  val_loss=4.4535  ACC=0.408  F1m=0.133  Top5=0.602  Top1=0.408
[Epoch 319] train_loss=5.7796  val_loss=4.4582  ACC=0.408  F1m=0.133  Top5=0.592  Top1=0.408
[Epoch 320] train_loss=5.2921  val_loss=4.4629  ACC=0.408  F1m=0.133  Top5=0.592  Top1=0.408
[Epoch 321] train_loss=5.3535  val_loss=4.4676  ACC=0.408  F1m=0.133  Top5=0.592  Top1=0.408
[Epoch 322] train_loss=5.4120  val_loss=4.4719  ACC=0.408  F1m=0.133  Top5=0.592  Top1=0.408
[Epoch 323] train_loss=5.7584  val_loss=4.4765  ACC=0.408  F1m=0.133  Top5=0.592  Top1=0.408
[Epoch 324] train_loss=5.5182  val_loss=4.4811  ACC=0.408  F1m=0.133  Top5=0.592  Top1=0.408
[Epoch 325] train_loss=5.6764  val_loss=4.4859  ACC=0.408  F1m=0.133  Top5=0.592  Top1=0.408
[Epoch 326] train_loss=5.7675  val_loss=4.4903  ACC=0.408  F1m=0.133  Top5=0.592  Top1=0.408
[Epoch 327] train_loss=5.6419  val_loss=4.4947  ACC=0.408  F1m=0.133  Top5=0.592  Top1=0.408
[Epoch 328] train_loss=5.7121  val_loss=4.4993  ACC=0.408  F1m=0.133  Top5=0.592  Top1=0.408
[Epoch 329] train_loss=5.6166  val_loss=4.5039  ACC=0.408  F1m=0.133  Top5=0.592  Top1=0.408
[Epoch 330] train_loss=5.2531  val_loss=4.5085  ACC=0.408  F1m=0.133  Top5=0.592  Top1=0.408
[Epoch 331] train_loss=5.2130  val_loss=4.5130  ACC=0.408  F1m=0.133  Top5=0.602  Top1=0.408
[Epoch 332] train_loss=5.5651  val_loss=4.5175  ACC=0.408  F1m=0.133  Top5=0.602  Top1=0.408
[Epoch 333] train_loss=5.5290  val_loss=4.5222  ACC=0.408  F1m=0.133  Top5=0.602  Top1=0.408
[Epoch 334] train_loss=5.4345  val_loss=4.5269  ACC=0.408  F1m=0.133  Top5=0.602  Top1=0.408
[Epoch 335] train_loss=5.4277  val_loss=4.5318  ACC=0.408  F1m=0.133  Top5=0.602  Top1=0.408
[Epoch 336] train_loss=5.4857  val_loss=4.5362  ACC=0.408  F1m=0.133  Top5=0.602  Top1=0.408
[Epoch 337] train_loss=5.1918  val_loss=4.5406  ACC=0.408  F1m=0.133  Top5=0.602  Top1=0.408
[Epoch 338] train_loss=5.6295  val_loss=4.5452  ACC=0.408  F1m=0.133  Top5=0.592  Top1=0.408
[Epoch 339] train_loss=5.8565  val_loss=4.5497  ACC=0.408  F1m=0.133  Top5=0.592  Top1=0.408
[Epoch 340] train_loss=5.6476  val_loss=4.5539  ACC=0.408  F1m=0.133  Top5=0.592  Top1=0.408
[Epoch 341] train_loss=5.3061  val_loss=4.5580  ACC=0.408  F1m=0.133  Top5=0.592  Top1=0.408
[Epoch 342] train_loss=5.5366  val_loss=4.5621  ACC=0.408  F1m=0.133  Top5=0.592  Top1=0.408
[Epoch 343] train_loss=5.4146  val_loss=4.5662  ACC=0.408  F1m=0.133  Top5=0.592  Top1=0.408
[Epoch 344] train_loss=5.8344  val_loss=4.5702  ACC=0.408  F1m=0.133  Top5=0.592  Top1=0.408
[Epoch 345] train_loss=5.5988  val_loss=4.5743  ACC=0.408  F1m=0.133  Top5=0.592  Top1=0.408
[Epoch 346] train_loss=4.9712  val_loss=4.5783  ACC=0.408  F1m=0.133  Top5=0.592  Top1=0.408
[Epoch 347] train_loss=5.2628  val_loss=4.5824  ACC=0.408  F1m=0.133  Top5=0.592  Top1=0.408
[Epoch 348] train_loss=5.5277  val_loss=4.5866  ACC=0.408  F1m=0.133  Top5=0.592  Top1=0.408
[Epoch 349] train_loss=5.0797  val_loss=4.5905  ACC=0.408  F1m=0.133  Top5=0.592  Top1=0.408
[Epoch 350] train_loss=5.2945  val_loss=4.5943  ACC=0.408  F1m=0.133  Top5=0.592  Top1=0.408
[Epoch 351] train_loss=5.1846  val_loss=4.5982  ACC=0.408  F1m=0.133  Top5=0.592  Top1=0.408
[Epoch 352] train_loss=5.8263  val_loss=4.6021  ACC=0.408  F1m=0.133  Top5=0.592  Top1=0.408
[Epoch 353] train_loss=5.3944  val_loss=4.6059  ACC=0.408  F1m=0.133  Top5=0.592  Top1=0.408
[Epoch 354] train_loss=5.6512  val_loss=4.6096  ACC=0.408  F1m=0.133  Top5=0.592  Top1=0.408
[Epoch 355] train_loss=5.5678  val_loss=4.6132  ACC=0.408  F1m=0.133  Top5=0.592  Top1=0.408
[Epoch 356] train_loss=5.3808  val_loss=4.6169  ACC=0.408  F1m=0.133  Top5=0.592  Top1=0.408
[Epoch 357] train_loss=5.6880  val_loss=4.6207  ACC=0.408  F1m=0.133  Top5=0.592  Top1=0.408
[Epoch 358] train_loss=5.5712  val_loss=4.6245  ACC=0.408  F1m=0.133  Top5=0.592  Top1=0.408
[Epoch 359] train_loss=5.3526  val_loss=4.6282  ACC=0.408  F1m=0.133  Top5=0.592  Top1=0.408
[Epoch 360] train_loss=5.4497  val_loss=4.6321  ACC=0.408  F1m=0.133  Top5=0.592  Top1=0.408
[Epoch 361] train_loss=5.2606  val_loss=4.6356  ACC=0.408  F1m=0.133  Top5=0.592  Top1=0.408
[Epoch 362] train_loss=5.1913  val_loss=4.6392  ACC=0.408  F1m=0.134  Top5=0.592  Top1=0.408
[Epoch 363] train_loss=5.6098  val_loss=4.6425  ACC=0.408  F1m=0.134  Top5=0.592  Top1=0.408
[Epoch 364] train_loss=5.4177  val_loss=4.6460  ACC=0.408  F1m=0.134  Top5=0.592  Top1=0.408
[Epoch 365] train_loss=5.6391  val_loss=4.6497  ACC=0.408  F1m=0.134  Top5=0.592  Top1=0.408
[Epoch 366] train_loss=5.1993  val_loss=4.6533  ACC=0.408  F1m=0.134  Top5=0.592  Top1=0.408
[Epoch 367] train_loss=5.6182  val_loss=4.6566  ACC=0.408  F1m=0.134  Top5=0.592  Top1=0.408
[Epoch 368] train_loss=5.3459  val_loss=4.6601  ACC=0.408  F1m=0.134  Top5=0.592  Top1=0.408
[Epoch 369] train_loss=5.1152  val_loss=4.6635  ACC=0.408  F1m=0.134  Top5=0.592  Top1=0.408
[Epoch 370] train_loss=5.6630  val_loss=4.6668  ACC=0.408  F1m=0.134  Top5=0.592  Top1=0.408
[Epoch 371] train_loss=5.5968  val_loss=4.6701  ACC=0.408  F1m=0.134  Top5=0.592  Top1=0.408
[Epoch 372] train_loss=5.7421  val_loss=4.6733  ACC=0.408  F1m=0.134  Top5=0.592  Top1=0.408
[Epoch 373] train_loss=5.4452  val_loss=4.6765  ACC=0.408  F1m=0.134  Top5=0.592  Top1=0.408
[Epoch 374] train_loss=5.6238  val_loss=4.6797  ACC=0.408  F1m=0.134  Top5=0.592  Top1=0.408
[Epoch 375] train_loss=5.4535  val_loss=4.6828  ACC=0.408  F1m=0.134  Top5=0.592  Top1=0.408
[Epoch 376] train_loss=5.3623  val_loss=4.6861  ACC=0.408  F1m=0.134  Top5=0.592  Top1=0.408
[Epoch 377] train_loss=5.6608  val_loss=4.6893  ACC=0.408  F1m=0.134  Top5=0.592  Top1=0.408
[Epoch 378] train_loss=5.4840  val_loss=4.6925  ACC=0.408  F1m=0.134  Top5=0.592  Top1=0.408
[Epoch 379] train_loss=5.3304  val_loss=4.6955  ACC=0.408  F1m=0.134  Top5=0.592  Top1=0.408
[Epoch 380] train_loss=5.3706  val_loss=4.6988  ACC=0.408  F1m=0.134  Top5=0.592  Top1=0.408
[Epoch 381] train_loss=5.9240  val_loss=4.7019  ACC=0.408  F1m=0.134  Top5=0.592  Top1=0.408
[Epoch 382] train_loss=5.2394  val_loss=4.7050  ACC=0.408  F1m=0.134  Top5=0.592  Top1=0.408
[Epoch 383] train_loss=5.7530  val_loss=4.7082  ACC=0.408  F1m=0.134  Top5=0.592  Top1=0.408
[Epoch 384] train_loss=5.4691  val_loss=4.7113  ACC=0.408  F1m=0.134  Top5=0.592  Top1=0.408
[Epoch 385] train_loss=5.4788  val_loss=4.7146  ACC=0.408  F1m=0.134  Top5=0.592  Top1=0.408
[Epoch 386] train_loss=5.5989  val_loss=4.7174  ACC=0.408  F1m=0.134  Top5=0.592  Top1=0.408
[Epoch 387] train_loss=5.6938  val_loss=4.7202  ACC=0.408  F1m=0.134  Top5=0.592  Top1=0.408
[Epoch 388] train_loss=5.5528  val_loss=4.7233  ACC=0.408  F1m=0.134  Top5=0.592  Top1=0.408
[Epoch 389] train_loss=4.8677  val_loss=4.7264  ACC=0.408  F1m=0.134  Top5=0.592  Top1=0.408
[Epoch 390] train_loss=5.5089  val_loss=4.7294  ACC=0.408  F1m=0.134  Top5=0.592  Top1=0.408
[Epoch 391] train_loss=5.2874  val_loss=4.7325  ACC=0.408  F1m=0.134  Top5=0.592  Top1=0.408
[Epoch 392] train_loss=5.4686  val_loss=4.7357  ACC=0.408  F1m=0.134  Top5=0.592  Top1=0.408
[Epoch 393] train_loss=5.2813  val_loss=4.7387  ACC=0.408  F1m=0.134  Top5=0.592  Top1=0.408
[Epoch 394] train_loss=5.2795  val_loss=4.7417  ACC=0.408  F1m=0.134  Top5=0.592  Top1=0.408
[Epoch 395] train_loss=5.3855  val_loss=4.7446  ACC=0.408  F1m=0.134  Top5=0.592  Top1=0.408
[Epoch 396] train_loss=5.7443  val_loss=4.7475  ACC=0.408  F1m=0.134  Top5=0.592  Top1=0.408
[Epoch 397] train_loss=5.2500  val_loss=4.7504  ACC=0.408  F1m=0.134  Top5=0.592  Top1=0.408
[Epoch 398] train_loss=5.0797  val_loss=4.7532  ACC=0.408  F1m=0.134  Top5=0.592  Top1=0.408
[Epoch 399] train_loss=5.3273  val_loss=4.7561  ACC=0.408  F1m=0.134  Top5=0.592  Top1=0.408
[Epoch 400] train_loss=6.1998  val_loss=4.7590  ACC=0.408  F1m=0.134  Top5=0.592  Top1=0.408
[Epoch 401] train_loss=5.5506  val_loss=4.7618  ACC=0.408  F1m=0.134  Top5=0.592  Top1=0.408
[Epoch 402] train_loss=5.4093  val_loss=4.7644  ACC=0.408  F1m=0.134  Top5=0.592  Top1=0.408
[Epoch 403] train_loss=5.4858  val_loss=4.7672  ACC=0.408  F1m=0.134  Top5=0.592  Top1=0.408
[Epoch 404] train_loss=5.5228  val_loss=4.7699  ACC=0.408  F1m=0.134  Top5=0.592  Top1=0.408
[Epoch 405] train_loss=4.9305  val_loss=4.7728  ACC=0.408  F1m=0.134  Top5=0.592  Top1=0.408
[Epoch 406] train_loss=5.2775  val_loss=4.7755  ACC=0.408  F1m=0.134  Top5=0.592  Top1=0.408
[Epoch 407] train_loss=5.7108  val_loss=4.7780  ACC=0.408  F1m=0.134  Top5=0.592  Top1=0.408
[Epoch 408] train_loss=5.3779  val_loss=4.7806  ACC=0.408  F1m=0.134  Top5=0.592  Top1=0.408
[Epoch 409] train_loss=5.8886  val_loss=4.7832  ACC=0.408  F1m=0.134  Top5=0.592  Top1=0.408
[Epoch 410] train_loss=5.4397  val_loss=4.7856  ACC=0.408  F1m=0.134  Top5=0.592  Top1=0.408
[Epoch 411] train_loss=5.4568  val_loss=4.7881  ACC=0.408  F1m=0.134  Top5=0.592  Top1=0.408
[Epoch 412] train_loss=4.9581  val_loss=4.7907  ACC=0.408  F1m=0.134  Top5=0.592  Top1=0.408
[Epoch 413] train_loss=5.5077  val_loss=4.7931  ACC=0.408  F1m=0.134  Top5=0.592  Top1=0.408
[Epoch 414] train_loss=5.8471  val_loss=4.7955  ACC=0.408  F1m=0.134  Top5=0.592  Top1=0.408
[Epoch 415] train_loss=5.4173  val_loss=4.7978  ACC=0.408  F1m=0.134  Top5=0.592  Top1=0.408
[Epoch 416] train_loss=5.6306  val_loss=4.8002  ACC=0.408  F1m=0.134  Top5=0.592  Top1=0.408
[Epoch 417] train_loss=5.2489  val_loss=4.8027  ACC=0.408  F1m=0.134  Top5=0.592  Top1=0.408
[Epoch 418] train_loss=5.3574  val_loss=4.8053  ACC=0.408  F1m=0.134  Top5=0.592  Top1=0.408
[Epoch 419] train_loss=5.7585  val_loss=4.8078  ACC=0.408  F1m=0.134  Top5=0.592  Top1=0.408
[Epoch 420] train_loss=5.3623  val_loss=4.8102  ACC=0.408  F1m=0.134  Top5=0.592  Top1=0.408
[Epoch 421] train_loss=5.3495  val_loss=4.8125  ACC=0.408  F1m=0.134  Top5=0.592  Top1=0.408
[Epoch 422] train_loss=5.5235  val_loss=4.8149  ACC=0.408  F1m=0.134  Top5=0.592  Top1=0.408
[Epoch 423] train_loss=5.2482  val_loss=4.8173  ACC=0.408  F1m=0.134  Top5=0.592  Top1=0.408
[Epoch 424] train_loss=5.3852  val_loss=4.8196  ACC=0.408  F1m=0.134  Top5=0.592  Top1=0.408
[Epoch 425] train_loss=5.3041  val_loss=4.8220  ACC=0.408  F1m=0.134  Top5=0.592  Top1=0.408
[Epoch 426] train_loss=5.1684  val_loss=4.8243  ACC=0.408  F1m=0.134  Top5=0.592  Top1=0.408
[Epoch 427] train_loss=5.6597  val_loss=4.8269  ACC=0.408  F1m=0.134  Top5=0.592  Top1=0.408
[Epoch 428] train_loss=5.8744  val_loss=4.8291  ACC=0.408  F1m=0.134  Top5=0.592  Top1=0.408
[Epoch 429] train_loss=5.4480  val_loss=4.8316  ACC=0.408  F1m=0.134  Top5=0.592  Top1=0.408
[Epoch 430] train_loss=5.4741  val_loss=4.8338  ACC=0.408  F1m=0.134  Top5=0.592  Top1=0.408
[Epoch 431] train_loss=5.2935  val_loss=4.8362  ACC=0.408  F1m=0.134  Top5=0.592  Top1=0.408
[Epoch 432] train_loss=5.6132  val_loss=4.8385  ACC=0.408  F1m=0.134  Top5=0.592  Top1=0.408
[Epoch 433] train_loss=5.0940  val_loss=4.8408  ACC=0.408  F1m=0.134  Top5=0.592  Top1=0.408
[Epoch 434] train_loss=5.2468  val_loss=4.8432  ACC=0.408  F1m=0.134  Top5=0.592  Top1=0.408
[Epoch 435] train_loss=5.2967  val_loss=4.8455  ACC=0.408  F1m=0.134  Top5=0.592  Top1=0.408
[Epoch 436] train_loss=5.3103  val_loss=4.8477  ACC=0.408  F1m=0.134  Top5=0.592  Top1=0.408
[Epoch 437] train_loss=5.5808  val_loss=4.8499  ACC=0.408  F1m=0.134  Top5=0.592  Top1=0.408
[Epoch 438] train_loss=5.1491  val_loss=4.8522  ACC=0.408  F1m=0.134  Top5=0.592  Top1=0.408
[Epoch 439] train_loss=5.7379  val_loss=4.8545  ACC=0.408  F1m=0.134  Top5=0.592  Top1=0.408
[Epoch 440] train_loss=5.4810  val_loss=4.8567  ACC=0.408  F1m=0.134  Top5=0.592  Top1=0.408
[Epoch 441] train_loss=5.2761  val_loss=4.8591  ACC=0.408  F1m=0.134  Top5=0.592  Top1=0.408
[Epoch 442] train_loss=5.2764  val_loss=4.8614  ACC=0.408  F1m=0.134  Top5=0.592  Top1=0.408
[Epoch 443] train_loss=5.4596  val_loss=4.8636  ACC=0.408  F1m=0.134  Top5=0.592  Top1=0.408
[Epoch 444] train_loss=5.3104  val_loss=4.8657  ACC=0.408  F1m=0.134  Top5=0.592  Top1=0.408
[Epoch 445] train_loss=5.6094  val_loss=4.8679  ACC=0.408  F1m=0.134  Top5=0.592  Top1=0.408
[Epoch 446] train_loss=5.6181  val_loss=4.8701  ACC=0.408  F1m=0.134  Top5=0.592  Top1=0.408
[Epoch 447] train_loss=5.4861  val_loss=4.8722  ACC=0.408  F1m=0.134  Top5=0.592  Top1=0.408
[Epoch 448] train_loss=5.8975  val_loss=4.8741  ACC=0.408  F1m=0.134  Top5=0.592  Top1=0.408
[Epoch 449] train_loss=5.5407  val_loss=4.8762  ACC=0.408  F1m=0.134  Top5=0.592  Top1=0.408
[Epoch 450] train_loss=5.2827  val_loss=4.8786  ACC=0.408  F1m=0.134  Top5=0.592  Top1=0.408
[Epoch 451] train_loss=5.1599  val_loss=4.8806  ACC=0.408  F1m=0.134  Top5=0.592  Top1=0.408
[Epoch 452] train_loss=5.9034  val_loss=4.8827  ACC=0.408  F1m=0.134  Top5=0.592  Top1=0.408
[Epoch 453] train_loss=5.5200  val_loss=4.8847  ACC=0.408  F1m=0.134  Top5=0.592  Top1=0.408
[Epoch 454] train_loss=5.5455  val_loss=4.8867  ACC=0.408  F1m=0.134  Top5=0.592  Top1=0.408
[Epoch 455] train_loss=5.3860  val_loss=4.8886  ACC=0.408  F1m=0.134  Top5=0.592  Top1=0.408
[Epoch 456] train_loss=5.9939  val_loss=4.8906  ACC=0.408  F1m=0.134  Top5=0.592  Top1=0.408
[Epoch 457] train_loss=5.3590  val_loss=4.8926  ACC=0.408  F1m=0.134  Top5=0.592  Top1=0.408
[Epoch 458] train_loss=5.6817  val_loss=4.8945  ACC=0.408  F1m=0.134  Top5=0.592  Top1=0.408
[Epoch 459] train_loss=5.6398  val_loss=4.8966  ACC=0.408  F1m=0.134  Top5=0.592  Top1=0.408
[Epoch 460] train_loss=5.7834  val_loss=4.8985  ACC=0.408  F1m=0.134  Top5=0.592  Top1=0.408
[Epoch 461] train_loss=5.6134  val_loss=4.9005  ACC=0.408  F1m=0.134  Top5=0.592  Top1=0.408
[Epoch 462] train_loss=5.5020  val_loss=4.9024  ACC=0.408  F1m=0.134  Top5=0.592  Top1=0.408
[Epoch 463] train_loss=5.0581  val_loss=4.9044  ACC=0.408  F1m=0.134  Top5=0.592  Top1=0.408
[Epoch 464] train_loss=5.6806  val_loss=4.9062  ACC=0.408  F1m=0.134  Top5=0.592  Top1=0.408
[Epoch 465] train_loss=5.3246  val_loss=4.9082  ACC=0.408  F1m=0.134  Top5=0.592  Top1=0.408
[Epoch 466] train_loss=5.3729  val_loss=4.9101  ACC=0.408  F1m=0.134  Top5=0.592  Top1=0.408
[Epoch 467] train_loss=5.2530  val_loss=4.9120  ACC=0.408  F1m=0.134  Top5=0.592  Top1=0.408
[Epoch 468] train_loss=5.4401  val_loss=4.9140  ACC=0.408  F1m=0.134  Top5=0.592  Top1=0.408
[Epoch 469] train_loss=5.5588  val_loss=4.9158  ACC=0.408  F1m=0.134  Top5=0.592  Top1=0.408
[Epoch 470] train_loss=5.1146  val_loss=4.9178  ACC=0.408  F1m=0.134  Top5=0.592  Top1=0.408
[Epoch 471] train_loss=5.4464  val_loss=4.9196  ACC=0.408  F1m=0.134  Top5=0.592  Top1=0.408
[Epoch 472] train_loss=5.5358  val_loss=4.9216  ACC=0.408  F1m=0.134  Top5=0.592  Top1=0.408
[Epoch 473] train_loss=5.5817  val_loss=4.9235  ACC=0.408  F1m=0.134  Top5=0.592  Top1=0.408
[Epoch 474] train_loss=5.2693  val_loss=4.9253  ACC=0.408  F1m=0.134  Top5=0.592  Top1=0.408
[Epoch 475] train_loss=5.2913  val_loss=4.9272  ACC=0.408  F1m=0.134  Top5=0.592  Top1=0.408
[Epoch 476] train_loss=5.6730  val_loss=4.9290  ACC=0.408  F1m=0.134  Top5=0.592  Top1=0.408
[Epoch 477] train_loss=5.5148  val_loss=4.9308  ACC=0.408  F1m=0.134  Top5=0.592  Top1=0.408
[Epoch 478] train_loss=5.3965  val_loss=4.9325  ACC=0.408  F1m=0.134  Top5=0.592  Top1=0.408
[Epoch 479] train_loss=5.5746  val_loss=4.9342  ACC=0.408  F1m=0.134  Top5=0.592  Top1=0.408
[Epoch 480] train_loss=5.3271  val_loss=4.9358  ACC=0.408  F1m=0.134  Top5=0.592  Top1=0.408
[Epoch 481] train_loss=5.4518  val_loss=4.9376  ACC=0.408  F1m=0.134  Top5=0.592  Top1=0.408
[Epoch 482] train_loss=5.8215  val_loss=4.9393  ACC=0.408  F1m=0.134  Top5=0.592  Top1=0.408
[Epoch 483] train_loss=5.1203  val_loss=4.9410  ACC=0.408  F1m=0.134  Top5=0.592  Top1=0.408
[Epoch 484] train_loss=5.2091  val_loss=4.9427  ACC=0.408  F1m=0.134  Top5=0.592  Top1=0.408
[Epoch 485] train_loss=5.7486  val_loss=4.9443  ACC=0.408  F1m=0.134  Top5=0.592  Top1=0.408
[Epoch 486] train_loss=5.5705  val_loss=4.9461  ACC=0.408  F1m=0.134  Top5=0.592  Top1=0.408
[Epoch 487] train_loss=5.3372  val_loss=4.9477  ACC=0.408  F1m=0.134  Top5=0.592  Top1=0.408
[Epoch 488] train_loss=5.4695  val_loss=4.9496  ACC=0.408  F1m=0.134  Top5=0.592  Top1=0.408
[Epoch 489] train_loss=5.3703  val_loss=4.9513  ACC=0.408  F1m=0.134  Top5=0.592  Top1=0.408
[Epoch 490] train_loss=5.7367  val_loss=4.9528  ACC=0.408  F1m=0.134  Top5=0.592  Top1=0.408
[Epoch 491] train_loss=5.6166  val_loss=4.9545  ACC=0.408  F1m=0.134  Top5=0.592  Top1=0.408
[Epoch 492] train_loss=5.2277  val_loss=4.9561  ACC=0.408  F1m=0.134  Top5=0.592  Top1=0.408
[Epoch 493] train_loss=5.6328  val_loss=4.9577  ACC=0.408  F1m=0.134  Top5=0.592  Top1=0.408
[Epoch 494] train_loss=5.6161  val_loss=4.9593  ACC=0.408  F1m=0.134  Top5=0.592  Top1=0.408
[Epoch 495] train_loss=5.4139  val_loss=4.9610  ACC=0.408  F1m=0.137  Top5=0.592  Top1=0.408
[Epoch 496] train_loss=5.4213  val_loss=4.9625  ACC=0.408  F1m=0.137  Top5=0.592  Top1=0.408
[Epoch 497] train_loss=5.6955  val_loss=4.9639  ACC=0.408  F1m=0.137  Top5=0.592  Top1=0.408
[Epoch 498] train_loss=5.5286  val_loss=4.9656  ACC=0.408  F1m=0.137  Top5=0.592  Top1=0.408
[Epoch 499] train_loss=5.5416  val_loss=4.9671  ACC=0.408  F1m=0.137  Top5=0.592  Top1=0.408
[Epoch 500] train_loss=5.5698  val_loss=4.9687  ACC=0.408  F1m=0.137  Top5=0.592  Top1=0.408
[Temp scaling] learned T = 1.740

=== TEST (FT) ===  ACC=0.636  F1m=0.339  Top5=0.927  Top10=0.982
[Best FT Model Saved] /users/PAS2177/liu9756/DualChain-SelfAg_prediction/results/finetune_results_min5_with_record/best_acc.pt (includes temperature).
Saved: /users/PAS2177/liu9756/DualChain-SelfAg_prediction/results/finetune_results_min5_with_record/test_predictions_ft.csv
