[blocks] mean| HLA=0.0073
[Epoch 001] train_loss=11.1757  val_loss=5.1624  ACC=0.017  F1m=0.007  Top5=0.035  Top1=0.017
[Checkpoint] New best ACC=0.0167 at epoch 1. Saved to: /users/PAS2177/liu9756/DualChain-SelfAg_prediction/results/train_results/best_acc.pt
[Epoch 002] train_loss=10.9072  val_loss=5.1125  ACC=0.017  F1m=0.007  Top5=0.034  Top1=0.017
[Epoch 003] train_loss=10.6210  val_loss=5.0259  ACC=0.017  F1m=0.007  Top5=0.036  Top1=0.017
[Epoch 004] train_loss=10.3150  val_loss=4.9053  ACC=0.017  F1m=0.007  Top5=0.041  Top1=0.017
[Epoch 005] train_loss=9.8393  val_loss=4.7507  ACC=0.017  F1m=0.009  Top5=0.046  Top1=0.017
[Epoch 006] train_loss=9.1050  val_loss=4.5398  ACC=0.020  F1m=0.011  Top5=0.054  Top1=0.020
[Checkpoint] New best ACC=0.0204 at epoch 6. Saved to: /users/PAS2177/liu9756/DualChain-SelfAg_prediction/results/train_results/best_acc.pt
[Epoch 007] train_loss=8.4664  val_loss=4.2829  ACC=0.037  F1m=0.012  Top5=0.109  Top1=0.037
[Checkpoint] New best ACC=0.0366 at epoch 7. Saved to: /users/PAS2177/liu9756/DualChain-SelfAg_prediction/results/train_results/best_acc.pt
[Epoch 008] train_loss=7.9641  val_loss=3.9843  ACC=0.086  F1m=0.045  Top5=0.212  Top1=0.086
[Checkpoint] New best ACC=0.0859 at epoch 8. Saved to: /users/PAS2177/liu9756/DualChain-SelfAg_prediction/results/train_results/best_acc.pt
[Epoch 009] train_loss=7.5566  val_loss=3.6500  ACC=0.132  F1m=0.070  Top5=0.637  Top1=0.132
[Checkpoint] New best ACC=0.1324 at epoch 9. Saved to: /users/PAS2177/liu9756/DualChain-SelfAg_prediction/results/train_results/best_acc.pt
[Epoch 010] train_loss=7.2312  val_loss=3.2911  ACC=0.154  F1m=0.131  Top5=0.738  Top1=0.154
[Checkpoint] New best ACC=0.1536 at epoch 10. Saved to: /users/PAS2177/liu9756/DualChain-SelfAg_prediction/results/train_results/best_acc.pt
[Epoch 011] train_loss=6.9574  val_loss=2.9299  ACC=0.175  F1m=0.190  Top5=0.786  Top1=0.175
[Checkpoint] New best ACC=0.1747 at epoch 11. Saved to: /users/PAS2177/liu9756/DualChain-SelfAg_prediction/results/train_results/best_acc.pt
[Epoch 012] train_loss=6.7502  val_loss=2.5919  ACC=0.194  F1m=0.247  Top5=0.828  Top1=0.194
[Checkpoint] New best ACC=0.1941 at epoch 12. Saved to: /users/PAS2177/liu9756/DualChain-SelfAg_prediction/results/train_results/best_acc.pt
[Epoch 013] train_loss=6.5592  val_loss=2.3028  ACC=0.230  F1m=0.279  Top5=0.854  Top1=0.230
[Checkpoint] New best ACC=0.2297 at epoch 13. Saved to: /users/PAS2177/liu9756/DualChain-SelfAg_prediction/results/train_results/best_acc.pt
[Epoch 014] train_loss=6.3579  val_loss=2.0689  ACC=0.277  F1m=0.303  Top5=0.866  Top1=0.277
[Checkpoint] New best ACC=0.2765 at epoch 14. Saved to: /users/PAS2177/liu9756/DualChain-SelfAg_prediction/results/train_results/best_acc.pt
[Epoch 015] train_loss=6.1638  val_loss=1.8850  ACC=0.329  F1m=0.326  Top5=0.875  Top1=0.329
[Checkpoint] New best ACC=0.3288 at epoch 15. Saved to: /users/PAS2177/liu9756/DualChain-SelfAg_prediction/results/train_results/best_acc.pt
[Epoch 016] train_loss=5.9718  val_loss=1.7393  ACC=0.373  F1m=0.336  Top5=0.883  Top1=0.373
[Checkpoint] New best ACC=0.3728 at epoch 16. Saved to: /users/PAS2177/liu9756/DualChain-SelfAg_prediction/results/train_results/best_acc.pt
[Epoch 017] train_loss=5.7739  val_loss=1.6239  ACC=0.405  F1m=0.356  Top5=0.889  Top1=0.405
[Checkpoint] New best ACC=0.4049 at epoch 17. Saved to: /users/PAS2177/liu9756/DualChain-SelfAg_prediction/results/train_results/best_acc.pt
[Epoch 018] train_loss=5.5757  val_loss=1.5315  ACC=0.431  F1m=0.369  Top5=0.897  Top1=0.431
[Checkpoint] New best ACC=0.4306 at epoch 18. Saved to: /users/PAS2177/liu9756/DualChain-SelfAg_prediction/results/train_results/best_acc.pt
[Epoch 019] train_loss=5.3833  val_loss=1.4554  ACC=0.453  F1m=0.390  Top5=0.904  Top1=0.453
[Checkpoint] New best ACC=0.4527 at epoch 19. Saved to: /users/PAS2177/liu9756/DualChain-SelfAg_prediction/results/train_results/best_acc.pt
[Epoch 020] train_loss=5.1991  val_loss=1.3940  ACC=0.466  F1m=0.395  Top5=0.911  Top1=0.466
[Checkpoint] New best ACC=0.4662 at epoch 20. Saved to: /users/PAS2177/liu9756/DualChain-SelfAg_prediction/results/train_results/best_acc.pt
[Epoch 021] train_loss=5.0177  val_loss=1.3452  ACC=0.476  F1m=0.406  Top5=0.918  Top1=0.476
[Checkpoint] New best ACC=0.4764 at epoch 21. Saved to: /users/PAS2177/liu9756/DualChain-SelfAg_prediction/results/train_results/best_acc.pt
[Epoch 022] train_loss=4.8207  val_loss=1.3107  ACC=0.486  F1m=0.416  Top5=0.920  Top1=0.486
[Checkpoint] New best ACC=0.4858 at epoch 22. Saved to: /users/PAS2177/liu9756/DualChain-SelfAg_prediction/results/train_results/best_acc.pt
[Epoch 023] train_loss=4.6020  val_loss=1.2890  ACC=0.478  F1m=0.419  Top5=0.924  Top1=0.478
[Epoch 024] train_loss=4.3876  val_loss=1.2791  ACC=0.482  F1m=0.429  Top5=0.924  Top1=0.482
[Epoch 025] train_loss=4.2058  val_loss=1.2815  ACC=0.481  F1m=0.425  Top5=0.928  Top1=0.481
[Epoch 026] train_loss=4.0029  val_loss=1.2901  ACC=0.481  F1m=0.431  Top5=0.928  Top1=0.481
[Epoch 027] train_loss=3.8106  val_loss=1.3051  ACC=0.481  F1m=0.433  Top5=0.931  Top1=0.481
[Epoch 028] train_loss=3.6263  val_loss=1.3259  ACC=0.484  F1m=0.437  Top5=0.932  Top1=0.484
[Epoch 029] train_loss=3.4239  val_loss=1.3512  ACC=0.483  F1m=0.439  Top5=0.932  Top1=0.483
[Epoch 030] train_loss=3.2560  val_loss=1.3789  ACC=0.480  F1m=0.438  Top5=0.934  Top1=0.480
[Epoch 031] train_loss=3.0654  val_loss=1.4109  ACC=0.478  F1m=0.435  Top5=0.936  Top1=0.478
[Epoch 032] train_loss=2.8771  val_loss=1.4460  ACC=0.475  F1m=0.438  Top5=0.937  Top1=0.475
[Epoch 033] train_loss=2.6940  val_loss=1.4832  ACC=0.480  F1m=0.444  Top5=0.939  Top1=0.480
[Epoch 034] train_loss=2.5578  val_loss=1.5264  ACC=0.479  F1m=0.451  Top5=0.940  Top1=0.479
[Epoch 035] train_loss=2.4090  val_loss=1.5683  ACC=0.476  F1m=0.450  Top5=0.941  Top1=0.476
[Epoch 036] train_loss=2.2839  val_loss=1.6112  ACC=0.477  F1m=0.452  Top5=0.941  Top1=0.477
[Epoch 037] train_loss=2.1596  val_loss=1.6531  ACC=0.477  F1m=0.458  Top5=0.941  Top1=0.477
[Epoch 038] train_loss=2.0343  val_loss=1.6961  ACC=0.479  F1m=0.462  Top5=0.943  Top1=0.479
[Epoch 039] train_loss=1.9439  val_loss=1.7386  ACC=0.479  F1m=0.465  Top5=0.946  Top1=0.479
[Epoch 040] train_loss=1.8190  val_loss=1.7798  ACC=0.477  F1m=0.460  Top5=0.948  Top1=0.477
[Epoch 041] train_loss=1.7400  val_loss=1.8241  ACC=0.475  F1m=0.459  Top5=0.949  Top1=0.475
[Epoch 042] train_loss=1.6689  val_loss=1.8683  ACC=0.477  F1m=0.462  Top5=0.951  Top1=0.477
[Epoch 043] train_loss=1.6070  val_loss=1.9124  ACC=0.475  F1m=0.469  Top5=0.953  Top1=0.475
[Epoch 044] train_loss=1.5709  val_loss=1.9534  ACC=0.478  F1m=0.473  Top5=0.954  Top1=0.478
[Epoch 045] train_loss=1.5026  val_loss=1.9946  ACC=0.475  F1m=0.477  Top5=0.954  Top1=0.475
[Epoch 046] train_loss=1.4495  val_loss=2.0394  ACC=0.476  F1m=0.480  Top5=0.955  Top1=0.476
[Epoch 047] train_loss=1.4008  val_loss=2.0868  ACC=0.473  F1m=0.481  Top5=0.955  Top1=0.473
[Epoch 048] train_loss=1.3429  val_loss=2.1369  ACC=0.469  F1m=0.485  Top5=0.955  Top1=0.469
[Epoch 049] train_loss=1.3395  val_loss=2.1826  ACC=0.461  F1m=0.484  Top5=0.955  Top1=0.461
[Epoch 050] train_loss=1.2967  val_loss=2.2292  ACC=0.457  F1m=0.483  Top5=0.956  Top1=0.457
[Epoch 051] train_loss=1.2731  val_loss=2.2766  ACC=0.455  F1m=0.485  Top5=0.956  Top1=0.455
[Epoch 052] train_loss=1.2213  val_loss=2.3171  ACC=0.448  F1m=0.485  Top5=0.957  Top1=0.448
[Epoch 053] train_loss=1.1864  val_loss=2.3584  ACC=0.440  F1m=0.481  Top5=0.958  Top1=0.440
[Epoch 054] train_loss=1.1562  val_loss=2.3978  ACC=0.435  F1m=0.487  Top5=0.958  Top1=0.435
[Epoch 055] train_loss=1.0826  val_loss=2.4445  ACC=0.430  F1m=0.492  Top5=0.959  Top1=0.430
[Epoch 056] train_loss=1.0917  val_loss=2.4908  ACC=0.425  F1m=0.490  Top5=0.957  Top1=0.425
[Epoch 057] train_loss=1.0707  val_loss=2.5294  ACC=0.416  F1m=0.491  Top5=0.958  Top1=0.416
[Epoch 058] train_loss=1.0335  val_loss=2.5729  ACC=0.413  F1m=0.493  Top5=0.958  Top1=0.413
[Epoch 059] train_loss=0.9831  val_loss=2.6178  ACC=0.410  F1m=0.490  Top5=0.958  Top1=0.410
[Epoch 060] train_loss=0.9735  val_loss=2.6601  ACC=0.411  F1m=0.489  Top5=0.958  Top1=0.411
[Epoch 061] train_loss=0.9423  val_loss=2.6997  ACC=0.413  F1m=0.486  Top5=0.958  Top1=0.413
[Epoch 062] train_loss=0.9232  val_loss=2.7381  ACC=0.416  F1m=0.489  Top5=0.956  Top1=0.416
[Epoch 063] train_loss=0.8989  val_loss=2.7684  ACC=0.419  F1m=0.491  Top5=0.957  Top1=0.419
[Epoch 064] train_loss=0.8582  val_loss=2.8123  ACC=0.423  F1m=0.490  Top5=0.956  Top1=0.423
[Epoch 065] train_loss=0.8380  val_loss=2.8430  ACC=0.430  F1m=0.492  Top5=0.957  Top1=0.430
[Epoch 066] train_loss=0.8438  val_loss=2.8779  ACC=0.438  F1m=0.487  Top5=0.957  Top1=0.438
[Epoch 067] train_loss=0.7949  val_loss=2.9133  ACC=0.451  F1m=0.490  Top5=0.956  Top1=0.451
[Epoch 068] train_loss=0.7830  val_loss=2.9365  ACC=0.469  F1m=0.496  Top5=0.956  Top1=0.469
[Epoch 069] train_loss=0.7748  val_loss=2.9609  ACC=0.481  F1m=0.490  Top5=0.957  Top1=0.481
[Epoch 070] train_loss=0.7519  val_loss=2.9865  ACC=0.500  F1m=0.487  Top5=0.956  Top1=0.500
[Checkpoint] New best ACC=0.5005 at epoch 70. Saved to: /users/PAS2177/liu9756/DualChain-SelfAg_prediction/results/train_results/best_acc.pt
[Epoch 071] train_loss=0.7419  val_loss=3.0119  ACC=0.523  F1m=0.484  Top5=0.956  Top1=0.523
[Checkpoint] New best ACC=0.5231 at epoch 71. Saved to: /users/PAS2177/liu9756/DualChain-SelfAg_prediction/results/train_results/best_acc.pt
[Epoch 072] train_loss=0.7313  val_loss=3.0367  ACC=0.545  F1m=0.487  Top5=0.956  Top1=0.545
[Checkpoint] New best ACC=0.5450 at epoch 72. Saved to: /users/PAS2177/liu9756/DualChain-SelfAg_prediction/results/train_results/best_acc.pt
[Epoch 073] train_loss=0.7245  val_loss=3.0583  ACC=0.562  F1m=0.490  Top5=0.955  Top1=0.562
[Checkpoint] New best ACC=0.5625 at epoch 73. Saved to: /users/PAS2177/liu9756/DualChain-SelfAg_prediction/results/train_results/best_acc.pt
[Epoch 074] train_loss=0.7088  val_loss=3.0758  ACC=0.582  F1m=0.493  Top5=0.955  Top1=0.582
[Checkpoint] New best ACC=0.5824 at epoch 74. Saved to: /users/PAS2177/liu9756/DualChain-SelfAg_prediction/results/train_results/best_acc.pt
[Epoch 075] train_loss=0.6936  val_loss=3.0986  ACC=0.596  F1m=0.499  Top5=0.954  Top1=0.596
[Checkpoint] New best ACC=0.5961 at epoch 75. Saved to: /users/PAS2177/liu9756/DualChain-SelfAg_prediction/results/train_results/best_acc.pt
[Epoch 076] train_loss=0.6910  val_loss=3.1194  ACC=0.618  F1m=0.499  Top5=0.953  Top1=0.618
[Checkpoint] New best ACC=0.6180 at epoch 76. Saved to: /users/PAS2177/liu9756/DualChain-SelfAg_prediction/results/train_results/best_acc.pt
[Epoch 077] train_loss=0.6763  val_loss=3.1297  ACC=0.635  F1m=0.498  Top5=0.954  Top1=0.635
[Checkpoint] New best ACC=0.6351 at epoch 77. Saved to: /users/PAS2177/liu9756/DualChain-SelfAg_prediction/results/train_results/best_acc.pt
[Epoch 078] train_loss=0.6671  val_loss=3.1494  ACC=0.651  F1m=0.498  Top5=0.952  Top1=0.651
[Checkpoint] New best ACC=0.6511 at epoch 78. Saved to: /users/PAS2177/liu9756/DualChain-SelfAg_prediction/results/train_results/best_acc.pt
[Epoch 079] train_loss=0.6502  val_loss=3.1753  ACC=0.666  F1m=0.496  Top5=0.952  Top1=0.666
[Checkpoint] New best ACC=0.6655 at epoch 79. Saved to: /users/PAS2177/liu9756/DualChain-SelfAg_prediction/results/train_results/best_acc.pt
[Epoch 080] train_loss=0.6480  val_loss=3.1931  ACC=0.678  F1m=0.501  Top5=0.951  Top1=0.678
[Checkpoint] New best ACC=0.6784 at epoch 80. Saved to: /users/PAS2177/liu9756/DualChain-SelfAg_prediction/results/train_results/best_acc.pt
[Epoch 081] train_loss=0.6472  val_loss=3.2149  ACC=0.687  F1m=0.505  Top5=0.952  Top1=0.687
[Checkpoint] New best ACC=0.6872 at epoch 81. Saved to: /users/PAS2177/liu9756/DualChain-SelfAg_prediction/results/train_results/best_acc.pt
[Epoch 082] train_loss=0.6295  val_loss=3.2312  ACC=0.696  F1m=0.503  Top5=0.952  Top1=0.696
[Checkpoint] New best ACC=0.6956 at epoch 82. Saved to: /users/PAS2177/liu9756/DualChain-SelfAg_prediction/results/train_results/best_acc.pt
[Epoch 083] train_loss=0.6365  val_loss=3.2412  ACC=0.707  F1m=0.503  Top5=0.951  Top1=0.707
[Checkpoint] New best ACC=0.7068 at epoch 83. Saved to: /users/PAS2177/liu9756/DualChain-SelfAg_prediction/results/train_results/best_acc.pt
[Epoch 084] train_loss=0.6273  val_loss=3.2536  ACC=0.712  F1m=0.499  Top5=0.951  Top1=0.712
[Checkpoint] New best ACC=0.7123 at epoch 84. Saved to: /users/PAS2177/liu9756/DualChain-SelfAg_prediction/results/train_results/best_acc.pt
[Epoch 085] train_loss=0.6123  val_loss=3.2656  ACC=0.717  F1m=0.500  Top5=0.950  Top1=0.717
[Checkpoint] New best ACC=0.7168 at epoch 85. Saved to: /users/PAS2177/liu9756/DualChain-SelfAg_prediction/results/train_results/best_acc.pt
[Epoch 086] train_loss=0.6240  val_loss=3.2791  ACC=0.722  F1m=0.502  Top5=0.950  Top1=0.722
[Checkpoint] New best ACC=0.7225 at epoch 86. Saved to: /users/PAS2177/liu9756/DualChain-SelfAg_prediction/results/train_results/best_acc.pt
[Epoch 087] train_loss=0.5864  val_loss=3.2960  ACC=0.726  F1m=0.502  Top5=0.950  Top1=0.726
[Checkpoint] New best ACC=0.7260 at epoch 87. Saved to: /users/PAS2177/liu9756/DualChain-SelfAg_prediction/results/train_results/best_acc.pt
[Epoch 088] train_loss=0.6128  val_loss=3.3197  ACC=0.729  F1m=0.497  Top5=0.948  Top1=0.729
[Checkpoint] New best ACC=0.7290 at epoch 88. Saved to: /users/PAS2177/liu9756/DualChain-SelfAg_prediction/results/train_results/best_acc.pt
[Epoch 089] train_loss=0.6051  val_loss=3.3322  ACC=0.733  F1m=0.495  Top5=0.948  Top1=0.733
[Checkpoint] New best ACC=0.7334 at epoch 89. Saved to: /users/PAS2177/liu9756/DualChain-SelfAg_prediction/results/train_results/best_acc.pt
[Epoch 090] train_loss=0.6044  val_loss=3.3445  ACC=0.736  F1m=0.498  Top5=0.947  Top1=0.736
[Checkpoint] New best ACC=0.7364 at epoch 90. Saved to: /users/PAS2177/liu9756/DualChain-SelfAg_prediction/results/train_results/best_acc.pt
[Epoch 091] train_loss=0.6032  val_loss=3.3608  ACC=0.738  F1m=0.495  Top5=0.947  Top1=0.738
[Checkpoint] New best ACC=0.7384 at epoch 91. Saved to: /users/PAS2177/liu9756/DualChain-SelfAg_prediction/results/train_results/best_acc.pt
[Epoch 092] train_loss=0.6022  val_loss=3.3758  ACC=0.740  F1m=0.495  Top5=0.946  Top1=0.740
[Checkpoint] New best ACC=0.7399 at epoch 92. Saved to: /users/PAS2177/liu9756/DualChain-SelfAg_prediction/results/train_results/best_acc.pt
[Epoch 093] train_loss=0.5874  val_loss=3.3919  ACC=0.742  F1m=0.496  Top5=0.945  Top1=0.742
[Checkpoint] New best ACC=0.7419 at epoch 93. Saved to: /users/PAS2177/liu9756/DualChain-SelfAg_prediction/results/train_results/best_acc.pt
[Epoch 094] train_loss=0.5904  val_loss=3.4089  ACC=0.744  F1m=0.495  Top5=0.945  Top1=0.744
[Checkpoint] New best ACC=0.7442 at epoch 94. Saved to: /users/PAS2177/liu9756/DualChain-SelfAg_prediction/results/train_results/best_acc.pt
[Epoch 095] train_loss=0.5748  val_loss=3.4187  ACC=0.748  F1m=0.497  Top5=0.946  Top1=0.748
[Checkpoint] New best ACC=0.7484 at epoch 95. Saved to: /users/PAS2177/liu9756/DualChain-SelfAg_prediction/results/train_results/best_acc.pt
[Epoch 096] train_loss=0.5658  val_loss=3.4353  ACC=0.750  F1m=0.494  Top5=0.944  Top1=0.750
[Checkpoint] New best ACC=0.7496 at epoch 96. Saved to: /users/PAS2177/liu9756/DualChain-SelfAg_prediction/results/train_results/best_acc.pt
[Epoch 097] train_loss=0.5628  val_loss=3.4505  ACC=0.754  F1m=0.495  Top5=0.944  Top1=0.754
[Checkpoint] New best ACC=0.7544 at epoch 97. Saved to: /users/PAS2177/liu9756/DualChain-SelfAg_prediction/results/train_results/best_acc.pt
[Epoch 098] train_loss=0.5719  val_loss=3.4578  ACC=0.756  F1m=0.494  Top5=0.944  Top1=0.756
[Checkpoint] New best ACC=0.7556 at epoch 98. Saved to: /users/PAS2177/liu9756/DualChain-SelfAg_prediction/results/train_results/best_acc.pt
[Epoch 099] train_loss=0.5648  val_loss=3.4557  ACC=0.757  F1m=0.494  Top5=0.944  Top1=0.757
[Checkpoint] New best ACC=0.7566 at epoch 99. Saved to: /users/PAS2177/liu9756/DualChain-SelfAg_prediction/results/train_results/best_acc.pt
[Epoch 100] train_loss=0.5567  val_loss=3.4684  ACC=0.758  F1m=0.493  Top5=0.944  Top1=0.758
[Checkpoint] New best ACC=0.7578 at epoch 100. Saved to: /users/PAS2177/liu9756/DualChain-SelfAg_prediction/results/train_results/best_acc.pt
[Epoch 101] train_loss=0.5527  val_loss=3.4732  ACC=0.760  F1m=0.494  Top5=0.943  Top1=0.760
[Checkpoint] New best ACC=0.7601 at epoch 101. Saved to: /users/PAS2177/liu9756/DualChain-SelfAg_prediction/results/train_results/best_acc.pt
[Epoch 102] train_loss=0.5585  val_loss=3.4800  ACC=0.762  F1m=0.493  Top5=0.944  Top1=0.762
[Checkpoint] New best ACC=0.7618 at epoch 102. Saved to: /users/PAS2177/liu9756/DualChain-SelfAg_prediction/results/train_results/best_acc.pt
[Epoch 103] train_loss=0.5503  val_loss=3.4821  ACC=0.761  F1m=0.495  Top5=0.944  Top1=0.761
[Epoch 104] train_loss=0.5579  val_loss=3.4880  ACC=0.765  F1m=0.496  Top5=0.944  Top1=0.765
[Checkpoint] New best ACC=0.7648 at epoch 104. Saved to: /users/PAS2177/liu9756/DualChain-SelfAg_prediction/results/train_results/best_acc.pt
[Epoch 105] train_loss=0.5521  val_loss=3.4993  ACC=0.766  F1m=0.495  Top5=0.942  Top1=0.766
[Checkpoint] New best ACC=0.7661 at epoch 105. Saved to: /users/PAS2177/liu9756/DualChain-SelfAg_prediction/results/train_results/best_acc.pt
[Epoch 106] train_loss=0.5314  val_loss=3.5124  ACC=0.766  F1m=0.493  Top5=0.942  Top1=0.766
[Epoch 107] train_loss=0.5490  val_loss=3.5160  ACC=0.767  F1m=0.493  Top5=0.943  Top1=0.767
[Checkpoint] New best ACC=0.7670 at epoch 107. Saved to: /users/PAS2177/liu9756/DualChain-SelfAg_prediction/results/train_results/best_acc.pt
[Epoch 108] train_loss=0.5339  val_loss=3.5259  ACC=0.770  F1m=0.496  Top5=0.943  Top1=0.770
[Checkpoint] New best ACC=0.7695 at epoch 108. Saved to: /users/PAS2177/liu9756/DualChain-SelfAg_prediction/results/train_results/best_acc.pt
[Epoch 109] train_loss=0.5401  val_loss=3.5373  ACC=0.771  F1m=0.496  Top5=0.943  Top1=0.771
[Checkpoint] New best ACC=0.7705 at epoch 109. Saved to: /users/PAS2177/liu9756/DualChain-SelfAg_prediction/results/train_results/best_acc.pt
[Epoch 110] train_loss=0.5338  val_loss=3.5459  ACC=0.771  F1m=0.498  Top5=0.943  Top1=0.771
[Checkpoint] New best ACC=0.7713 at epoch 110. Saved to: /users/PAS2177/liu9756/DualChain-SelfAg_prediction/results/train_results/best_acc.pt
[Epoch 111] train_loss=0.5286  val_loss=3.5538  ACC=0.776  F1m=0.500  Top5=0.941  Top1=0.776
[Checkpoint] New best ACC=0.7755 at epoch 111. Saved to: /users/PAS2177/liu9756/DualChain-SelfAg_prediction/results/train_results/best_acc.pt
[Epoch 112] train_loss=0.5355  val_loss=3.5579  ACC=0.775  F1m=0.499  Top5=0.941  Top1=0.775
[Epoch 113] train_loss=0.5414  val_loss=3.5550  ACC=0.776  F1m=0.498  Top5=0.942  Top1=0.776
[Checkpoint] New best ACC=0.7763 at epoch 113. Saved to: /users/PAS2177/liu9756/DualChain-SelfAg_prediction/results/train_results/best_acc.pt
[Epoch 114] train_loss=0.5437  val_loss=3.5621  ACC=0.774  F1m=0.496  Top5=0.942  Top1=0.774
[Epoch 115] train_loss=0.5302  val_loss=3.5702  ACC=0.772  F1m=0.494  Top5=0.942  Top1=0.772
[Epoch 116] train_loss=0.5198  val_loss=3.5775  ACC=0.774  F1m=0.495  Top5=0.942  Top1=0.774
[Epoch 117] train_loss=0.5363  val_loss=3.5831  ACC=0.775  F1m=0.491  Top5=0.942  Top1=0.775
[Epoch 118] train_loss=0.5361  val_loss=3.5913  ACC=0.775  F1m=0.486  Top5=0.941  Top1=0.775
[Epoch 119] train_loss=0.5288  val_loss=3.5922  ACC=0.776  F1m=0.489  Top5=0.941  Top1=0.776
[Epoch 120] train_loss=0.5428  val_loss=3.5879  ACC=0.777  F1m=0.493  Top5=0.941  Top1=0.777
[Checkpoint] New best ACC=0.7768 at epoch 120. Saved to: /users/PAS2177/liu9756/DualChain-SelfAg_prediction/results/train_results/best_acc.pt
[Epoch 121] train_loss=0.5236  val_loss=3.5898  ACC=0.777  F1m=0.499  Top5=0.941  Top1=0.777
[Checkpoint] New best ACC=0.7773 at epoch 121. Saved to: /users/PAS2177/liu9756/DualChain-SelfAg_prediction/results/train_results/best_acc.pt
[Epoch 122] train_loss=0.5190  val_loss=3.5944  ACC=0.780  F1m=0.503  Top5=0.941  Top1=0.780
[Checkpoint] New best ACC=0.7800 at epoch 122. Saved to: /users/PAS2177/liu9756/DualChain-SelfAg_prediction/results/train_results/best_acc.pt
[Epoch 123] train_loss=0.5181  val_loss=3.5986  ACC=0.780  F1m=0.496  Top5=0.940  Top1=0.780
[Epoch 124] train_loss=0.5140  val_loss=3.6077  ACC=0.779  F1m=0.496  Top5=0.939  Top1=0.779
[Epoch 125] train_loss=0.5180  val_loss=3.6139  ACC=0.779  F1m=0.503  Top5=0.939  Top1=0.779
[Epoch 126] train_loss=0.5122  val_loss=3.6220  ACC=0.780  F1m=0.503  Top5=0.940  Top1=0.780
[Epoch 127] train_loss=0.5184  val_loss=3.6273  ACC=0.779  F1m=0.500  Top5=0.941  Top1=0.779
[Epoch 128] train_loss=0.5066  val_loss=3.6320  ACC=0.781  F1m=0.500  Top5=0.940  Top1=0.781
[Checkpoint] New best ACC=0.7807 at epoch 128. Saved to: /users/PAS2177/liu9756/DualChain-SelfAg_prediction/results/train_results/best_acc.pt
[Epoch 129] train_loss=0.5117  val_loss=3.6345  ACC=0.780  F1m=0.500  Top5=0.940  Top1=0.780
[Epoch 130] train_loss=0.5069  val_loss=3.6399  ACC=0.782  F1m=0.502  Top5=0.940  Top1=0.782
[Checkpoint] New best ACC=0.7825 at epoch 130. Saved to: /users/PAS2177/liu9756/DualChain-SelfAg_prediction/results/train_results/best_acc.pt
[Epoch 131] train_loss=0.5041  val_loss=3.6489  ACC=0.782  F1m=0.502  Top5=0.940  Top1=0.782
[Epoch 132] train_loss=0.5071  val_loss=3.6529  ACC=0.782  F1m=0.499  Top5=0.940  Top1=0.782
[Epoch 133] train_loss=0.5099  val_loss=3.6597  ACC=0.783  F1m=0.499  Top5=0.939  Top1=0.783
[Checkpoint] New best ACC=0.7835 at epoch 133. Saved to: /users/PAS2177/liu9756/DualChain-SelfAg_prediction/results/train_results/best_acc.pt
[Epoch 134] train_loss=0.5089  val_loss=3.6752  ACC=0.784  F1m=0.492  Top5=0.938  Top1=0.784
[Checkpoint] New best ACC=0.7837 at epoch 134. Saved to: /users/PAS2177/liu9756/DualChain-SelfAg_prediction/results/train_results/best_acc.pt
[Epoch 135] train_loss=0.5065  val_loss=3.6777  ACC=0.781  F1m=0.489  Top5=0.939  Top1=0.781
[Epoch 136] train_loss=0.4997  val_loss=3.6708  ACC=0.782  F1m=0.493  Top5=0.939  Top1=0.782
[Epoch 137] train_loss=0.4963  val_loss=3.6644  ACC=0.783  F1m=0.493  Top5=0.939  Top1=0.783
[Epoch 138] train_loss=0.4906  val_loss=3.6604  ACC=0.783  F1m=0.492  Top5=0.938  Top1=0.783
[Epoch 139] train_loss=0.4974  val_loss=3.6606  ACC=0.782  F1m=0.490  Top5=0.938  Top1=0.782
[Epoch 140] train_loss=0.4935  val_loss=3.6584  ACC=0.782  F1m=0.492  Top5=0.938  Top1=0.782
[Epoch 141] train_loss=0.4985  val_loss=3.6570  ACC=0.782  F1m=0.491  Top5=0.938  Top1=0.782
[Epoch 142] train_loss=0.4932  val_loss=3.6572  ACC=0.781  F1m=0.491  Top5=0.938  Top1=0.781
[Epoch 143] train_loss=0.4986  val_loss=3.6620  ACC=0.782  F1m=0.493  Top5=0.938  Top1=0.782
[Epoch 144] train_loss=0.4918  val_loss=3.6693  ACC=0.782  F1m=0.495  Top5=0.938  Top1=0.782
[Epoch 145] train_loss=0.4884  val_loss=3.6802  ACC=0.783  F1m=0.494  Top5=0.938  Top1=0.783
[Epoch 146] train_loss=0.4943  val_loss=3.6887  ACC=0.784  F1m=0.496  Top5=0.938  Top1=0.784
[Checkpoint] New best ACC=0.7842 at epoch 146. Saved to: /users/PAS2177/liu9756/DualChain-SelfAg_prediction/results/train_results/best_acc.pt
[Epoch 147] train_loss=0.4790  val_loss=3.6945  ACC=0.785  F1m=0.495  Top5=0.938  Top1=0.785
[Checkpoint] New best ACC=0.7850 at epoch 147. Saved to: /users/PAS2177/liu9756/DualChain-SelfAg_prediction/results/train_results/best_acc.pt
[Epoch 148] train_loss=0.4942  val_loss=3.7086  ACC=0.784  F1m=0.496  Top5=0.936  Top1=0.784
[Epoch 149] train_loss=0.4890  val_loss=3.7166  ACC=0.787  F1m=0.495  Top5=0.936  Top1=0.787
[Checkpoint] New best ACC=0.7870 at epoch 149. Saved to: /users/PAS2177/liu9756/DualChain-SelfAg_prediction/results/train_results/best_acc.pt
[Epoch 150] train_loss=0.4825  val_loss=3.7166  ACC=0.786  F1m=0.492  Top5=0.936  Top1=0.786
[Epoch 151] train_loss=0.4872  val_loss=3.7202  ACC=0.786  F1m=0.488  Top5=0.936  Top1=0.786
[Epoch 152] train_loss=0.4759  val_loss=3.7239  ACC=0.786  F1m=0.489  Top5=0.938  Top1=0.786
[Epoch 153] train_loss=0.4827  val_loss=3.7219  ACC=0.786  F1m=0.489  Top5=0.938  Top1=0.786
[Epoch 154] train_loss=0.4899  val_loss=3.7163  ACC=0.786  F1m=0.490  Top5=0.938  Top1=0.786
[Epoch 155] train_loss=0.4845  val_loss=3.7154  ACC=0.786  F1m=0.487  Top5=0.938  Top1=0.786
[Epoch 156] train_loss=0.4838  val_loss=3.7137  ACC=0.785  F1m=0.485  Top5=0.938  Top1=0.785
[Epoch 157] train_loss=0.4809  val_loss=3.7057  ACC=0.787  F1m=0.483  Top5=0.939  Top1=0.787
[Checkpoint] New best ACC=0.7872 at epoch 157. Saved to: /users/PAS2177/liu9756/DualChain-SelfAg_prediction/results/train_results/best_acc.pt
[Epoch 158] train_loss=0.4793  val_loss=3.7110  ACC=0.787  F1m=0.483  Top5=0.938  Top1=0.787
[Epoch 159] train_loss=0.4759  val_loss=3.7147  ACC=0.787  F1m=0.482  Top5=0.938  Top1=0.787
[Epoch 160] train_loss=0.4739  val_loss=3.7214  ACC=0.787  F1m=0.482  Top5=0.938  Top1=0.787
[Epoch 161] train_loss=0.4736  val_loss=3.7185  ACC=0.788  F1m=0.484  Top5=0.938  Top1=0.788
[Checkpoint] New best ACC=0.7877 at epoch 161. Saved to: /users/PAS2177/liu9756/DualChain-SelfAg_prediction/results/train_results/best_acc.pt
[Epoch 162] train_loss=0.4747  val_loss=3.7220  ACC=0.785  F1m=0.484  Top5=0.938  Top1=0.785
[Epoch 163] train_loss=0.4736  val_loss=3.7238  ACC=0.787  F1m=0.484  Top5=0.938  Top1=0.787
[Epoch 164] train_loss=0.4758  val_loss=3.7209  ACC=0.786  F1m=0.485  Top5=0.939  Top1=0.786
[Epoch 165] train_loss=0.4747  val_loss=3.7156  ACC=0.786  F1m=0.487  Top5=0.938  Top1=0.786
[Epoch 166] train_loss=0.4738  val_loss=3.7131  ACC=0.785  F1m=0.488  Top5=0.937  Top1=0.785
[Epoch 167] train_loss=0.4767  val_loss=3.7092  ACC=0.785  F1m=0.486  Top5=0.938  Top1=0.785
[Epoch 168] train_loss=0.4744  val_loss=3.7095  ACC=0.786  F1m=0.486  Top5=0.938  Top1=0.786
[Epoch 169] train_loss=0.4823  val_loss=3.7206  ACC=0.787  F1m=0.482  Top5=0.938  Top1=0.787
[Epoch 170] train_loss=0.4755  val_loss=3.7272  ACC=0.785  F1m=0.479  Top5=0.939  Top1=0.785
[Epoch 171] train_loss=0.4715  val_loss=3.7271  ACC=0.788  F1m=0.484  Top5=0.939  Top1=0.788
[Checkpoint] New best ACC=0.7882 at epoch 171. Saved to: /users/PAS2177/liu9756/DualChain-SelfAg_prediction/results/train_results/best_acc.pt
[Epoch 172] train_loss=0.4769  val_loss=3.7230  ACC=0.789  F1m=0.482  Top5=0.938  Top1=0.789
[Checkpoint] New best ACC=0.7889 at epoch 172. Saved to: /users/PAS2177/liu9756/DualChain-SelfAg_prediction/results/train_results/best_acc.pt
[Epoch 173] train_loss=0.4785  val_loss=3.7197  ACC=0.788  F1m=0.480  Top5=0.938  Top1=0.788
[Epoch 174] train_loss=0.4746  val_loss=3.7220  ACC=0.785  F1m=0.479  Top5=0.938  Top1=0.785
[Epoch 175] train_loss=0.4795  val_loss=3.7227  ACC=0.786  F1m=0.480  Top5=0.937  Top1=0.786
[Epoch 176] train_loss=0.4717  val_loss=3.7286  ACC=0.787  F1m=0.485  Top5=0.936  Top1=0.787
[Epoch 177] train_loss=0.4699  val_loss=3.7326  ACC=0.786  F1m=0.481  Top5=0.937  Top1=0.786
[Epoch 178] train_loss=0.4720  val_loss=3.7357  ACC=0.787  F1m=0.480  Top5=0.937  Top1=0.787
[Epoch 179] train_loss=0.4764  val_loss=3.7410  ACC=0.785  F1m=0.476  Top5=0.937  Top1=0.785
[Epoch 180] train_loss=0.4676  val_loss=3.7419  ACC=0.785  F1m=0.478  Top5=0.938  Top1=0.785
[Epoch 181] train_loss=0.4696  val_loss=3.7489  ACC=0.784  F1m=0.476  Top5=0.938  Top1=0.784
[Epoch 182] train_loss=0.4737  val_loss=3.7605  ACC=0.786  F1m=0.481  Top5=0.938  Top1=0.786
[Epoch 183] train_loss=0.4694  val_loss=3.7707  ACC=0.785  F1m=0.477  Top5=0.939  Top1=0.785
[Epoch 184] train_loss=0.4694  val_loss=3.7725  ACC=0.785  F1m=0.479  Top5=0.938  Top1=0.785
[Epoch 185] train_loss=0.4666  val_loss=3.7787  ACC=0.786  F1m=0.480  Top5=0.937  Top1=0.786
[Epoch 186] train_loss=0.4670  val_loss=3.7826  ACC=0.783  F1m=0.479  Top5=0.937  Top1=0.783
[Epoch 187] train_loss=0.4750  val_loss=3.7923  ACC=0.783  F1m=0.479  Top5=0.936  Top1=0.783
[Epoch 188] train_loss=0.4652  val_loss=3.7855  ACC=0.782  F1m=0.485  Top5=0.935  Top1=0.782
[Epoch 189] train_loss=0.4737  val_loss=3.7825  ACC=0.782  F1m=0.480  Top5=0.936  Top1=0.782
[Epoch 190] train_loss=0.4667  val_loss=3.7851  ACC=0.783  F1m=0.481  Top5=0.937  Top1=0.783
[Epoch 191] train_loss=0.4721  val_loss=3.7841  ACC=0.784  F1m=0.482  Top5=0.939  Top1=0.784
[Epoch 192] train_loss=0.4678  val_loss=3.7763  ACC=0.784  F1m=0.484  Top5=0.937  Top1=0.784
[Epoch 193] train_loss=0.4650  val_loss=3.7733  ACC=0.784  F1m=0.483  Top5=0.937  Top1=0.784
[Epoch 194] train_loss=0.4651  val_loss=3.7624  ACC=0.783  F1m=0.483  Top5=0.935  Top1=0.783
[Epoch 195] train_loss=0.4621  val_loss=3.7611  ACC=0.786  F1m=0.489  Top5=0.935  Top1=0.786
[Epoch 196] train_loss=0.4676  val_loss=3.7568  ACC=0.785  F1m=0.488  Top5=0.937  Top1=0.785
[Epoch 197] train_loss=0.4604  val_loss=3.7619  ACC=0.787  F1m=0.488  Top5=0.937  Top1=0.787
[Epoch 198] train_loss=0.4643  val_loss=3.7695  ACC=0.787  F1m=0.489  Top5=0.938  Top1=0.787
[Epoch 199] train_loss=0.4632  val_loss=3.7703  ACC=0.786  F1m=0.488  Top5=0.937  Top1=0.786
[Epoch 200] train_loss=0.4751  val_loss=3.7655  ACC=0.786  F1m=0.490  Top5=0.937  Top1=0.786
[Epoch 201] train_loss=0.4732  val_loss=3.7600  ACC=0.786  F1m=0.490  Top5=0.938  Top1=0.786
[Epoch 202] train_loss=0.4648  val_loss=3.7725  ACC=0.787  F1m=0.490  Top5=0.937  Top1=0.787
[Epoch 203] train_loss=0.4607  val_loss=3.7843  ACC=0.789  F1m=0.494  Top5=0.937  Top1=0.789
[Epoch 204] train_loss=0.4672  val_loss=3.7911  ACC=0.789  F1m=0.493  Top5=0.937  Top1=0.789
[Checkpoint] New best ACC=0.7892 at epoch 204. Saved to: /users/PAS2177/liu9756/DualChain-SelfAg_prediction/results/train_results/best_acc.pt
[Epoch 205] train_loss=0.4594  val_loss=3.7988  ACC=0.790  F1m=0.488  Top5=0.938  Top1=0.790
[Checkpoint] New best ACC=0.7897 at epoch 205. Saved to: /users/PAS2177/liu9756/DualChain-SelfAg_prediction/results/train_results/best_acc.pt
[Epoch 206] train_loss=0.4602  val_loss=3.8013  ACC=0.790  F1m=0.487  Top5=0.936  Top1=0.790
[Epoch 207] train_loss=0.4566  val_loss=3.7986  ACC=0.790  F1m=0.492  Top5=0.936  Top1=0.790
[Epoch 208] train_loss=0.4590  val_loss=3.7998  ACC=0.789  F1m=0.493  Top5=0.935  Top1=0.789
[Epoch 209] train_loss=0.4586  val_loss=3.8101  ACC=0.789  F1m=0.492  Top5=0.935  Top1=0.789
[Epoch 210] train_loss=0.4592  val_loss=3.8194  ACC=0.789  F1m=0.492  Top5=0.934  Top1=0.789
[Epoch 211] train_loss=0.4706  val_loss=3.8202  ACC=0.789  F1m=0.493  Top5=0.934  Top1=0.789
[Epoch 212] train_loss=0.4643  val_loss=3.8298  ACC=0.787  F1m=0.490  Top5=0.934  Top1=0.787
[Epoch 213] train_loss=0.4629  val_loss=3.8358  ACC=0.787  F1m=0.486  Top5=0.934  Top1=0.787
[Epoch 214] train_loss=0.4621  val_loss=3.8392  ACC=0.789  F1m=0.487  Top5=0.935  Top1=0.789
[Epoch 215] train_loss=0.4567  val_loss=3.8433  ACC=0.789  F1m=0.492  Top5=0.934  Top1=0.789
[Epoch 216] train_loss=0.4627  val_loss=3.8455  ACC=0.789  F1m=0.484  Top5=0.935  Top1=0.789
[Epoch 217] train_loss=0.4616  val_loss=3.8400  ACC=0.788  F1m=0.485  Top5=0.935  Top1=0.788
[Epoch 218] train_loss=0.4598  val_loss=3.8425  ACC=0.787  F1m=0.480  Top5=0.934  Top1=0.787
[Epoch 219] train_loss=0.4579  val_loss=3.8464  ACC=0.788  F1m=0.483  Top5=0.934  Top1=0.788
[Epoch 220] train_loss=0.4582  val_loss=3.8510  ACC=0.787  F1m=0.485  Top5=0.935  Top1=0.787
[Epoch 221] train_loss=0.4595  val_loss=3.8577  ACC=0.788  F1m=0.479  Top5=0.936  Top1=0.788
[Epoch 222] train_loss=0.4577  val_loss=3.8684  ACC=0.787  F1m=0.480  Top5=0.936  Top1=0.787
[Epoch 223] train_loss=0.4554  val_loss=3.8725  ACC=0.789  F1m=0.480  Top5=0.936  Top1=0.789
[Epoch 224] train_loss=0.4522  val_loss=3.8748  ACC=0.792  F1m=0.487  Top5=0.935  Top1=0.792
[Checkpoint] New best ACC=0.7917 at epoch 224. Saved to: /users/PAS2177/liu9756/DualChain-SelfAg_prediction/results/train_results/best_acc.pt
[Epoch 225] train_loss=0.4555  val_loss=3.8854  ACC=0.791  F1m=0.487  Top5=0.935  Top1=0.791
[Epoch 226] train_loss=0.4583  val_loss=3.8834  ACC=0.791  F1m=0.486  Top5=0.934  Top1=0.791
[Epoch 227] train_loss=0.4548  val_loss=3.8940  ACC=0.790  F1m=0.487  Top5=0.934  Top1=0.790
[Epoch 228] train_loss=0.4589  val_loss=3.8975  ACC=0.790  F1m=0.486  Top5=0.935  Top1=0.790
[Epoch 229] train_loss=0.4558  val_loss=3.8969  ACC=0.791  F1m=0.486  Top5=0.934  Top1=0.791
[Epoch 230] train_loss=0.4585  val_loss=3.8949  ACC=0.789  F1m=0.486  Top5=0.934  Top1=0.789
[Epoch 231] train_loss=0.4713  val_loss=3.8879  ACC=0.789  F1m=0.485  Top5=0.933  Top1=0.789
[Epoch 232] train_loss=0.4681  val_loss=3.8874  ACC=0.791  F1m=0.495  Top5=0.933  Top1=0.791
[Epoch 233] train_loss=0.4593  val_loss=3.8928  ACC=0.789  F1m=0.491  Top5=0.933  Top1=0.789
[Epoch 234] train_loss=0.4556  val_loss=3.8925  ACC=0.788  F1m=0.491  Top5=0.934  Top1=0.788
[Epoch 235] train_loss=0.4569  val_loss=3.8928  ACC=0.788  F1m=0.494  Top5=0.934  Top1=0.788
[Epoch 236] train_loss=0.4594  val_loss=3.8874  ACC=0.788  F1m=0.490  Top5=0.934  Top1=0.788
[Epoch 237] train_loss=0.4553  val_loss=3.8916  ACC=0.789  F1m=0.494  Top5=0.935  Top1=0.789
[Epoch 238] train_loss=0.4564  val_loss=3.8897  ACC=0.788  F1m=0.487  Top5=0.935  Top1=0.788
[Epoch 239] train_loss=0.4511  val_loss=3.8895  ACC=0.788  F1m=0.488  Top5=0.936  Top1=0.788
[Epoch 240] train_loss=0.4535  val_loss=3.9003  ACC=0.787  F1m=0.482  Top5=0.936  Top1=0.787
[Epoch 241] train_loss=0.4508  val_loss=3.9117  ACC=0.788  F1m=0.481  Top5=0.935  Top1=0.788
[Epoch 242] train_loss=0.4514  val_loss=3.9178  ACC=0.789  F1m=0.490  Top5=0.935  Top1=0.789
[Epoch 243] train_loss=0.4547  val_loss=3.9260  ACC=0.788  F1m=0.489  Top5=0.935  Top1=0.788
[Epoch 244] train_loss=0.4538  val_loss=3.9331  ACC=0.789  F1m=0.492  Top5=0.935  Top1=0.789
[Epoch 245] train_loss=0.4516  val_loss=3.9386  ACC=0.788  F1m=0.490  Top5=0.934  Top1=0.788
[Epoch 246] train_loss=0.4526  val_loss=3.9419  ACC=0.789  F1m=0.489  Top5=0.935  Top1=0.789
[Epoch 247] train_loss=0.4603  val_loss=3.9463  ACC=0.788  F1m=0.486  Top5=0.935  Top1=0.788
[Epoch 248] train_loss=0.4607  val_loss=3.9457  ACC=0.788  F1m=0.490  Top5=0.936  Top1=0.788
[Epoch 249] train_loss=0.4645  val_loss=3.9452  ACC=0.788  F1m=0.492  Top5=0.934  Top1=0.788
[Epoch 250] train_loss=0.4709  val_loss=3.9421  ACC=0.788  F1m=0.494  Top5=0.935  Top1=0.788
[Epoch 251] train_loss=0.4657  val_loss=3.9319  ACC=0.788  F1m=0.493  Top5=0.935  Top1=0.788
[Epoch 252] train_loss=0.4592  val_loss=3.9190  ACC=0.787  F1m=0.494  Top5=0.934  Top1=0.787
[Epoch 253] train_loss=0.4532  val_loss=3.9067  ACC=0.789  F1m=0.503  Top5=0.934  Top1=0.789
[Epoch 254] train_loss=0.4521  val_loss=3.8959  ACC=0.788  F1m=0.498  Top5=0.934  Top1=0.788
[Epoch 255] train_loss=0.4527  val_loss=3.8847  ACC=0.789  F1m=0.499  Top5=0.935  Top1=0.789
[Epoch 256] train_loss=0.4509  val_loss=3.8805  ACC=0.789  F1m=0.504  Top5=0.935  Top1=0.789
[Epoch 257] train_loss=0.4493  val_loss=3.8802  ACC=0.790  F1m=0.505  Top5=0.935  Top1=0.790
[Epoch 258] train_loss=0.4475  val_loss=3.8800  ACC=0.790  F1m=0.505  Top5=0.935  Top1=0.790
[Epoch 259] train_loss=0.4479  val_loss=3.8793  ACC=0.790  F1m=0.506  Top5=0.936  Top1=0.790
[Epoch 260] train_loss=0.4478  val_loss=3.8801  ACC=0.789  F1m=0.502  Top5=0.936  Top1=0.789
[Epoch 261] train_loss=0.4495  val_loss=3.8810  ACC=0.789  F1m=0.504  Top5=0.936  Top1=0.789
[Epoch 262] train_loss=0.4496  val_loss=3.8788  ACC=0.789  F1m=0.497  Top5=0.937  Top1=0.789
[Epoch 263] train_loss=0.4508  val_loss=3.8767  ACC=0.791  F1m=0.505  Top5=0.937  Top1=0.791
[Epoch 264] train_loss=0.4489  val_loss=3.8800  ACC=0.790  F1m=0.505  Top5=0.938  Top1=0.790
[Epoch 265] train_loss=0.4490  val_loss=3.8821  ACC=0.791  F1m=0.503  Top5=0.937  Top1=0.791
[Epoch 266] train_loss=0.4527  val_loss=3.8880  ACC=0.791  F1m=0.502  Top5=0.937  Top1=0.791
[Epoch 267] train_loss=0.4516  val_loss=3.8945  ACC=0.790  F1m=0.501  Top5=0.937  Top1=0.790
[Epoch 268] train_loss=0.4580  val_loss=3.8842  ACC=0.790  F1m=0.502  Top5=0.937  Top1=0.790
[Epoch 269] train_loss=0.4636  val_loss=3.8803  ACC=0.789  F1m=0.503  Top5=0.936  Top1=0.789
[Epoch 270] train_loss=0.4606  val_loss=3.8876  ACC=0.789  F1m=0.508  Top5=0.938  Top1=0.789
[Epoch 271] train_loss=0.4538  val_loss=3.8934  ACC=0.788  F1m=0.509  Top5=0.938  Top1=0.788
[Epoch 272] train_loss=0.4529  val_loss=3.8895  ACC=0.789  F1m=0.503  Top5=0.937  Top1=0.789
[Epoch 273] train_loss=0.4480  val_loss=3.8838  ACC=0.788  F1m=0.501  Top5=0.937  Top1=0.788
[Epoch 274] train_loss=0.4472  val_loss=3.8809  ACC=0.788  F1m=0.503  Top5=0.937  Top1=0.788
Early stop at epoch 274 (no improve 50/50).
[Temp scaling] learned T = 2.315

=== TEST ===  ACC=0.786  F1m=0.468  Top5=0.935  Top10=0.957
[Best Model Saved] /users/PAS2177/liu9756/DualChain-SelfAg_prediction/results/train_results/best_acc.pt (includes temperature).
Saved: /users/PAS2177/liu9756/DualChain-SelfAg_prediction/results/train_results/test_predictions.csv
